<?xml version="1.0" encoding="UTF-8"?>
<!-- Generated by org.testng.reporters.JUnitReportReporter -->
<testsuite hostname="DESKTOP-Q2OHRB1" failures="8" tests="41" name="com.propertymonitor.pages.ProjectSearchPage" time="198.896" errors="0" timestamp="2025-05-16T00:29:35 IST" skipped="0">
  <testcase classname="com.propertymonitor.pages.ProjectSearchPage" name="testSearchLocationUpdatesProjectCount" time="20.183"/>
  <testcase classname="com.propertymonitor.pages.ProjectSearchPage" name="testClearLocationUpdatesProjectCount" time="7.605"/>
  <testcase classname="com.propertymonitor.pages.ProjectSearchPage" name="testSelectApartmentUnitType" time="9.827"/>
  <testcase classname="com.propertymonitor.pages.ProjectSearchPage" name="testUnselectApartmentUnitType" time="7.859"/>
  <testcase classname="com.propertymonitor.pages.ProjectSearchPage" name="uncheckUpcomingSaleStatus" time="11.193"/>
  <testcase classname="com.propertymonitor.pages.ProjectSearchPage" name="selectUpcomingSaleStatus" time="5.169"/>
  <testcase classname="com.propertymonitor.pages.ProjectSearchPage" name="clickSearchDeveloper" time="31.523"/>
  <testcase classname="com.propertymonitor.pages.ProjectSearchPage" name="clickAdvanceFilter" time="2.974"/>
  <testcase classname="com.propertymonitor.pages.ProjectSearchPage" name="selectConstructionStatus" time="3.278">
    <failure message="Project count did not update after selecting an upcoming construction status." type="java.lang.AssertionError">
      <![CDATA[java.lang.AssertionError: Project count did not update after selecting an upcoming construction status.
at org.testng.Assert.fail(Assert.java:111)
at com.propertymonitor.pages.ProjectSearchPage.selectConstructionStatus(ProjectSearchPage.java:427)
at java.base/jdk.internal.reflect.DirectMethodHandleAccessor.invoke(DirectMethodHandleAccessor.java:104)
at java.base/java.lang.reflect.Method.invoke(Method.java:578)
at org.testng.internal.invokers.MethodInvocationHelper.invokeMethod(MethodInvocationHelper.java:141)
at org.testng.internal.invokers.TestInvoker.invokeMethod(TestInvoker.java:687)
at org.testng.internal.invokers.TestInvoker.invokeTestMethod(TestInvoker.java:230)
at org.testng.internal.invokers.MethodRunner.runInSequence(MethodRunner.java:63)
at org.testng.internal.invokers.TestInvoker$MethodInvocationAgent.invoke(TestInvoker.java:995)
at org.testng.internal.invokers.TestInvoker.invokeTestMethods(TestInvoker.java:203)
at org.testng.internal.invokers.TestMethodWorker.invokeTestMethods(TestMethodWorker.java:154)
at org.testng.internal.invokers.TestMethodWorker.run(TestMethodWorker.java:134)
at java.base/java.util.ArrayList.forEach(ArrayList.java:1511)
at org.testng.TestRunner.privateRun(TestRunner.java:741)
at org.testng.TestRunner.run(TestRunner.java:616)
at org.testng.SuiteRunner.runTest(SuiteRunner.java:421)
at org.testng.SuiteRunner.runSequentially(SuiteRunner.java:413)
at org.testng.SuiteRunner.privateRun(SuiteRunner.java:373)
at org.testng.SuiteRunner.run(SuiteRunner.java:312)
at org.testng.SuiteRunnerWorker.runSuite(SuiteRunnerWorker.java:52)
at org.testng.SuiteRunnerWorker.run(SuiteRunnerWorker.java:95)
at org.testng.TestNG.runSuitesSequentially(TestNG.java:1274)
at org.testng.TestNG.runSuitesLocally(TestNG.java:1208)
at org.testng.TestNG.runSuites(TestNG.java:1112)
at org.testng.TestNG.run(TestNG.java:1079)
at org.testng.remote.AbstractRemoteTestNG.run(AbstractRemoteTestNG.java:115)
at org.testng.remote.RemoteTestNG.initAndRun(RemoteTestNG.java:293)
at org.testng.remote.RemoteTestNG.main(RemoteTestNG.java:91)
]]>
    </failure>
  </testcase> <!-- selectConstructionStatus -->
  <testcase classname="com.propertymonitor.pages.ProjectSearchPage" name="clickSelectCalendar" time="2.442">
    <failure message="Project count did not update after selecting 2025 &#039;upcoming&#039; option on calendar" type="java.lang.AssertionError">
      <![CDATA[java.lang.AssertionError: Project count did not update after selecting 2025 'upcoming' option on calendar
at org.testng.Assert.fail(Assert.java:111)
at com.propertymonitor.pages.ProjectSearchPage.clickSelectCalendar(ProjectSearchPage.java:468)
at java.base/jdk.internal.reflect.DirectMethodHandleAccessor.invoke(DirectMethodHandleAccessor.java:104)
at java.base/java.lang.reflect.Method.invoke(Method.java:578)
at org.testng.internal.invokers.MethodInvocationHelper.invokeMethod(MethodInvocationHelper.java:141)
at org.testng.internal.invokers.TestInvoker.invokeMethod(TestInvoker.java:687)
at org.testng.internal.invokers.TestInvoker.invokeTestMethod(TestInvoker.java:230)
at org.testng.internal.invokers.MethodRunner.runInSequence(MethodRunner.java:63)
at org.testng.internal.invokers.TestInvoker$MethodInvocationAgent.invoke(TestInvoker.java:995)
at org.testng.internal.invokers.TestInvoker.invokeTestMethods(TestInvoker.java:203)
at org.testng.internal.invokers.TestMethodWorker.invokeTestMethods(TestMethodWorker.java:154)
at org.testng.internal.invokers.TestMethodWorker.run(TestMethodWorker.java:134)
at java.base/java.util.ArrayList.forEach(ArrayList.java:1511)
at org.testng.TestRunner.privateRun(TestRunner.java:741)
at org.testng.TestRunner.run(TestRunner.java:616)
at org.testng.SuiteRunner.runTest(SuiteRunner.java:421)
at org.testng.SuiteRunner.runSequentially(SuiteRunner.java:413)
at org.testng.SuiteRunner.privateRun(SuiteRunner.java:373)
at org.testng.SuiteRunner.run(SuiteRunner.java:312)
at org.testng.SuiteRunnerWorker.runSuite(SuiteRunnerWorker.java:52)
at org.testng.SuiteRunnerWorker.run(SuiteRunnerWorker.java:95)
at org.testng.TestNG.runSuitesSequentially(TestNG.java:1274)
at org.testng.TestNG.runSuitesLocally(TestNG.java:1208)
at org.testng.TestNG.runSuites(TestNG.java:1112)
at org.testng.TestNG.run(TestNG.java:1079)
at org.testng.remote.AbstractRemoteTestNG.run(AbstractRemoteTestNG.java:115)
at org.testng.remote.RemoteTestNG.initAndRun(RemoteTestNG.java:293)
at org.testng.remote.RemoteTestNG.main(RemoteTestNG.java:91)
]]>
    </failure>
  </testcase> <!-- clickSelectCalendar -->
  <testcase classname="com.propertymonitor.pages.ProjectSearchPage" name="clickUnSelectCalendar" time="1.120"/>
  <testcase classname="com.propertymonitor.pages.ProjectSearchPage" name="clickSelectSalesStartDate" time="2.449"/>
  <testcase classname="com.propertymonitor.pages.ProjectSearchPage" name="clickUnSelectSalesStartDate" time="1.399"/>
  <testcase classname="com.propertymonitor.pages.ProjectSearchPage" name="inputMinMaxCompletionPercentage" time="4.318"/>
  <testcase classname="com.propertymonitor.pages.ProjectSearchPage" name="resetMinMaxCompletionPercentage" time="5.320"/>
  <testcase classname="com.propertymonitor.pages.ProjectSearchPage" name="selectBedroomLabel" time="1.563"/>
  <testcase classname="com.propertymonitor.pages.ProjectSearchPage" name="unSelectBedroomLabel" time="1.489"/>
  <testcase classname="com.propertymonitor.pages.ProjectSearchPage" name="inputBuiltupValue" time="6.091"/>
  <testcase classname="com.propertymonitor.pages.ProjectSearchPage" name="resetBuiltupValue" time="3.040"/>
  <testcase classname="com.propertymonitor.pages.ProjectSearchPage" name="inputPlotAreaValue" time="6.045"/>
  <testcase classname="com.propertymonitor.pages.ProjectSearchPage" name="resetPlotAreaValue" time="2.554"/>
  <testcase classname="com.propertymonitor.pages.ProjectSearchPage" name="inputDownPaymentValue" time="5.375"/>
  <testcase classname="com.propertymonitor.pages.ProjectSearchPage" name="resetDownPaymentValue" time="2.718"/>
  <testcase classname="com.propertymonitor.pages.ProjectSearchPage" name="clickPaymentField" time="2.594"/>
  <testcase classname="com.propertymonitor.pages.ProjectSearchPage" name="unSelectPaymentField" time="1.940"/>
  <testcase classname="com.propertymonitor.pages.ProjectSearchPage" name="clickSelectDld" time="2.400"/>
  <testcase classname="com.propertymonitor.pages.ProjectSearchPage" name="unSelectDld" time="2.610"/>
  <testcase classname="com.propertymonitor.pages.ProjectSearchPage" name="inputBrokerCommissionValue" time="4.374"/>
  <testcase classname="com.propertymonitor.pages.ProjectSearchPage" name="resetBrokerCommissionValue" time="3.648">
    <failure message="Project count did not update after user Reset Min and Max value of Broker commisison" type="java.lang.AssertionError">
      <![CDATA[java.lang.AssertionError: Project count did not update after user Reset Min and Max value of Broker commisison
at org.testng.Assert.fail(Assert.java:111)
at com.propertymonitor.pages.ProjectSearchPage.resetBrokerCommissionValue(ProjectSearchPage.java:1060)
at java.base/jdk.internal.reflect.DirectMethodHandleAccessor.invoke(DirectMethodHandleAccessor.java:104)
at java.base/java.lang.reflect.Method.invoke(Method.java:578)
at org.testng.internal.invokers.MethodInvocationHelper.invokeMethod(MethodInvocationHelper.java:141)
at org.testng.internal.invokers.TestInvoker.invokeMethod(TestInvoker.java:687)
at org.testng.internal.invokers.TestInvoker.invokeTestMethod(TestInvoker.java:230)
at org.testng.internal.invokers.MethodRunner.runInSequence(MethodRunner.java:63)
at org.testng.internal.invokers.TestInvoker$MethodInvocationAgent.invoke(TestInvoker.java:995)
at org.testng.internal.invokers.TestInvoker.invokeTestMethods(TestInvoker.java:203)
at org.testng.internal.invokers.TestMethodWorker.invokeTestMethods(TestMethodWorker.java:154)
at org.testng.internal.invokers.TestMethodWorker.run(TestMethodWorker.java:134)
at java.base/java.util.ArrayList.forEach(ArrayList.java:1511)
at org.testng.TestRunner.privateRun(TestRunner.java:741)
at org.testng.TestRunner.run(TestRunner.java:616)
at org.testng.SuiteRunner.runTest(SuiteRunner.java:421)
at org.testng.SuiteRunner.runSequentially(SuiteRunner.java:413)
at org.testng.SuiteRunner.privateRun(SuiteRunner.java:373)
at org.testng.SuiteRunner.run(SuiteRunner.java:312)
at org.testng.SuiteRunnerWorker.runSuite(SuiteRunnerWorker.java:52)
at org.testng.SuiteRunnerWorker.run(SuiteRunnerWorker.java:95)
at org.testng.TestNG.runSuitesSequentially(TestNG.java:1274)
at org.testng.TestNG.runSuitesLocally(TestNG.java:1208)
at org.testng.TestNG.runSuites(TestNG.java:1112)
at org.testng.TestNG.run(TestNG.java:1079)
at org.testng.remote.AbstractRemoteTestNG.run(AbstractRemoteTestNG.java:115)
at org.testng.remote.RemoteTestNG.initAndRun(RemoteTestNG.java:293)
at org.testng.remote.RemoteTestNG.main(RemoteTestNG.java:91)
]]>
    </failure>
  </testcase> <!-- resetBrokerCommissionValue -->
  <testcase classname="com.propertymonitor.pages.ProjectSearchPage" name="heightClassFilter" time="3.425">
    <failure message="Project count did not update after user selected the Mid Rise option" type="java.lang.AssertionError">
      <![CDATA[java.lang.AssertionError: Project count did not update after user selected the Mid Rise option
at org.testng.Assert.fail(Assert.java:111)
at com.propertymonitor.pages.ProjectSearchPage.heightClassFilter(ProjectSearchPage.java:1091)
at java.base/jdk.internal.reflect.DirectMethodHandleAccessor.invoke(DirectMethodHandleAccessor.java:104)
at java.base/java.lang.reflect.Method.invoke(Method.java:578)
at org.testng.internal.invokers.MethodInvocationHelper.invokeMethod(MethodInvocationHelper.java:141)
at org.testng.internal.invokers.TestInvoker.invokeMethod(TestInvoker.java:687)
at org.testng.internal.invokers.TestInvoker.invokeTestMethod(TestInvoker.java:230)
at org.testng.internal.invokers.MethodRunner.runInSequence(MethodRunner.java:63)
at org.testng.internal.invokers.TestInvoker$MethodInvocationAgent.invoke(TestInvoker.java:995)
at org.testng.internal.invokers.TestInvoker.invokeTestMethods(TestInvoker.java:203)
at org.testng.internal.invokers.TestMethodWorker.invokeTestMethods(TestMethodWorker.java:154)
at org.testng.internal.invokers.TestMethodWorker.run(TestMethodWorker.java:134)
at java.base/java.util.ArrayList.forEach(ArrayList.java:1511)
at org.testng.TestRunner.privateRun(TestRunner.java:741)
at org.testng.TestRunner.run(TestRunner.java:616)
at org.testng.SuiteRunner.runTest(SuiteRunner.java:421)
at org.testng.SuiteRunner.runSequentially(SuiteRunner.java:413)
at org.testng.SuiteRunner.privateRun(SuiteRunner.java:373)
at org.testng.SuiteRunner.run(SuiteRunner.java:312)
at org.testng.SuiteRunnerWorker.runSuite(SuiteRunnerWorker.java:52)
at org.testng.SuiteRunnerWorker.run(SuiteRunnerWorker.java:95)
at org.testng.TestNG.runSuitesSequentially(TestNG.java:1274)
at org.testng.TestNG.runSuitesLocally(TestNG.java:1208)
at org.testng.TestNG.runSuites(TestNG.java:1112)
at org.testng.TestNG.run(TestNG.java:1079)
at org.testng.remote.AbstractRemoteTestNG.run(AbstractRemoteTestNG.java:115)
at org.testng.remote.RemoteTestNG.initAndRun(RemoteTestNG.java:293)
at org.testng.remote.RemoteTestNG.main(RemoteTestNG.java:91)
]]>
    </failure>
  </testcase> <!-- heightClassFilter -->
  <testcase classname="com.propertymonitor.pages.ProjectSearchPage" name="unSelectheightClassFilter" time="3.063"/>
  <testcase classname="com.propertymonitor.pages.ProjectSearchPage" name="selectBrandFilter" time="5.218"/>
  <testcase classname="com.propertymonitor.pages.ProjectSearchPage" name="unSelectBrandFilter" time="4.665"/>
  <testcase classname="com.propertymonitor.pages.ProjectSearchPage" name="clickFurnishingFilter" time="2.039">
    <failure message="Project count did not update after user selected the &#039;Partially Furnished&#039; option" type="java.lang.AssertionError">
      <![CDATA[java.lang.AssertionError: Project count did not update after user selected the 'Partially Furnished' option
at org.testng.Assert.fail(Assert.java:111)
at com.propertymonitor.pages.ProjectSearchPage.clickFurnishingFilter(ProjectSearchPage.java:1226)
at java.base/jdk.internal.reflect.DirectMethodHandleAccessor.invoke(DirectMethodHandleAccessor.java:104)
at java.base/java.lang.reflect.Method.invoke(Method.java:578)
at org.testng.internal.invokers.MethodInvocationHelper.invokeMethod(MethodInvocationHelper.java:141)
at org.testng.internal.invokers.TestInvoker.invokeMethod(TestInvoker.java:687)
at org.testng.internal.invokers.TestInvoker.invokeTestMethod(TestInvoker.java:230)
at org.testng.internal.invokers.MethodRunner.runInSequence(MethodRunner.java:63)
at org.testng.internal.invokers.TestInvoker$MethodInvocationAgent.invoke(TestInvoker.java:995)
at org.testng.internal.invokers.TestInvoker.invokeTestMethods(TestInvoker.java:203)
at org.testng.internal.invokers.TestMethodWorker.invokeTestMethods(TestMethodWorker.java:154)
at org.testng.internal.invokers.TestMethodWorker.run(TestMethodWorker.java:134)
at java.base/java.util.ArrayList.forEach(ArrayList.java:1511)
at org.testng.TestRunner.privateRun(TestRunner.java:741)
at org.testng.TestRunner.run(TestRunner.java:616)
at org.testng.SuiteRunner.runTest(SuiteRunner.java:421)
at org.testng.SuiteRunner.runSequentially(SuiteRunner.java:413)
at org.testng.SuiteRunner.privateRun(SuiteRunner.java:373)
at org.testng.SuiteRunner.run(SuiteRunner.java:312)
at org.testng.SuiteRunnerWorker.runSuite(SuiteRunnerWorker.java:52)
at org.testng.SuiteRunnerWorker.run(SuiteRunnerWorker.java:95)
at org.testng.TestNG.runSuitesSequentially(TestNG.java:1274)
at org.testng.TestNG.runSuitesLocally(TestNG.java:1208)
at org.testng.TestNG.runSuites(TestNG.java:1112)
at org.testng.TestNG.run(TestNG.java:1079)
at org.testng.remote.AbstractRemoteTestNG.run(AbstractRemoteTestNG.java:115)
at org.testng.remote.RemoteTestNG.initAndRun(RemoteTestNG.java:293)
at org.testng.remote.RemoteTestNG.main(RemoteTestNG.java:91)
]]>
    </failure>
  </testcase> <!-- clickFurnishingFilter -->
  <testcase classname="com.propertymonitor.pages.ProjectSearchPage" name="unSelectFurnishingFilter" time="2.324">
    <failure message="Project count did not update after user unselected the &#039;Partially Furnished&#039; option" type="java.lang.AssertionError">
      <![CDATA[java.lang.AssertionError: Project count did not update after user unselected the 'Partially Furnished' option
at org.testng.Assert.fail(Assert.java:111)
at com.propertymonitor.pages.ProjectSearchPage.unSelectFurnishingFilter(ProjectSearchPage.java:1257)
at java.base/jdk.internal.reflect.DirectMethodHandleAccessor.invoke(DirectMethodHandleAccessor.java:104)
at java.base/java.lang.reflect.Method.invoke(Method.java:578)
at org.testng.internal.invokers.MethodInvocationHelper.invokeMethod(MethodInvocationHelper.java:141)
at org.testng.internal.invokers.TestInvoker.invokeMethod(TestInvoker.java:687)
at org.testng.internal.invokers.TestInvoker.invokeTestMethod(TestInvoker.java:230)
at org.testng.internal.invokers.MethodRunner.runInSequence(MethodRunner.java:63)
at org.testng.internal.invokers.TestInvoker$MethodInvocationAgent.invoke(TestInvoker.java:995)
at org.testng.internal.invokers.TestInvoker.invokeTestMethods(TestInvoker.java:203)
at org.testng.internal.invokers.TestMethodWorker.invokeTestMethods(TestMethodWorker.java:154)
at org.testng.internal.invokers.TestMethodWorker.run(TestMethodWorker.java:134)
at java.base/java.util.ArrayList.forEach(ArrayList.java:1511)
at org.testng.TestRunner.privateRun(TestRunner.java:741)
at org.testng.TestRunner.run(TestRunner.java:616)
at org.testng.SuiteRunner.runTest(SuiteRunner.java:421)
at org.testng.SuiteRunner.runSequentially(SuiteRunner.java:413)
at org.testng.SuiteRunner.privateRun(SuiteRunner.java:373)
at org.testng.SuiteRunner.run(SuiteRunner.java:312)
at org.testng.SuiteRunnerWorker.runSuite(SuiteRunnerWorker.java:52)
at org.testng.SuiteRunnerWorker.run(SuiteRunnerWorker.java:95)
at org.testng.TestNG.runSuitesSequentially(TestNG.java:1274)
at org.testng.TestNG.runSuitesLocally(TestNG.java:1208)
at org.testng.TestNG.runSuites(TestNG.java:1112)
at org.testng.TestNG.run(TestNG.java:1079)
at org.testng.remote.AbstractRemoteTestNG.run(AbstractRemoteTestNG.java:115)
at org.testng.remote.RemoteTestNG.initAndRun(RemoteTestNG.java:293)
at org.testng.remote.RemoteTestNG.main(RemoteTestNG.java:91)
]]>
    </failure>
  </testcase> <!-- unSelectFurnishingFilter -->
  <testcase classname="com.propertymonitor.pages.ProjectSearchPage" name="clickKitchenFilter" time="2.596">
    <failure message="Project count did not update after user selected the &#039;Partially equipped&#039; kitchen option" type="java.lang.AssertionError">
      <![CDATA[java.lang.AssertionError: Project count did not update after user selected the 'Partially equipped' kitchen option
at org.testng.Assert.fail(Assert.java:111)
at com.propertymonitor.pages.ProjectSearchPage.clickKitchenFilter(ProjectSearchPage.java:1288)
at java.base/jdk.internal.reflect.DirectMethodHandleAccessor.invoke(DirectMethodHandleAccessor.java:104)
at java.base/java.lang.reflect.Method.invoke(Method.java:578)
at org.testng.internal.invokers.MethodInvocationHelper.invokeMethod(MethodInvocationHelper.java:141)
at org.testng.internal.invokers.TestInvoker.invokeMethod(TestInvoker.java:687)
at org.testng.internal.invokers.TestInvoker.invokeTestMethod(TestInvoker.java:230)
at org.testng.internal.invokers.MethodRunner.runInSequence(MethodRunner.java:63)
at org.testng.internal.invokers.TestInvoker$MethodInvocationAgent.invoke(TestInvoker.java:995)
at org.testng.internal.invokers.TestInvoker.invokeTestMethods(TestInvoker.java:203)
at org.testng.internal.invokers.TestMethodWorker.invokeTestMethods(TestMethodWorker.java:154)
at org.testng.internal.invokers.TestMethodWorker.run(TestMethodWorker.java:134)
at java.base/java.util.ArrayList.forEach(ArrayList.java:1511)
at org.testng.TestRunner.privateRun(TestRunner.java:741)
at org.testng.TestRunner.run(TestRunner.java:616)
at org.testng.SuiteRunner.runTest(SuiteRunner.java:421)
at org.testng.SuiteRunner.runSequentially(SuiteRunner.java:413)
at org.testng.SuiteRunner.privateRun(SuiteRunner.java:373)
at org.testng.SuiteRunner.run(SuiteRunner.java:312)
at org.testng.SuiteRunnerWorker.runSuite(SuiteRunnerWorker.java:52)
at org.testng.SuiteRunnerWorker.run(SuiteRunnerWorker.java:95)
at org.testng.TestNG.runSuitesSequentially(TestNG.java:1274)
at org.testng.TestNG.runSuitesLocally(TestNG.java:1208)
at org.testng.TestNG.runSuites(TestNG.java:1112)
at org.testng.TestNG.run(TestNG.java:1079)
at org.testng.remote.AbstractRemoteTestNG.run(AbstractRemoteTestNG.java:115)
at org.testng.remote.RemoteTestNG.initAndRun(RemoteTestNG.java:293)
at org.testng.remote.RemoteTestNG.main(RemoteTestNG.java:91)
]]>
    </failure>
  </testcase> <!-- clickKitchenFilter -->
  <testcase classname="com.propertymonitor.pages.ProjectSearchPage" name="unSelectKitchenFilter" time="2.177">
    <failure message="Project count did not update after user unselected the &#039;Partially equipped&#039; kitchen option" type="java.lang.AssertionError">
      <![CDATA[java.lang.AssertionError: Project count did not update after user unselected the 'Partially equipped' kitchen option
at org.testng.Assert.fail(Assert.java:111)
at com.propertymonitor.pages.ProjectSearchPage.unSelectKitchenFilter(ProjectSearchPage.java:1319)
at java.base/jdk.internal.reflect.DirectMethodHandleAccessor.invoke(DirectMethodHandleAccessor.java:104)
at java.base/java.lang.reflect.Method.invoke(Method.java:578)
at org.testng.internal.invokers.MethodInvocationHelper.invokeMethod(MethodInvocationHelper.java:141)
at org.testng.internal.invokers.TestInvoker.invokeMethod(TestInvoker.java:687)
at org.testng.internal.invokers.TestInvoker.invokeTestMethod(TestInvoker.java:230)
at org.testng.internal.invokers.MethodRunner.runInSequence(MethodRunner.java:63)
at org.testng.internal.invokers.TestInvoker$MethodInvocationAgent.invoke(TestInvoker.java:995)
at org.testng.internal.invokers.TestInvoker.invokeTestMethods(TestInvoker.java:203)
at org.testng.internal.invokers.TestMethodWorker.invokeTestMethods(TestMethodWorker.java:154)
at org.testng.internal.invokers.TestMethodWorker.run(TestMethodWorker.java:134)
at java.base/java.util.ArrayList.forEach(ArrayList.java:1511)
at org.testng.TestRunner.privateRun(TestRunner.java:741)
at org.testng.TestRunner.run(TestRunner.java:616)
at org.testng.SuiteRunner.runTest(SuiteRunner.java:421)
at org.testng.SuiteRunner.runSequentially(SuiteRunner.java:413)
at org.testng.SuiteRunner.privateRun(SuiteRunner.java:373)
at org.testng.SuiteRunner.run(SuiteRunner.java:312)
at org.testng.SuiteRunnerWorker.runSuite(SuiteRunnerWorker.java:52)
at org.testng.SuiteRunnerWorker.run(SuiteRunnerWorker.java:95)
at org.testng.TestNG.runSuitesSequentially(TestNG.java:1274)
at org.testng.TestNG.runSuitesLocally(TestNG.java:1208)
at org.testng.TestNG.runSuites(TestNG.java:1112)
at org.testng.TestNG.run(TestNG.java:1079)
at org.testng.remote.AbstractRemoteTestNG.run(AbstractRemoteTestNG.java:115)
at org.testng.remote.RemoteTestNG.initAndRun(RemoteTestNG.java:293)
at org.testng.remote.RemoteTestNG.main(RemoteTestNG.java:91)
]]>
    </failure>
  </testcase> <!-- unSelectKitchenFilter -->
  <testcase classname="com.propertymonitor.pages.ProjectSearchPage" name="selectMultipleAmenities" time="2.946"/>
  <testcase classname="com.propertymonitor.pages.ProjectSearchPage" name="clickResetFilter" time="1.966"/>
  <testcase classname="com.propertymonitor.pages.ProjectSearchPage" name="clickApplyButton" time="3.338"/>
  <testcase classname="com.propertymonitor.pages.ProjectSearchPage" name="verifyHeatMapSelected" time="2.039"/>
</testsuite> <!-- com.propertymonitor.pages.ProjectSearchPage -->
