<?xml version="1.0" encoding="UTF-8"?>
<!-- Generated by org.testng.reporters.JUnitXMLReporter -->
<testsuite ignored="2" hostname="DESKTOP-Q2OHRB1" failures="8" tests="43" name="Regression Tests" time="217.557" errors="0" timestamp="2025-05-16T00:29:35 IST">
  <testcase classname="com.propertymonitor.pages.LoginPage" name="testValidLogin" time="0.057"/>
  <testcase classname="com.propertymonitor.pages.LoginPage" name="verifyProjectSearchPageURL" time="0.027"/>
  <testcase classname="com.propertymonitor.pages.ProjectSearchPage" name="testSearchLocationUpdatesProjectCount" time="20.183"/>
  <testcase classname="com.propertymonitor.pages.ProjectSearchPage" name="testClearLocationUpdatesProjectCount" time="7.605"/>
  <testcase classname="com.propertymonitor.pages.ProjectSearchPage" name="testSelectApartmentUnitType" time="9.827"/>
  <testcase classname="com.propertymonitor.pages.ProjectSearchPage" name="testUnselectApartmentUnitType" time="7.859"/>
  <testcase classname="com.propertymonitor.pages.ProjectSearchPage" name="uncheckUpcomingSaleStatus" time="11.193"/>
  <testcase classname="com.propertymonitor.pages.ProjectSearchPage" name="selectUpcomingSaleStatus" time="5.169"/>
  <testcase classname="com.propertymonitor.pages.ProjectSearchPage" name="clickSearchDeveloper" time="31.523"/>
  <testcase classname="com.propertymonitor.pages.ProjectSearchPage" name="clickAdvanceFilter" time="2.974"/>
  <testcase classname="com.propertymonitor.pages.ProjectSearchPage" name="selectConstructionStatus" time="3.278">
    <failure type="java.lang.AssertionError" message="Project count did not update after selecting an upcoming construction status.">
      <![CDATA[java.lang.AssertionError: Project count did not update after selecting an upcoming construction status.
at com.propertymonitor.pages.ProjectSearchPage.selectConstructionStatus(ProjectSearchPage.java:427)
at java.base/java.util.ArrayList.forEach(ArrayList.java:1511)
... Removed 26 stack frames]]>
    </failure>
  </testcase> <!-- selectConstructionStatus -->
  <testcase classname="com.propertymonitor.pages.ProjectSearchPage" name="clickSelectCalendar" time="2.442">
    <failure type="java.lang.AssertionError" message="Project count did not update after selecting 2025 &amp;apos;upcoming&amp;apos; option on calendar">
      <![CDATA[java.lang.AssertionError: Project count did not update after selecting 2025 'upcoming' option on calendar
at com.propertymonitor.pages.ProjectSearchPage.clickSelectCalendar(ProjectSearchPage.java:468)
at java.base/java.util.ArrayList.forEach(ArrayList.java:1511)
... Removed 26 stack frames]]>
    </failure>
  </testcase> <!-- clickSelectCalendar -->
  <testcase classname="com.propertymonitor.pages.ProjectSearchPage" name="clickUnSelectCalendar" time="1.12"/>
  <testcase classname="com.propertymonitor.pages.ProjectSearchPage" name="clickSelectSalesStartDate" time="2.449"/>
  <testcase classname="com.propertymonitor.pages.ProjectSearchPage" name="clickUnSelectSalesStartDate" time="1.399"/>
  <testcase classname="com.propertymonitor.pages.ProjectSearchPage" name="inputMinMaxCompletionPercentage" time="4.318"/>
  <testcase classname="com.propertymonitor.pages.ProjectSearchPage" name="resetMinMaxCompletionPercentage" time="5.32"/>
  <testcase classname="com.propertymonitor.pages.ProjectSearchPage" name="selectBedroomLabel" time="1.563"/>
  <testcase classname="com.propertymonitor.pages.ProjectSearchPage" name="unSelectBedroomLabel" time="1.489"/>
  <testcase classname="com.propertymonitor.pages.ProjectSearchPage" name="inputBuiltupValue" time="6.091"/>
  <testcase classname="com.propertymonitor.pages.ProjectSearchPage" name="inputPlotAreaValue" time="6.045"/>
  <testcase classname="com.propertymonitor.pages.ProjectSearchPage" name="resetBuiltupValue" time="3.04"/>
  <testcase classname="com.propertymonitor.pages.ProjectSearchPage" name="resetPlotAreaValue" time="2.554"/>
  <testcase classname="com.propertymonitor.pages.ProjectSearchPage" name="inputDownPaymentValue" time="5.375"/>
  <testcase classname="com.propertymonitor.pages.ProjectSearchPage" name="resetDownPaymentValue" time="2.718"/>
  <testcase classname="com.propertymonitor.pages.ProjectSearchPage" name="clickPaymentField" time="2.594"/>
  <testcase classname="com.propertymonitor.pages.ProjectSearchPage" name="unSelectPaymentField" time="1.94"/>
  <testcase classname="com.propertymonitor.pages.ProjectSearchPage" name="clickSelectDld" time="2.4"/>
  <testcase classname="com.propertymonitor.pages.ProjectSearchPage" name="unSelectDld" time="2.61"/>
  <testcase classname="com.propertymonitor.pages.ProjectSearchPage" name="inputBrokerCommissionValue" time="4.374"/>
  <testcase classname="com.propertymonitor.pages.ProjectSearchPage" name="resetBrokerCommissionValue" time="3.648">
    <failure type="java.lang.AssertionError" message="Project count did not update after user Reset Min and Max value of Broker commisison">
      <![CDATA[java.lang.AssertionError: Project count did not update after user Reset Min and Max value of Broker commisison
at com.propertymonitor.pages.ProjectSearchPage.resetBrokerCommissionValue(ProjectSearchPage.java:1060)
at java.base/java.util.ArrayList.forEach(ArrayList.java:1511)
... Removed 26 stack frames]]>
    </failure>
  </testcase> <!-- resetBrokerCommissionValue -->
  <testcase classname="com.propertymonitor.pages.ProjectSearchPage" name="heightClassFilter" time="3.425">
    <failure type="java.lang.AssertionError" message="Project count did not update after user selected the Mid Rise option">
      <![CDATA[java.lang.AssertionError: Project count did not update after user selected the Mid Rise option
at com.propertymonitor.pages.ProjectSearchPage.heightClassFilter(ProjectSearchPage.java:1091)
at java.base/java.util.ArrayList.forEach(ArrayList.java:1511)
... Removed 26 stack frames]]>
    </failure>
  </testcase> <!-- heightClassFilter -->
  <testcase classname="com.propertymonitor.pages.ProjectSearchPage" name="unSelectheightClassFilter" time="3.063"/>
  <testcase classname="com.propertymonitor.pages.ProjectSearchPage" name="selectBrandFilter" time="5.218"/>
  <testcase classname="com.propertymonitor.pages.ProjectSearchPage" name="unSelectBrandFilter" time="4.665"/>
  <testcase classname="com.propertymonitor.pages.ProjectSearchPage" name="clickFurnishingFilter" time="2.039">
    <failure type="java.lang.AssertionError" message="Project count did not update after user selected the &amp;apos;Partially Furnished&amp;apos; option">
      <![CDATA[java.lang.AssertionError: Project count did not update after user selected the 'Partially Furnished' option
at com.propertymonitor.pages.ProjectSearchPage.clickFurnishingFilter(ProjectSearchPage.java:1226)
at java.base/java.util.ArrayList.forEach(ArrayList.java:1511)
... Removed 26 stack frames]]>
    </failure>
  </testcase> <!-- clickFurnishingFilter -->
  <testcase classname="com.propertymonitor.pages.ProjectSearchPage" name="unSelectFurnishingFilter" time="2.324">
    <failure type="java.lang.AssertionError" message="Project count did not update after user unselected the &amp;apos;Partially Furnished&amp;apos; option">
      <![CDATA[java.lang.AssertionError: Project count did not update after user unselected the 'Partially Furnished' option
at com.propertymonitor.pages.ProjectSearchPage.unSelectFurnishingFilter(ProjectSearchPage.java:1257)
at java.base/java.util.ArrayList.forEach(ArrayList.java:1511)
... Removed 26 stack frames]]>
    </failure>
  </testcase> <!-- unSelectFurnishingFilter -->
  <testcase classname="com.propertymonitor.pages.ProjectSearchPage" name="clickKitchenFilter" time="2.596">
    <failure type="java.lang.AssertionError" message="Project count did not update after user selected the &amp;apos;Partially equipped&amp;apos; kitchen option">
      <![CDATA[java.lang.AssertionError: Project count did not update after user selected the 'Partially equipped' kitchen option
at com.propertymonitor.pages.ProjectSearchPage.clickKitchenFilter(ProjectSearchPage.java:1288)
at java.base/java.util.ArrayList.forEach(ArrayList.java:1511)
... Removed 26 stack frames]]>
    </failure>
  </testcase> <!-- clickKitchenFilter -->
  <testcase classname="com.propertymonitor.pages.ProjectSearchPage" name="unSelectKitchenFilter" time="2.177">
    <failure type="java.lang.AssertionError" message="Project count did not update after user unselected the &amp;apos;Partially equipped&amp;apos; kitchen option">
      <![CDATA[java.lang.AssertionError: Project count did not update after user unselected the 'Partially equipped' kitchen option
at com.propertymonitor.pages.ProjectSearchPage.unSelectKitchenFilter(ProjectSearchPage.java:1319)
at java.base/java.util.ArrayList.forEach(ArrayList.java:1511)
... Removed 26 stack frames]]>
    </failure>
  </testcase> <!-- unSelectKitchenFilter -->
  <testcase classname="com.propertymonitor.pages.ProjectSearchPage" name="selectMultipleAmenities" time="2.946"/>
  <testcase classname="com.propertymonitor.pages.ProjectSearchPage" name="clickResetFilter" time="1.966"/>
  <testcase classname="com.propertymonitor.pages.ProjectSearchPage" name="clickApplyButton" time="3.338"/>
  <testcase classname="com.propertymonitor.pages.ProjectSearchPage" name="verifyHeatMapSelected" time="2.039"/>
  <testcase classname="com.propertymonitor.base.BaseTest" name="@BeforeSuite initializeDriver" time="0.0">
    <ignored/>
  </testcase> <!-- @BeforeSuite initializeDriver -->
  <testcase classname="com.propertymonitor.base.BaseTest" name="@BeforeSuite initializeDriver" time="0.0">
    <ignored/>
  </testcase> <!-- @BeforeSuite initializeDriver -->
</testsuite> <!-- Regression Tests -->
