<html>
<head>
<title>TestNG:  Regression Tests</title>
<link href="../testng.css" rel="stylesheet" type="text/css" />
<link href="../my-testng.css" rel="stylesheet" type="text/css" />

<style type="text/css">
.log { display: none;} 
.stack-trace { display: none;} 
</style>
<script type="text/javascript">
<!--
function flip(e) {
  current = e.style.display;
  if (current == 'block') {
    e.style.display = 'none';
    return 0;
  }
  else {
    e.style.display = 'block';
    return 1;
  }
}

function toggleBox(szDivId, elem, msg1, msg2)
{
  var res = -1;  if (document.getElementById) {
    res = flip(document.getElementById(szDivId));
  }
  else if (document.all) {
    // this is the way old msie versions work
    res = flip(document.all[szDivId]);
  }
  if(elem) {
    if(res == 0) elem.innerHTML = msg1; else elem.innerHTML = msg2;
  }

}

function toggleAllBoxes() {
  if (document.getElementsByTagName) {
    d = document.getElementsByTagName('div');
    for (i = 0; i < d.length; i++) {
      if (d[i].className == 'log') {
        flip(d[i]);
      }
    }
  }
}

// -->
</script>

</head>
<body>
<h2 align='center'>Regression Tests</h2><table border='1' align="center">
<tr>
<td>Tests passed/Failed/Skipped:</td><td>35/8/0</td>
</tr><tr>
<td>Started on:</td><td>Fri May 16 00:25:57 IST 2025</td>
</tr>
<tr><td>Total time:</td><td>217 seconds (217557 ms)</td>
</tr><tr>
<td>Included groups:</td><td></td>
</tr><tr>
<td>Excluded groups:</td><td></td>
</tr>
</table><p/>
<small><i>(Hover the method name to see the test class name)</i></small><p/>
<table width='100%' border='1' class='invocation-failed'>
<tr><td colspan='4' align='center'><b>FAILED TESTS</b></td></tr>
<tr><td><b>Test method</b></td>
<td><b>Attribute(s)</b></td>
<td width="30%"><b>Exception</b></td>
<td width="10%"><b>Time (seconds)</b></td>
<td><b>Instance</b></td>
</tr>
<tr>
<td title='com.propertymonitor.pages.ProjectSearchPage.unSelectKitchenFilter()'><b>unSelectKitchenFilter</b><br>Test class: com.propertymonitor.pages.ProjectSearchPage</td>
<td><div><pre>java.lang.AssertionError: Project count did not update after user unselected the &apos;Partially equipped&apos; kitchen option
	at com.propertymonitor.pages.ProjectSearchPage.unSelectKitchenFilter(ProjectSearchPage.java:1319)
	at java.base/java.util.ArrayList.forEach(ArrayList.java:1511)
... Removed 26 stack frames</pre></div><a href='#' onClick='toggleBox("stack-trace426792528", this, "Click to show all stack frames", "Click to hide stack frames")'>Click to show all stack frames</a>
<div class='stack-trace' id='stack-trace426792528'><pre>java.lang.AssertionError: Project count did not update after user unselected the &apos;Partially equipped&apos; kitchen option
	at org.testng.Assert.fail(Assert.java:111)
	at com.propertymonitor.pages.ProjectSearchPage.unSelectKitchenFilter(ProjectSearchPage.java:1319)
	at java.base/jdk.internal.reflect.DirectMethodHandleAccessor.invoke(DirectMethodHandleAccessor.java:104)
	at java.base/java.lang.reflect.Method.invoke(Method.java:578)
	at org.testng.internal.invokers.MethodInvocationHelper.invokeMethod(MethodInvocationHelper.java:141)
	at org.testng.internal.invokers.TestInvoker.invokeMethod(TestInvoker.java:687)
	at org.testng.internal.invokers.TestInvoker.invokeTestMethod(TestInvoker.java:230)
	at org.testng.internal.invokers.MethodRunner.runInSequence(MethodRunner.java:63)
	at org.testng.internal.invokers.TestInvoker$MethodInvocationAgent.invoke(TestInvoker.java:995)
	at org.testng.internal.invokers.TestInvoker.invokeTestMethods(TestInvoker.java:203)
	at org.testng.internal.invokers.TestMethodWorker.invokeTestMethods(TestMethodWorker.java:154)
	at org.testng.internal.invokers.TestMethodWorker.run(TestMethodWorker.java:134)
	at java.base/java.util.ArrayList.forEach(ArrayList.java:1511)
	at org.testng.TestRunner.privateRun(TestRunner.java:741)
	at org.testng.TestRunner.run(TestRunner.java:616)
	at org.testng.SuiteRunner.runTest(SuiteRunner.java:421)
	at org.testng.SuiteRunner.runSequentially(SuiteRunner.java:413)
	at org.testng.SuiteRunner.privateRun(SuiteRunner.java:373)
	at org.testng.SuiteRunner.run(SuiteRunner.java:312)
	at org.testng.SuiteRunnerWorker.runSuite(SuiteRunnerWorker.java:52)
	at org.testng.SuiteRunnerWorker.run(SuiteRunnerWorker.java:95)
	at org.testng.TestNG.runSuitesSequentially(TestNG.java:1274)
	at org.testng.TestNG.runSuitesLocally(TestNG.java:1208)
	at org.testng.TestNG.runSuites(TestNG.java:1112)
	at org.testng.TestNG.run(TestNG.java:1079)
	at org.testng.remote.AbstractRemoteTestNG.run(AbstractRemoteTestNG.java:115)
	at org.testng.remote.RemoteTestNG.initAndRun(RemoteTestNG.java:293)
	at org.testng.remote.RemoteTestNG.main(RemoteTestNG.java:91)
</pre></div></td>
<td>2</td>
<td>com.propertymonitor.pages.ProjectSearchPage@192c3f1e</td></tr>
<tr>
<td title='com.propertymonitor.pages.ProjectSearchPage.clickSelectCalendar()'><b>clickSelectCalendar</b><br>Test class: com.propertymonitor.pages.ProjectSearchPage</td>
<td><div><pre>java.lang.AssertionError: Project count did not update after selecting 2025 &apos;upcoming&apos; option on calendar
	at com.propertymonitor.pages.ProjectSearchPage.clickSelectCalendar(ProjectSearchPage.java:468)
	at java.base/java.util.ArrayList.forEach(ArrayList.java:1511)
... Removed 26 stack frames</pre></div><a href='#' onClick='toggleBox("stack-trace1786872722", this, "Click to show all stack frames", "Click to hide stack frames")'>Click to show all stack frames</a>
<div class='stack-trace' id='stack-trace1786872722'><pre>java.lang.AssertionError: Project count did not update after selecting 2025 &apos;upcoming&apos; option on calendar
	at org.testng.Assert.fail(Assert.java:111)
	at com.propertymonitor.pages.ProjectSearchPage.clickSelectCalendar(ProjectSearchPage.java:468)
	at java.base/jdk.internal.reflect.DirectMethodHandleAccessor.invoke(DirectMethodHandleAccessor.java:104)
	at java.base/java.lang.reflect.Method.invoke(Method.java:578)
	at org.testng.internal.invokers.MethodInvocationHelper.invokeMethod(MethodInvocationHelper.java:141)
	at org.testng.internal.invokers.TestInvoker.invokeMethod(TestInvoker.java:687)
	at org.testng.internal.invokers.TestInvoker.invokeTestMethod(TestInvoker.java:230)
	at org.testng.internal.invokers.MethodRunner.runInSequence(MethodRunner.java:63)
	at org.testng.internal.invokers.TestInvoker$MethodInvocationAgent.invoke(TestInvoker.java:995)
	at org.testng.internal.invokers.TestInvoker.invokeTestMethods(TestInvoker.java:203)
	at org.testng.internal.invokers.TestMethodWorker.invokeTestMethods(TestMethodWorker.java:154)
	at org.testng.internal.invokers.TestMethodWorker.run(TestMethodWorker.java:134)
	at java.base/java.util.ArrayList.forEach(ArrayList.java:1511)
	at org.testng.TestRunner.privateRun(TestRunner.java:741)
	at org.testng.TestRunner.run(TestRunner.java:616)
	at org.testng.SuiteRunner.runTest(SuiteRunner.java:421)
	at org.testng.SuiteRunner.runSequentially(SuiteRunner.java:413)
	at org.testng.SuiteRunner.privateRun(SuiteRunner.java:373)
	at org.testng.SuiteRunner.run(SuiteRunner.java:312)
	at org.testng.SuiteRunnerWorker.runSuite(SuiteRunnerWorker.java:52)
	at org.testng.SuiteRunnerWorker.run(SuiteRunnerWorker.java:95)
	at org.testng.TestNG.runSuitesSequentially(TestNG.java:1274)
	at org.testng.TestNG.runSuitesLocally(TestNG.java:1208)
	at org.testng.TestNG.runSuites(TestNG.java:1112)
	at org.testng.TestNG.run(TestNG.java:1079)
	at org.testng.remote.AbstractRemoteTestNG.run(AbstractRemoteTestNG.java:115)
	at org.testng.remote.RemoteTestNG.initAndRun(RemoteTestNG.java:293)
	at org.testng.remote.RemoteTestNG.main(RemoteTestNG.java:91)
</pre></div></td>
<td>2</td>
<td>com.propertymonitor.pages.ProjectSearchPage@192c3f1e</td></tr>
<tr>
<td title='com.propertymonitor.pages.ProjectSearchPage.clickFurnishingFilter()'><b>clickFurnishingFilter</b><br>Test class: com.propertymonitor.pages.ProjectSearchPage</td>
<td><div><pre>java.lang.AssertionError: Project count did not update after user selected the &apos;Partially Furnished&apos; option
	at com.propertymonitor.pages.ProjectSearchPage.clickFurnishingFilter(ProjectSearchPage.java:1226)
	at java.base/java.util.ArrayList.forEach(ArrayList.java:1511)
... Removed 26 stack frames</pre></div><a href='#' onClick='toggleBox("stack-trace592858578", this, "Click to show all stack frames", "Click to hide stack frames")'>Click to show all stack frames</a>
<div class='stack-trace' id='stack-trace592858578'><pre>java.lang.AssertionError: Project count did not update after user selected the &apos;Partially Furnished&apos; option
	at org.testng.Assert.fail(Assert.java:111)
	at com.propertymonitor.pages.ProjectSearchPage.clickFurnishingFilter(ProjectSearchPage.java:1226)
	at java.base/jdk.internal.reflect.DirectMethodHandleAccessor.invoke(DirectMethodHandleAccessor.java:104)
	at java.base/java.lang.reflect.Method.invoke(Method.java:578)
	at org.testng.internal.invokers.MethodInvocationHelper.invokeMethod(MethodInvocationHelper.java:141)
	at org.testng.internal.invokers.TestInvoker.invokeMethod(TestInvoker.java:687)
	at org.testng.internal.invokers.TestInvoker.invokeTestMethod(TestInvoker.java:230)
	at org.testng.internal.invokers.MethodRunner.runInSequence(MethodRunner.java:63)
	at org.testng.internal.invokers.TestInvoker$MethodInvocationAgent.invoke(TestInvoker.java:995)
	at org.testng.internal.invokers.TestInvoker.invokeTestMethods(TestInvoker.java:203)
	at org.testng.internal.invokers.TestMethodWorker.invokeTestMethods(TestMethodWorker.java:154)
	at org.testng.internal.invokers.TestMethodWorker.run(TestMethodWorker.java:134)
	at java.base/java.util.ArrayList.forEach(ArrayList.java:1511)
	at org.testng.TestRunner.privateRun(TestRunner.java:741)
	at org.testng.TestRunner.run(TestRunner.java:616)
	at org.testng.SuiteRunner.runTest(SuiteRunner.java:421)
	at org.testng.SuiteRunner.runSequentially(SuiteRunner.java:413)
	at org.testng.SuiteRunner.privateRun(SuiteRunner.java:373)
	at org.testng.SuiteRunner.run(SuiteRunner.java:312)
	at org.testng.SuiteRunnerWorker.runSuite(SuiteRunnerWorker.java:52)
	at org.testng.SuiteRunnerWorker.run(SuiteRunnerWorker.java:95)
	at org.testng.TestNG.runSuitesSequentially(TestNG.java:1274)
	at org.testng.TestNG.runSuitesLocally(TestNG.java:1208)
	at org.testng.TestNG.runSuites(TestNG.java:1112)
	at org.testng.TestNG.run(TestNG.java:1079)
	at org.testng.remote.AbstractRemoteTestNG.run(AbstractRemoteTestNG.java:115)
	at org.testng.remote.RemoteTestNG.initAndRun(RemoteTestNG.java:293)
	at org.testng.remote.RemoteTestNG.main(RemoteTestNG.java:91)
</pre></div></td>
<td>2</td>
<td>com.propertymonitor.pages.ProjectSearchPage@192c3f1e</td></tr>
<tr>
<td title='com.propertymonitor.pages.ProjectSearchPage.heightClassFilter()'><b>heightClassFilter</b><br>Test class: com.propertymonitor.pages.ProjectSearchPage</td>
<td><div><pre>java.lang.AssertionError: Project count did not update after user selected the Mid Rise option
	at com.propertymonitor.pages.ProjectSearchPage.heightClassFilter(ProjectSearchPage.java:1091)
	at java.base/java.util.ArrayList.forEach(ArrayList.java:1511)
... Removed 26 stack frames</pre></div><a href='#' onClick='toggleBox("stack-trace1543272907", this, "Click to show all stack frames", "Click to hide stack frames")'>Click to show all stack frames</a>
<div class='stack-trace' id='stack-trace1543272907'><pre>java.lang.AssertionError: Project count did not update after user selected the Mid Rise option
	at org.testng.Assert.fail(Assert.java:111)
	at com.propertymonitor.pages.ProjectSearchPage.heightClassFilter(ProjectSearchPage.java:1091)
	at java.base/jdk.internal.reflect.DirectMethodHandleAccessor.invoke(DirectMethodHandleAccessor.java:104)
	at java.base/java.lang.reflect.Method.invoke(Method.java:578)
	at org.testng.internal.invokers.MethodInvocationHelper.invokeMethod(MethodInvocationHelper.java:141)
	at org.testng.internal.invokers.TestInvoker.invokeMethod(TestInvoker.java:687)
	at org.testng.internal.invokers.TestInvoker.invokeTestMethod(TestInvoker.java:230)
	at org.testng.internal.invokers.MethodRunner.runInSequence(MethodRunner.java:63)
	at org.testng.internal.invokers.TestInvoker$MethodInvocationAgent.invoke(TestInvoker.java:995)
	at org.testng.internal.invokers.TestInvoker.invokeTestMethods(TestInvoker.java:203)
	at org.testng.internal.invokers.TestMethodWorker.invokeTestMethods(TestMethodWorker.java:154)
	at org.testng.internal.invokers.TestMethodWorker.run(TestMethodWorker.java:134)
	at java.base/java.util.ArrayList.forEach(ArrayList.java:1511)
	at org.testng.TestRunner.privateRun(TestRunner.java:741)
	at org.testng.TestRunner.run(TestRunner.java:616)
	at org.testng.SuiteRunner.runTest(SuiteRunner.java:421)
	at org.testng.SuiteRunner.runSequentially(SuiteRunner.java:413)
	at org.testng.SuiteRunner.privateRun(SuiteRunner.java:373)
	at org.testng.SuiteRunner.run(SuiteRunner.java:312)
	at org.testng.SuiteRunnerWorker.runSuite(SuiteRunnerWorker.java:52)
	at org.testng.SuiteRunnerWorker.run(SuiteRunnerWorker.java:95)
	at org.testng.TestNG.runSuitesSequentially(TestNG.java:1274)
	at org.testng.TestNG.runSuitesLocally(TestNG.java:1208)
	at org.testng.TestNG.runSuites(TestNG.java:1112)
	at org.testng.TestNG.run(TestNG.java:1079)
	at org.testng.remote.AbstractRemoteTestNG.run(AbstractRemoteTestNG.java:115)
	at org.testng.remote.RemoteTestNG.initAndRun(RemoteTestNG.java:293)
	at org.testng.remote.RemoteTestNG.main(RemoteTestNG.java:91)
</pre></div></td>
<td>3</td>
<td>com.propertymonitor.pages.ProjectSearchPage@192c3f1e</td></tr>
<tr>
<td title='com.propertymonitor.pages.ProjectSearchPage.resetBrokerCommissionValue()'><b>resetBrokerCommissionValue</b><br>Test class: com.propertymonitor.pages.ProjectSearchPage</td>
<td><div><pre>java.lang.AssertionError: Project count did not update after user Reset Min and Max value of Broker commisison
	at com.propertymonitor.pages.ProjectSearchPage.resetBrokerCommissionValue(ProjectSearchPage.java:1060)
	at java.base/java.util.ArrayList.forEach(ArrayList.java:1511)
... Removed 26 stack frames</pre></div><a href='#' onClick='toggleBox("stack-trace1646410010", this, "Click to show all stack frames", "Click to hide stack frames")'>Click to show all stack frames</a>
<div class='stack-trace' id='stack-trace1646410010'><pre>java.lang.AssertionError: Project count did not update after user Reset Min and Max value of Broker commisison
	at org.testng.Assert.fail(Assert.java:111)
	at com.propertymonitor.pages.ProjectSearchPage.resetBrokerCommissionValue(ProjectSearchPage.java:1060)
	at java.base/jdk.internal.reflect.DirectMethodHandleAccessor.invoke(DirectMethodHandleAccessor.java:104)
	at java.base/java.lang.reflect.Method.invoke(Method.java:578)
	at org.testng.internal.invokers.MethodInvocationHelper.invokeMethod(MethodInvocationHelper.java:141)
	at org.testng.internal.invokers.TestInvoker.invokeMethod(TestInvoker.java:687)
	at org.testng.internal.invokers.TestInvoker.invokeTestMethod(TestInvoker.java:230)
	at org.testng.internal.invokers.MethodRunner.runInSequence(MethodRunner.java:63)
	at org.testng.internal.invokers.TestInvoker$MethodInvocationAgent.invoke(TestInvoker.java:995)
	at org.testng.internal.invokers.TestInvoker.invokeTestMethods(TestInvoker.java:203)
	at org.testng.internal.invokers.TestMethodWorker.invokeTestMethods(TestMethodWorker.java:154)
	at org.testng.internal.invokers.TestMethodWorker.run(TestMethodWorker.java:134)
	at java.base/java.util.ArrayList.forEach(ArrayList.java:1511)
	at org.testng.TestRunner.privateRun(TestRunner.java:741)
	at org.testng.TestRunner.run(TestRunner.java:616)
	at org.testng.SuiteRunner.runTest(SuiteRunner.java:421)
	at org.testng.SuiteRunner.runSequentially(SuiteRunner.java:413)
	at org.testng.SuiteRunner.privateRun(SuiteRunner.java:373)
	at org.testng.SuiteRunner.run(SuiteRunner.java:312)
	at org.testng.SuiteRunnerWorker.runSuite(SuiteRunnerWorker.java:52)
	at org.testng.SuiteRunnerWorker.run(SuiteRunnerWorker.java:95)
	at org.testng.TestNG.runSuitesSequentially(TestNG.java:1274)
	at org.testng.TestNG.runSuitesLocally(TestNG.java:1208)
	at org.testng.TestNG.runSuites(TestNG.java:1112)
	at org.testng.TestNG.run(TestNG.java:1079)
	at org.testng.remote.AbstractRemoteTestNG.run(AbstractRemoteTestNG.java:115)
	at org.testng.remote.RemoteTestNG.initAndRun(RemoteTestNG.java:293)
	at org.testng.remote.RemoteTestNG.main(RemoteTestNG.java:91)
</pre></div></td>
<td>3</td>
<td>com.propertymonitor.pages.ProjectSearchPage@192c3f1e</td></tr>
<tr>
<td title='com.propertymonitor.pages.ProjectSearchPage.clickKitchenFilter()'><b>clickKitchenFilter</b><br>Test class: com.propertymonitor.pages.ProjectSearchPage</td>
<td><div><pre>java.lang.AssertionError: Project count did not update after user selected the &apos;Partially equipped&apos; kitchen option
	at com.propertymonitor.pages.ProjectSearchPage.clickKitchenFilter(ProjectSearchPage.java:1288)
	at java.base/java.util.ArrayList.forEach(ArrayList.java:1511)
... Removed 26 stack frames</pre></div><a href='#' onClick='toggleBox("stack-trace318787032", this, "Click to show all stack frames", "Click to hide stack frames")'>Click to show all stack frames</a>
<div class='stack-trace' id='stack-trace318787032'><pre>java.lang.AssertionError: Project count did not update after user selected the &apos;Partially equipped&apos; kitchen option
	at org.testng.Assert.fail(Assert.java:111)
	at com.propertymonitor.pages.ProjectSearchPage.clickKitchenFilter(ProjectSearchPage.java:1288)
	at java.base/jdk.internal.reflect.DirectMethodHandleAccessor.invoke(DirectMethodHandleAccessor.java:104)
	at java.base/java.lang.reflect.Method.invoke(Method.java:578)
	at org.testng.internal.invokers.MethodInvocationHelper.invokeMethod(MethodInvocationHelper.java:141)
	at org.testng.internal.invokers.TestInvoker.invokeMethod(TestInvoker.java:687)
	at org.testng.internal.invokers.TestInvoker.invokeTestMethod(TestInvoker.java:230)
	at org.testng.internal.invokers.MethodRunner.runInSequence(MethodRunner.java:63)
	at org.testng.internal.invokers.TestInvoker$MethodInvocationAgent.invoke(TestInvoker.java:995)
	at org.testng.internal.invokers.TestInvoker.invokeTestMethods(TestInvoker.java:203)
	at org.testng.internal.invokers.TestMethodWorker.invokeTestMethods(TestMethodWorker.java:154)
	at org.testng.internal.invokers.TestMethodWorker.run(TestMethodWorker.java:134)
	at java.base/java.util.ArrayList.forEach(ArrayList.java:1511)
	at org.testng.TestRunner.privateRun(TestRunner.java:741)
	at org.testng.TestRunner.run(TestRunner.java:616)
	at org.testng.SuiteRunner.runTest(SuiteRunner.java:421)
	at org.testng.SuiteRunner.runSequentially(SuiteRunner.java:413)
	at org.testng.SuiteRunner.privateRun(SuiteRunner.java:373)
	at org.testng.SuiteRunner.run(SuiteRunner.java:312)
	at org.testng.SuiteRunnerWorker.runSuite(SuiteRunnerWorker.java:52)
	at org.testng.SuiteRunnerWorker.run(SuiteRunnerWorker.java:95)
	at org.testng.TestNG.runSuitesSequentially(TestNG.java:1274)
	at org.testng.TestNG.runSuitesLocally(TestNG.java:1208)
	at org.testng.TestNG.runSuites(TestNG.java:1112)
	at org.testng.TestNG.run(TestNG.java:1079)
	at org.testng.remote.AbstractRemoteTestNG.run(AbstractRemoteTestNG.java:115)
	at org.testng.remote.RemoteTestNG.initAndRun(RemoteTestNG.java:293)
	at org.testng.remote.RemoteTestNG.main(RemoteTestNG.java:91)
</pre></div></td>
<td>2</td>
<td>com.propertymonitor.pages.ProjectSearchPage@192c3f1e</td></tr>
<tr>
<td title='com.propertymonitor.pages.ProjectSearchPage.selectConstructionStatus()'><b>selectConstructionStatus</b><br>Test class: com.propertymonitor.pages.ProjectSearchPage</td>
<td><div><pre>java.lang.AssertionError: Project count did not update after selecting an upcoming construction status.
	at com.propertymonitor.pages.ProjectSearchPage.selectConstructionStatus(ProjectSearchPage.java:427)
	at java.base/java.util.ArrayList.forEach(ArrayList.java:1511)
... Removed 26 stack frames</pre></div><a href='#' onClick='toggleBox("stack-trace967343730", this, "Click to show all stack frames", "Click to hide stack frames")'>Click to show all stack frames</a>
<div class='stack-trace' id='stack-trace967343730'><pre>java.lang.AssertionError: Project count did not update after selecting an upcoming construction status.
	at org.testng.Assert.fail(Assert.java:111)
	at com.propertymonitor.pages.ProjectSearchPage.selectConstructionStatus(ProjectSearchPage.java:427)
	at java.base/jdk.internal.reflect.DirectMethodHandleAccessor.invoke(DirectMethodHandleAccessor.java:104)
	at java.base/java.lang.reflect.Method.invoke(Method.java:578)
	at org.testng.internal.invokers.MethodInvocationHelper.invokeMethod(MethodInvocationHelper.java:141)
	at org.testng.internal.invokers.TestInvoker.invokeMethod(TestInvoker.java:687)
	at org.testng.internal.invokers.TestInvoker.invokeTestMethod(TestInvoker.java:230)
	at org.testng.internal.invokers.MethodRunner.runInSequence(MethodRunner.java:63)
	at org.testng.internal.invokers.TestInvoker$MethodInvocationAgent.invoke(TestInvoker.java:995)
	at org.testng.internal.invokers.TestInvoker.invokeTestMethods(TestInvoker.java:203)
	at org.testng.internal.invokers.TestMethodWorker.invokeTestMethods(TestMethodWorker.java:154)
	at org.testng.internal.invokers.TestMethodWorker.run(TestMethodWorker.java:134)
	at java.base/java.util.ArrayList.forEach(ArrayList.java:1511)
	at org.testng.TestRunner.privateRun(TestRunner.java:741)
	at org.testng.TestRunner.run(TestRunner.java:616)
	at org.testng.SuiteRunner.runTest(SuiteRunner.java:421)
	at org.testng.SuiteRunner.runSequentially(SuiteRunner.java:413)
	at org.testng.SuiteRunner.privateRun(SuiteRunner.java:373)
	at org.testng.SuiteRunner.run(SuiteRunner.java:312)
	at org.testng.SuiteRunnerWorker.runSuite(SuiteRunnerWorker.java:52)
	at org.testng.SuiteRunnerWorker.run(SuiteRunnerWorker.java:95)
	at org.testng.TestNG.runSuitesSequentially(TestNG.java:1274)
	at org.testng.TestNG.runSuitesLocally(TestNG.java:1208)
	at org.testng.TestNG.runSuites(TestNG.java:1112)
	at org.testng.TestNG.run(TestNG.java:1079)
	at org.testng.remote.AbstractRemoteTestNG.run(AbstractRemoteTestNG.java:115)
	at org.testng.remote.RemoteTestNG.initAndRun(RemoteTestNG.java:293)
	at org.testng.remote.RemoteTestNG.main(RemoteTestNG.java:91)
</pre></div></td>
<td>3</td>
<td>com.propertymonitor.pages.ProjectSearchPage@192c3f1e</td></tr>
<tr>
<td title='com.propertymonitor.pages.ProjectSearchPage.unSelectFurnishingFilter()'><b>unSelectFurnishingFilter</b><br>Test class: com.propertymonitor.pages.ProjectSearchPage</td>
<td><div><pre>java.lang.AssertionError: Project count did not update after user unselected the &apos;Partially Furnished&apos; option
	at com.propertymonitor.pages.ProjectSearchPage.unSelectFurnishingFilter(ProjectSearchPage.java:1257)
	at java.base/java.util.ArrayList.forEach(ArrayList.java:1511)
... Removed 26 stack frames</pre></div><a href='#' onClick='toggleBox("stack-trace805530136", this, "Click to show all stack frames", "Click to hide stack frames")'>Click to show all stack frames</a>
<div class='stack-trace' id='stack-trace805530136'><pre>java.lang.AssertionError: Project count did not update after user unselected the &apos;Partially Furnished&apos; option
	at org.testng.Assert.fail(Assert.java:111)
	at com.propertymonitor.pages.ProjectSearchPage.unSelectFurnishingFilter(ProjectSearchPage.java:1257)
	at java.base/jdk.internal.reflect.DirectMethodHandleAccessor.invoke(DirectMethodHandleAccessor.java:104)
	at java.base/java.lang.reflect.Method.invoke(Method.java:578)
	at org.testng.internal.invokers.MethodInvocationHelper.invokeMethod(MethodInvocationHelper.java:141)
	at org.testng.internal.invokers.TestInvoker.invokeMethod(TestInvoker.java:687)
	at org.testng.internal.invokers.TestInvoker.invokeTestMethod(TestInvoker.java:230)
	at org.testng.internal.invokers.MethodRunner.runInSequence(MethodRunner.java:63)
	at org.testng.internal.invokers.TestInvoker$MethodInvocationAgent.invoke(TestInvoker.java:995)
	at org.testng.internal.invokers.TestInvoker.invokeTestMethods(TestInvoker.java:203)
	at org.testng.internal.invokers.TestMethodWorker.invokeTestMethods(TestMethodWorker.java:154)
	at org.testng.internal.invokers.TestMethodWorker.run(TestMethodWorker.java:134)
	at java.base/java.util.ArrayList.forEach(ArrayList.java:1511)
	at org.testng.TestRunner.privateRun(TestRunner.java:741)
	at org.testng.TestRunner.run(TestRunner.java:616)
	at org.testng.SuiteRunner.runTest(SuiteRunner.java:421)
	at org.testng.SuiteRunner.runSequentially(SuiteRunner.java:413)
	at org.testng.SuiteRunner.privateRun(SuiteRunner.java:373)
	at org.testng.SuiteRunner.run(SuiteRunner.java:312)
	at org.testng.SuiteRunnerWorker.runSuite(SuiteRunnerWorker.java:52)
	at org.testng.SuiteRunnerWorker.run(SuiteRunnerWorker.java:95)
	at org.testng.TestNG.runSuitesSequentially(TestNG.java:1274)
	at org.testng.TestNG.runSuitesLocally(TestNG.java:1208)
	at org.testng.TestNG.runSuites(TestNG.java:1112)
	at org.testng.TestNG.run(TestNG.java:1079)
	at org.testng.remote.AbstractRemoteTestNG.run(AbstractRemoteTestNG.java:115)
	at org.testng.remote.RemoteTestNG.initAndRun(RemoteTestNG.java:293)
	at org.testng.remote.RemoteTestNG.main(RemoteTestNG.java:91)
</pre></div></td>
<td>2</td>
<td>com.propertymonitor.pages.ProjectSearchPage@192c3f1e</td></tr>
</table><p>
<table width='100%' border='1' class='invocation-passed'>
<tr><td colspan='4' align='center'><b>PASSED TESTS</b></td></tr>
<tr><td><b>Test method</b></td>
<td><b>Attribute(s)</b></td>
<td width="30%"><b>Exception</b></td>
<td width="10%"><b>Time (seconds)</b></td>
<td><b>Instance</b></td>
</tr>
<tr>
<td title='com.propertymonitor.pages.ProjectSearchPage.inputMinMaxCompletionPercentage()'><b>inputMinMaxCompletionPercentage</b><br>Test class: com.propertymonitor.pages.ProjectSearchPage</td>
<td></td>
<td>4</td>
<td>com.propertymonitor.pages.ProjectSearchPage@192c3f1e</td></tr>
<tr>
<td title='com.propertymonitor.pages.ProjectSearchPage.testSearchLocationUpdatesProjectCount()'><b>testSearchLocationUpdatesProjectCount</b><br>Test class: com.propertymonitor.pages.ProjectSearchPage</td>
<td></td>
<td>20</td>
<td>com.propertymonitor.pages.ProjectSearchPage@192c3f1e</td></tr>
<tr>
<td title='com.propertymonitor.pages.ProjectSearchPage.clickSelectSalesStartDate()'><b>clickSelectSalesStartDate</b><br>Test class: com.propertymonitor.pages.ProjectSearchPage</td>
<td></td>
<td>2</td>
<td>com.propertymonitor.pages.ProjectSearchPage@192c3f1e</td></tr>
<tr>
<td title='com.propertymonitor.pages.ProjectSearchPage.verifyHeatMapSelected()'><b>verifyHeatMapSelected</b><br>Test class: com.propertymonitor.pages.ProjectSearchPage</td>
<td></td>
<td>2</td>
<td>com.propertymonitor.pages.ProjectSearchPage@192c3f1e</td></tr>
<tr>
<td title='com.propertymonitor.pages.ProjectSearchPage.unSelectBrandFilter()'><b>unSelectBrandFilter</b><br>Test class: com.propertymonitor.pages.ProjectSearchPage</td>
<td></td>
<td>4</td>
<td>com.propertymonitor.pages.ProjectSearchPage@192c3f1e</td></tr>
<tr>
<td title='com.propertymonitor.pages.ProjectSearchPage.inputBuiltupValue()'><b>inputBuiltupValue</b><br>Test class: com.propertymonitor.pages.ProjectSearchPage</td>
<td></td>
<td>6</td>
<td>com.propertymonitor.pages.ProjectSearchPage@192c3f1e</td></tr>
<tr>
<td title='com.propertymonitor.pages.ProjectSearchPage.clickUnSelectCalendar()'><b>clickUnSelectCalendar</b><br>Test class: com.propertymonitor.pages.ProjectSearchPage</td>
<td></td>
<td>1</td>
<td>com.propertymonitor.pages.ProjectSearchPage@192c3f1e</td></tr>
<tr>
<td title='com.propertymonitor.pages.ProjectSearchPage.testSelectApartmentUnitType()'><b>testSelectApartmentUnitType</b><br>Test class: com.propertymonitor.pages.ProjectSearchPage</td>
<td></td>
<td>9</td>
<td>com.propertymonitor.pages.ProjectSearchPage@192c3f1e</td></tr>
<tr>
<td title='com.propertymonitor.pages.ProjectSearchPage.resetDownPaymentValue()'><b>resetDownPaymentValue</b><br>Test class: com.propertymonitor.pages.ProjectSearchPage</td>
<td></td>
<td>2</td>
<td>com.propertymonitor.pages.ProjectSearchPage@192c3f1e</td></tr>
<tr>
<td title='com.propertymonitor.pages.ProjectSearchPage.selectBedroomLabel()'><b>selectBedroomLabel</b><br>Test class: com.propertymonitor.pages.ProjectSearchPage</td>
<td></td>
<td>1</td>
<td>com.propertymonitor.pages.ProjectSearchPage@192c3f1e</td></tr>
<tr>
<td title='com.propertymonitor.pages.ProjectSearchPage.selectUpcomingSaleStatus()'><b>selectUpcomingSaleStatus</b><br>Test class: com.propertymonitor.pages.ProjectSearchPage</td>
<td></td>
<td>5</td>
<td>com.propertymonitor.pages.ProjectSearchPage@192c3f1e</td></tr>
<tr>
<td title='com.propertymonitor.pages.ProjectSearchPage.selectMultipleAmenities()'><b>selectMultipleAmenities</b><br>Test class: com.propertymonitor.pages.ProjectSearchPage</td>
<td></td>
<td>2</td>
<td>com.propertymonitor.pages.ProjectSearchPage@192c3f1e</td></tr>
<tr>
<td title='com.propertymonitor.pages.ProjectSearchPage.clickSelectDld()'><b>clickSelectDld</b><br>Test class: com.propertymonitor.pages.ProjectSearchPage</td>
<td></td>
<td>2</td>
<td>com.propertymonitor.pages.ProjectSearchPage@192c3f1e</td></tr>
<tr>
<td title='com.propertymonitor.pages.LoginPage.testValidLogin()'><b>testValidLogin</b><br>Test class: com.propertymonitor.pages.LoginPage</td>
<td></td>
<td>0</td>
<td>com.propertymonitor.pages.LoginPage@1e178745</td></tr>
<tr>
<td title='com.propertymonitor.pages.ProjectSearchPage.clickUnSelectSalesStartDate()'><b>clickUnSelectSalesStartDate</b><br>Test class: com.propertymonitor.pages.ProjectSearchPage</td>
<td></td>
<td>1</td>
<td>com.propertymonitor.pages.ProjectSearchPage@192c3f1e</td></tr>
<tr>
<td title='com.propertymonitor.pages.ProjectSearchPage.inputDownPaymentValue()'><b>inputDownPaymentValue</b><br>Test class: com.propertymonitor.pages.ProjectSearchPage</td>
<td></td>
<td>5</td>
<td>com.propertymonitor.pages.ProjectSearchPage@192c3f1e</td></tr>
<tr>
<td title='com.propertymonitor.pages.ProjectSearchPage.clickPaymentField()'><b>clickPaymentField</b><br>Test class: com.propertymonitor.pages.ProjectSearchPage</td>
<td></td>
<td>2</td>
<td>com.propertymonitor.pages.ProjectSearchPage@192c3f1e</td></tr>
<tr>
<td title='com.propertymonitor.pages.ProjectSearchPage.unSelectDld()'><b>unSelectDld</b><br>Test class: com.propertymonitor.pages.ProjectSearchPage</td>
<td></td>
<td>2</td>
<td>com.propertymonitor.pages.ProjectSearchPage@192c3f1e</td></tr>
<tr>
<td title='com.propertymonitor.pages.ProjectSearchPage.unSelectPaymentField()'><b>unSelectPaymentField</b><br>Test class: com.propertymonitor.pages.ProjectSearchPage</td>
<td></td>
<td>1</td>
<td>com.propertymonitor.pages.ProjectSearchPage@192c3f1e</td></tr>
<tr>
<td title='com.propertymonitor.pages.ProjectSearchPage.uncheckUpcomingSaleStatus()'><b>uncheckUpcomingSaleStatus</b><br>Test class: com.propertymonitor.pages.ProjectSearchPage</td>
<td></td>
<td>11</td>
<td>com.propertymonitor.pages.ProjectSearchPage@192c3f1e</td></tr>
<tr>
<td title='com.propertymonitor.pages.ProjectSearchPage.resetBuiltupValue()'><b>resetBuiltupValue</b><br>Test class: com.propertymonitor.pages.ProjectSearchPage</td>
<td></td>
<td>3</td>
<td>com.propertymonitor.pages.ProjectSearchPage@192c3f1e</td></tr>
<tr>
<td title='com.propertymonitor.pages.ProjectSearchPage.testClearLocationUpdatesProjectCount()'><b>testClearLocationUpdatesProjectCount</b><br>Test class: com.propertymonitor.pages.ProjectSearchPage</td>
<td></td>
<td>7</td>
<td>com.propertymonitor.pages.ProjectSearchPage@192c3f1e</td></tr>
<tr>
<td title='com.propertymonitor.pages.ProjectSearchPage.clickResetFilter()'><b>clickResetFilter</b><br>Test class: com.propertymonitor.pages.ProjectSearchPage</td>
<td></td>
<td>1</td>
<td>com.propertymonitor.pages.ProjectSearchPage@192c3f1e</td></tr>
<tr>
<td title='com.propertymonitor.pages.ProjectSearchPage.unSelectheightClassFilter()'><b>unSelectheightClassFilter</b><br>Test class: com.propertymonitor.pages.ProjectSearchPage</td>
<td></td>
<td>3</td>
<td>com.propertymonitor.pages.ProjectSearchPage@192c3f1e</td></tr>
<tr>
<td title='com.propertymonitor.pages.ProjectSearchPage.testUnselectApartmentUnitType()'><b>testUnselectApartmentUnitType</b><br>Test class: com.propertymonitor.pages.ProjectSearchPage</td>
<td></td>
<td>7</td>
<td>com.propertymonitor.pages.ProjectSearchPage@192c3f1e</td></tr>
<tr>
<td title='com.propertymonitor.pages.ProjectSearchPage.resetPlotAreaValue()'><b>resetPlotAreaValue</b><br>Test class: com.propertymonitor.pages.ProjectSearchPage</td>
<td></td>
<td>2</td>
<td>com.propertymonitor.pages.ProjectSearchPage@192c3f1e</td></tr>
<tr>
<td title='com.propertymonitor.pages.ProjectSearchPage.resetMinMaxCompletionPercentage()'><b>resetMinMaxCompletionPercentage</b><br>Test class: com.propertymonitor.pages.ProjectSearchPage</td>
<td></td>
<td>5</td>
<td>com.propertymonitor.pages.ProjectSearchPage@192c3f1e</td></tr>
<tr>
<td title='com.propertymonitor.pages.ProjectSearchPage.inputBrokerCommissionValue()'><b>inputBrokerCommissionValue</b><br>Test class: com.propertymonitor.pages.ProjectSearchPage</td>
<td></td>
<td>4</td>
<td>com.propertymonitor.pages.ProjectSearchPage@192c3f1e</td></tr>
<tr>
<td title='com.propertymonitor.pages.ProjectSearchPage.clickSearchDeveloper()'><b>clickSearchDeveloper</b><br>Test class: com.propertymonitor.pages.ProjectSearchPage</td>
<td></td>
<td>31</td>
<td>com.propertymonitor.pages.ProjectSearchPage@192c3f1e</td></tr>
<tr>
<td title='com.propertymonitor.pages.ProjectSearchPage.clickApplyButton()'><b>clickApplyButton</b><br>Test class: com.propertymonitor.pages.ProjectSearchPage</td>
<td></td>
<td>3</td>
<td>com.propertymonitor.pages.ProjectSearchPage@192c3f1e</td></tr>
<tr>
<td title='com.propertymonitor.pages.LoginPage.verifyProjectSearchPageURL()'><b>verifyProjectSearchPageURL</b><br>Test class: com.propertymonitor.pages.LoginPage</td>
<td></td>
<td>0</td>
<td>com.propertymonitor.pages.LoginPage@1e178745</td></tr>
<tr>
<td title='com.propertymonitor.pages.ProjectSearchPage.clickAdvanceFilter()'><b>clickAdvanceFilter</b><br>Test class: com.propertymonitor.pages.ProjectSearchPage</td>
<td></td>
<td>2</td>
<td>com.propertymonitor.pages.ProjectSearchPage@192c3f1e</td></tr>
<tr>
<td title='com.propertymonitor.pages.ProjectSearchPage.inputPlotAreaValue()'><b>inputPlotAreaValue</b><br>Test class: com.propertymonitor.pages.ProjectSearchPage</td>
<td></td>
<td>6</td>
<td>com.propertymonitor.pages.ProjectSearchPage@192c3f1e</td></tr>
<tr>
<td title='com.propertymonitor.pages.ProjectSearchPage.unSelectBedroomLabel()'><b>unSelectBedroomLabel</b><br>Test class: com.propertymonitor.pages.ProjectSearchPage</td>
<td></td>
<td>1</td>
<td>com.propertymonitor.pages.ProjectSearchPage@192c3f1e</td></tr>
<tr>
<td title='com.propertymonitor.pages.ProjectSearchPage.selectBrandFilter()'><b>selectBrandFilter</b><br>Test class: com.propertymonitor.pages.ProjectSearchPage</td>
<td></td>
<td>5</td>
<td>com.propertymonitor.pages.ProjectSearchPage@192c3f1e</td></tr>
</table><p>
</body>
</html>