<?xml version="1.0" encoding="UTF-8"?>
<testng-results ignored="0" total="43" passed="35" failed="8" skipped="0">
  <reporter-output>
  </reporter-output>
  <suite started-at="2025-05-16T00:25:57 IST" name="PropertyMonitorSuite" finished-at="2025-05-16T00:29:35 IST" duration-ms="217557">
    <groups>
    </groups>
    <test started-at="2025-05-16T00:25:57 IST" name="Regression Tests" finished-at="2025-05-16T00:29:35 IST" duration-ms="217557">
      <class name="com.propertymonitor.pages.LoginPage">
        <test-method is-config="true" signature="setUp()[pri:0, instance:com.propertymonitor.pages.LoginPage@1e178745]" started-at="2025-05-16T00:25:57 IST" name="setUp" finished-at="2025-05-16T00:26:15 IST" duration-ms="18162" status="PASS">
          <reporter-output>
          </reporter-output>
        </test-method> <!-- setUp -->
        <test-method signature="testValidLogin()[pri:1, instance:com.propertymonitor.pages.LoginPage@1e178745]" started-at="2025-05-16T00:26:15 IST" name="testValidLogin" finished-at="2025-05-16T00:26:15 IST" duration-ms="57" status="PASS">
          <reporter-output>
          </reporter-output>
        </test-method> <!-- testValidLogin -->
        <test-method signature="verifyProjectSearchPageURL()[pri:2, instance:com.propertymonitor.pages.LoginPage@1e178745]" started-at="2025-05-16T00:26:15 IST" name="verifyProjectSearchPageURL" finished-at="2025-05-16T00:26:15 IST" duration-ms="27" status="PASS">
          <reporter-output>
          </reporter-output>
        </test-method> <!-- verifyProjectSearchPageURL -->
      </class> <!-- com.propertymonitor.pages.LoginPage -->
      <class name="com.propertymonitor.base.BaseTest">
        <test-method is-config="true" signature="initializeDriver()[pri:0, instance:com.propertymonitor.base.BaseTest@2df3b89c]" started-at="2025-05-16T00:25:46 IST" name="initializeDriver" finished-at="2025-05-16T00:25:57 IST" duration-ms="11414" status="PASS">
          <reporter-output>
          </reporter-output>
        </test-method> <!-- initializeDriver -->
      </class> <!-- com.propertymonitor.base.BaseTest -->
      <class name="com.propertymonitor.pages.ProjectSearchPage">
        <test-method is-config="true" signature="setUp()[pri:0, instance:com.propertymonitor.pages.ProjectSearchPage@192c3f1e]" started-at="2025-05-16T00:26:15 IST" name="setUp" finished-at="2025-05-16T00:26:15 IST" duration-ms="13" status="PASS">
          <reporter-output>
          </reporter-output>
        </test-method> <!-- setUp -->
        <test-method signature="testSearchLocationUpdatesProjectCount()[pri:1, instance:com.propertymonitor.pages.ProjectSearchPage@192c3f1e]" started-at="2025-05-16T00:26:15 IST" name="testSearchLocationUpdatesProjectCount" finished-at="2025-05-16T00:26:36 IST" duration-ms="20183" status="PASS">
          <reporter-output>
          </reporter-output>
        </test-method> <!-- testSearchLocationUpdatesProjectCount -->
        <test-method signature="testClearLocationUpdatesProjectCount()[pri:2, instance:com.propertymonitor.pages.ProjectSearchPage@192c3f1e]" started-at="2025-05-16T00:26:36 IST" name="testClearLocationUpdatesProjectCount" finished-at="2025-05-16T00:26:43 IST" duration-ms="7605" status="PASS">
          <reporter-output>
          </reporter-output>
        </test-method> <!-- testClearLocationUpdatesProjectCount -->
        <test-method signature="testSelectApartmentUnitType()[pri:3, instance:com.propertymonitor.pages.ProjectSearchPage@192c3f1e]" started-at="2025-05-16T00:26:43 IST" name="testSelectApartmentUnitType" finished-at="2025-05-16T00:26:53 IST" duration-ms="9827" status="PASS">
          <reporter-output>
          </reporter-output>
        </test-method> <!-- testSelectApartmentUnitType -->
        <test-method signature="testUnselectApartmentUnitType()[pri:4, instance:com.propertymonitor.pages.ProjectSearchPage@192c3f1e]" started-at="2025-05-16T00:26:53 IST" name="testUnselectApartmentUnitType" finished-at="2025-05-16T00:27:01 IST" duration-ms="7859" status="PASS">
          <reporter-output>
          </reporter-output>
        </test-method> <!-- testUnselectApartmentUnitType -->
        <test-method signature="uncheckUpcomingSaleStatus()[pri:5, instance:com.propertymonitor.pages.ProjectSearchPage@192c3f1e]" started-at="2025-05-16T00:27:01 IST" name="uncheckUpcomingSaleStatus" finished-at="2025-05-16T00:27:12 IST" duration-ms="11193" status="PASS">
          <reporter-output>
          </reporter-output>
        </test-method> <!-- uncheckUpcomingSaleStatus -->
        <test-method signature="selectUpcomingSaleStatus()[pri:6, instance:com.propertymonitor.pages.ProjectSearchPage@192c3f1e]" started-at="2025-05-16T00:27:12 IST" name="selectUpcomingSaleStatus" finished-at="2025-05-16T00:27:17 IST" duration-ms="5169" status="PASS">
          <reporter-output>
          </reporter-output>
        </test-method> <!-- selectUpcomingSaleStatus -->
        <test-method signature="clickSearchDeveloper()[pri:7, instance:com.propertymonitor.pages.ProjectSearchPage@192c3f1e]" started-at="2025-05-16T00:27:17 IST" name="clickSearchDeveloper" finished-at="2025-05-16T00:27:49 IST" duration-ms="31523" status="PASS">
          <reporter-output>
          </reporter-output>
        </test-method> <!-- clickSearchDeveloper -->
        <test-method signature="clickAdvanceFilter()[pri:8, instance:com.propertymonitor.pages.ProjectSearchPage@192c3f1e]" started-at="2025-05-16T00:27:49 IST" name="clickAdvanceFilter" finished-at="2025-05-16T00:27:52 IST" duration-ms="2974" status="PASS">
          <reporter-output>
          </reporter-output>
        </test-method> <!-- clickAdvanceFilter -->
        <test-method signature="selectConstructionStatus()[pri:9, instance:com.propertymonitor.pages.ProjectSearchPage@192c3f1e]" started-at="2025-05-16T00:27:52 IST" name="selectConstructionStatus" finished-at="2025-05-16T00:27:55 IST" duration-ms="3278" status="FAIL">
          <exception class="java.lang.AssertionError">
            <message>
              <![CDATA[Project count did not update after selecting an upcoming construction status.]]>
            </message>
            <full-stacktrace>
              <![CDATA[java.lang.AssertionError: Project count did not update after selecting an upcoming construction status.
at org.testng.Assert.fail(Assert.java:111)
at com.propertymonitor.pages.ProjectSearchPage.selectConstructionStatus(ProjectSearchPage.java:427)
at java.base/jdk.internal.reflect.DirectMethodHandleAccessor.invoke(DirectMethodHandleAccessor.java:104)
at java.base/java.lang.reflect.Method.invoke(Method.java:578)
at org.testng.internal.invokers.MethodInvocationHelper.invokeMethod(MethodInvocationHelper.java:141)
at org.testng.internal.invokers.TestInvoker.invokeMethod(TestInvoker.java:687)
at org.testng.internal.invokers.TestInvoker.invokeTestMethod(TestInvoker.java:230)
at org.testng.internal.invokers.MethodRunner.runInSequence(MethodRunner.java:63)
at org.testng.internal.invokers.TestInvoker$MethodInvocationAgent.invoke(TestInvoker.java:995)
at org.testng.internal.invokers.TestInvoker.invokeTestMethods(TestInvoker.java:203)
at org.testng.internal.invokers.TestMethodWorker.invokeTestMethods(TestMethodWorker.java:154)
at org.testng.internal.invokers.TestMethodWorker.run(TestMethodWorker.java:134)
at java.base/java.util.ArrayList.forEach(ArrayList.java:1511)
at org.testng.TestRunner.privateRun(TestRunner.java:741)
at org.testng.TestRunner.run(TestRunner.java:616)
at org.testng.SuiteRunner.runTest(SuiteRunner.java:421)
at org.testng.SuiteRunner.runSequentially(SuiteRunner.java:413)
at org.testng.SuiteRunner.privateRun(SuiteRunner.java:373)
at org.testng.SuiteRunner.run(SuiteRunner.java:312)
at org.testng.SuiteRunnerWorker.runSuite(SuiteRunnerWorker.java:52)
at org.testng.SuiteRunnerWorker.run(SuiteRunnerWorker.java:95)
at org.testng.TestNG.runSuitesSequentially(TestNG.java:1274)
at org.testng.TestNG.runSuitesLocally(TestNG.java:1208)
at org.testng.TestNG.runSuites(TestNG.java:1112)
at org.testng.TestNG.run(TestNG.java:1079)
at org.testng.remote.AbstractRemoteTestNG.run(AbstractRemoteTestNG.java:115)
at org.testng.remote.RemoteTestNG.initAndRun(RemoteTestNG.java:293)
at org.testng.remote.RemoteTestNG.main(RemoteTestNG.java:91)
]]>
            </full-stacktrace>
          </exception> <!-- java.lang.AssertionError -->
          <reporter-output>
          </reporter-output>
        </test-method> <!-- selectConstructionStatus -->
        <test-method signature="clickSelectCalendar()[pri:10, instance:com.propertymonitor.pages.ProjectSearchPage@192c3f1e]" started-at="2025-05-16T00:27:55 IST" name="clickSelectCalendar" finished-at="2025-05-16T00:27:58 IST" duration-ms="2442" status="FAIL">
          <exception class="java.lang.AssertionError">
            <message>
              <![CDATA[Project count did not update after selecting 2025 'upcoming' option on calendar]]>
            </message>
            <full-stacktrace>
              <![CDATA[java.lang.AssertionError: Project count did not update after selecting 2025 'upcoming' option on calendar
at org.testng.Assert.fail(Assert.java:111)
at com.propertymonitor.pages.ProjectSearchPage.clickSelectCalendar(ProjectSearchPage.java:468)
at java.base/jdk.internal.reflect.DirectMethodHandleAccessor.invoke(DirectMethodHandleAccessor.java:104)
at java.base/java.lang.reflect.Method.invoke(Method.java:578)
at org.testng.internal.invokers.MethodInvocationHelper.invokeMethod(MethodInvocationHelper.java:141)
at org.testng.internal.invokers.TestInvoker.invokeMethod(TestInvoker.java:687)
at org.testng.internal.invokers.TestInvoker.invokeTestMethod(TestInvoker.java:230)
at org.testng.internal.invokers.MethodRunner.runInSequence(MethodRunner.java:63)
at org.testng.internal.invokers.TestInvoker$MethodInvocationAgent.invoke(TestInvoker.java:995)
at org.testng.internal.invokers.TestInvoker.invokeTestMethods(TestInvoker.java:203)
at org.testng.internal.invokers.TestMethodWorker.invokeTestMethods(TestMethodWorker.java:154)
at org.testng.internal.invokers.TestMethodWorker.run(TestMethodWorker.java:134)
at java.base/java.util.ArrayList.forEach(ArrayList.java:1511)
at org.testng.TestRunner.privateRun(TestRunner.java:741)
at org.testng.TestRunner.run(TestRunner.java:616)
at org.testng.SuiteRunner.runTest(SuiteRunner.java:421)
at org.testng.SuiteRunner.runSequentially(SuiteRunner.java:413)
at org.testng.SuiteRunner.privateRun(SuiteRunner.java:373)
at org.testng.SuiteRunner.run(SuiteRunner.java:312)
at org.testng.SuiteRunnerWorker.runSuite(SuiteRunnerWorker.java:52)
at org.testng.SuiteRunnerWorker.run(SuiteRunnerWorker.java:95)
at org.testng.TestNG.runSuitesSequentially(TestNG.java:1274)
at org.testng.TestNG.runSuitesLocally(TestNG.java:1208)
at org.testng.TestNG.runSuites(TestNG.java:1112)
at org.testng.TestNG.run(TestNG.java:1079)
at org.testng.remote.AbstractRemoteTestNG.run(AbstractRemoteTestNG.java:115)
at org.testng.remote.RemoteTestNG.initAndRun(RemoteTestNG.java:293)
at org.testng.remote.RemoteTestNG.main(RemoteTestNG.java:91)
]]>
            </full-stacktrace>
          </exception> <!-- java.lang.AssertionError -->
          <reporter-output>
          </reporter-output>
        </test-method> <!-- clickSelectCalendar -->
        <test-method signature="clickUnSelectCalendar()[pri:11, instance:com.propertymonitor.pages.ProjectSearchPage@192c3f1e]" started-at="2025-05-16T00:27:58 IST" name="clickUnSelectCalendar" finished-at="2025-05-16T00:27:59 IST" duration-ms="1120" status="PASS">
          <reporter-output>
          </reporter-output>
        </test-method> <!-- clickUnSelectCalendar -->
        <test-method signature="clickSelectSalesStartDate()[pri:12, instance:com.propertymonitor.pages.ProjectSearchPage@192c3f1e]" started-at="2025-05-16T00:27:59 IST" name="clickSelectSalesStartDate" finished-at="2025-05-16T00:28:01 IST" duration-ms="2449" status="PASS">
          <reporter-output>
          </reporter-output>
        </test-method> <!-- clickSelectSalesStartDate -->
        <test-method signature="clickUnSelectSalesStartDate()[pri:13, instance:com.propertymonitor.pages.ProjectSearchPage@192c3f1e]" started-at="2025-05-16T00:28:01 IST" name="clickUnSelectSalesStartDate" finished-at="2025-05-16T00:28:03 IST" duration-ms="1399" status="PASS">
          <reporter-output>
          </reporter-output>
        </test-method> <!-- clickUnSelectSalesStartDate -->
        <test-method signature="inputMinMaxCompletionPercentage()[pri:14, instance:com.propertymonitor.pages.ProjectSearchPage@192c3f1e]" started-at="2025-05-16T00:28:03 IST" name="inputMinMaxCompletionPercentage" finished-at="2025-05-16T00:28:07 IST" duration-ms="4318" status="PASS">
          <reporter-output>
          </reporter-output>
        </test-method> <!-- inputMinMaxCompletionPercentage -->
        <test-method signature="resetMinMaxCompletionPercentage()[pri:15, instance:com.propertymonitor.pages.ProjectSearchPage@192c3f1e]" started-at="2025-05-16T00:28:07 IST" name="resetMinMaxCompletionPercentage" finished-at="2025-05-16T00:28:12 IST" duration-ms="5320" status="PASS">
          <reporter-output>
          </reporter-output>
        </test-method> <!-- resetMinMaxCompletionPercentage -->
        <test-method signature="selectBedroomLabel()[pri:16, instance:com.propertymonitor.pages.ProjectSearchPage@192c3f1e]" started-at="2025-05-16T00:28:12 IST" name="selectBedroomLabel" finished-at="2025-05-16T00:28:14 IST" duration-ms="1563" status="PASS">
          <reporter-output>
          </reporter-output>
        </test-method> <!-- selectBedroomLabel -->
        <test-method signature="unSelectBedroomLabel()[pri:17, instance:com.propertymonitor.pages.ProjectSearchPage@192c3f1e]" started-at="2025-05-16T00:28:14 IST" name="unSelectBedroomLabel" finished-at="2025-05-16T00:28:15 IST" duration-ms="1489" status="PASS">
          <reporter-output>
          </reporter-output>
        </test-method> <!-- unSelectBedroomLabel -->
        <test-method signature="inputBuiltupValue()[pri:18, instance:com.propertymonitor.pages.ProjectSearchPage@192c3f1e]" started-at="2025-05-16T00:28:15 IST" name="inputBuiltupValue" finished-at="2025-05-16T00:28:21 IST" duration-ms="6091" status="PASS">
          <reporter-output>
          </reporter-output>
        </test-method> <!-- inputBuiltupValue -->
        <test-method signature="inputPlotAreaValue()[pri:19, instance:com.propertymonitor.pages.ProjectSearchPage@192c3f1e]" started-at="2025-05-16T00:28:21 IST" name="inputPlotAreaValue" finished-at="2025-05-16T00:28:27 IST" duration-ms="6045" status="PASS">
          <reporter-output>
          </reporter-output>
        </test-method> <!-- inputPlotAreaValue -->
        <test-method signature="resetBuiltupValue()[pri:19, instance:com.propertymonitor.pages.ProjectSearchPage@192c3f1e]" started-at="2025-05-16T00:28:27 IST" name="resetBuiltupValue" finished-at="2025-05-16T00:28:30 IST" duration-ms="3040" status="PASS">
          <reporter-output>
          </reporter-output>
        </test-method> <!-- resetBuiltupValue -->
        <test-method signature="resetPlotAreaValue()[pri:20, instance:com.propertymonitor.pages.ProjectSearchPage@192c3f1e]" started-at="2025-05-16T00:28:30 IST" name="resetPlotAreaValue" finished-at="2025-05-16T00:28:33 IST" duration-ms="2554" status="PASS">
          <reporter-output>
          </reporter-output>
        </test-method> <!-- resetPlotAreaValue -->
        <test-method signature="inputDownPaymentValue()[pri:21, instance:com.propertymonitor.pages.ProjectSearchPage@192c3f1e]" started-at="2025-05-16T00:28:33 IST" name="inputDownPaymentValue" finished-at="2025-05-16T00:28:38 IST" duration-ms="5375" status="PASS">
          <reporter-output>
          </reporter-output>
        </test-method> <!-- inputDownPaymentValue -->
        <test-method signature="resetDownPaymentValue()[pri:22, instance:com.propertymonitor.pages.ProjectSearchPage@192c3f1e]" started-at="2025-05-16T00:28:38 IST" name="resetDownPaymentValue" finished-at="2025-05-16T00:28:41 IST" duration-ms="2718" status="PASS">
          <reporter-output>
          </reporter-output>
        </test-method> <!-- resetDownPaymentValue -->
        <test-method signature="clickPaymentField()[pri:23, instance:com.propertymonitor.pages.ProjectSearchPage@192c3f1e]" started-at="2025-05-16T00:28:41 IST" name="clickPaymentField" finished-at="2025-05-16T00:28:44 IST" duration-ms="2594" status="PASS">
          <reporter-output>
          </reporter-output>
        </test-method> <!-- clickPaymentField -->
        <test-method signature="unSelectPaymentField()[pri:24, instance:com.propertymonitor.pages.ProjectSearchPage@192c3f1e]" started-at="2025-05-16T00:28:44 IST" name="unSelectPaymentField" finished-at="2025-05-16T00:28:46 IST" duration-ms="1940" status="PASS">
          <reporter-output>
          </reporter-output>
        </test-method> <!-- unSelectPaymentField -->
        <test-method signature="clickSelectDld()[pri:25, instance:com.propertymonitor.pages.ProjectSearchPage@192c3f1e]" started-at="2025-05-16T00:28:46 IST" name="clickSelectDld" finished-at="2025-05-16T00:28:48 IST" duration-ms="2400" status="PASS">
          <reporter-output>
          </reporter-output>
        </test-method> <!-- clickSelectDld -->
        <test-method signature="unSelectDld()[pri:26, instance:com.propertymonitor.pages.ProjectSearchPage@192c3f1e]" started-at="2025-05-16T00:28:48 IST" name="unSelectDld" finished-at="2025-05-16T00:28:51 IST" duration-ms="2610" status="PASS">
          <reporter-output>
          </reporter-output>
        </test-method> <!-- unSelectDld -->
        <test-method signature="inputBrokerCommissionValue()[pri:27, instance:com.propertymonitor.pages.ProjectSearchPage@192c3f1e]" started-at="2025-05-16T00:28:51 IST" name="inputBrokerCommissionValue" finished-at="2025-05-16T00:28:55 IST" duration-ms="4374" status="PASS">
          <reporter-output>
          </reporter-output>
        </test-method> <!-- inputBrokerCommissionValue -->
        <test-method signature="resetBrokerCommissionValue()[pri:28, instance:com.propertymonitor.pages.ProjectSearchPage@192c3f1e]" started-at="2025-05-16T00:28:55 IST" name="resetBrokerCommissionValue" finished-at="2025-05-16T00:28:59 IST" duration-ms="3648" status="FAIL">
          <exception class="java.lang.AssertionError">
            <message>
              <![CDATA[Project count did not update after user Reset Min and Max value of Broker commisison]]>
            </message>
            <full-stacktrace>
              <![CDATA[java.lang.AssertionError: Project count did not update after user Reset Min and Max value of Broker commisison
at org.testng.Assert.fail(Assert.java:111)
at com.propertymonitor.pages.ProjectSearchPage.resetBrokerCommissionValue(ProjectSearchPage.java:1060)
at java.base/jdk.internal.reflect.DirectMethodHandleAccessor.invoke(DirectMethodHandleAccessor.java:104)
at java.base/java.lang.reflect.Method.invoke(Method.java:578)
at org.testng.internal.invokers.MethodInvocationHelper.invokeMethod(MethodInvocationHelper.java:141)
at org.testng.internal.invokers.TestInvoker.invokeMethod(TestInvoker.java:687)
at org.testng.internal.invokers.TestInvoker.invokeTestMethod(TestInvoker.java:230)
at org.testng.internal.invokers.MethodRunner.runInSequence(MethodRunner.java:63)
at org.testng.internal.invokers.TestInvoker$MethodInvocationAgent.invoke(TestInvoker.java:995)
at org.testng.internal.invokers.TestInvoker.invokeTestMethods(TestInvoker.java:203)
at org.testng.internal.invokers.TestMethodWorker.invokeTestMethods(TestMethodWorker.java:154)
at org.testng.internal.invokers.TestMethodWorker.run(TestMethodWorker.java:134)
at java.base/java.util.ArrayList.forEach(ArrayList.java:1511)
at org.testng.TestRunner.privateRun(TestRunner.java:741)
at org.testng.TestRunner.run(TestRunner.java:616)
at org.testng.SuiteRunner.runTest(SuiteRunner.java:421)
at org.testng.SuiteRunner.runSequentially(SuiteRunner.java:413)
at org.testng.SuiteRunner.privateRun(SuiteRunner.java:373)
at org.testng.SuiteRunner.run(SuiteRunner.java:312)
at org.testng.SuiteRunnerWorker.runSuite(SuiteRunnerWorker.java:52)
at org.testng.SuiteRunnerWorker.run(SuiteRunnerWorker.java:95)
at org.testng.TestNG.runSuitesSequentially(TestNG.java:1274)
at org.testng.TestNG.runSuitesLocally(TestNG.java:1208)
at org.testng.TestNG.runSuites(TestNG.java:1112)
at org.testng.TestNG.run(TestNG.java:1079)
at org.testng.remote.AbstractRemoteTestNG.run(AbstractRemoteTestNG.java:115)
at org.testng.remote.RemoteTestNG.initAndRun(RemoteTestNG.java:293)
at org.testng.remote.RemoteTestNG.main(RemoteTestNG.java:91)
]]>
            </full-stacktrace>
          </exception> <!-- java.lang.AssertionError -->
          <reporter-output>
          </reporter-output>
        </test-method> <!-- resetBrokerCommissionValue -->
        <test-method signature="heightClassFilter()[pri:29, instance:com.propertymonitor.pages.ProjectSearchPage@192c3f1e]" started-at="2025-05-16T00:28:59 IST" name="heightClassFilter" finished-at="2025-05-16T00:29:02 IST" duration-ms="3425" status="FAIL">
          <exception class="java.lang.AssertionError">
            <message>
              <![CDATA[Project count did not update after user selected the Mid Rise option]]>
            </message>
            <full-stacktrace>
              <![CDATA[java.lang.AssertionError: Project count did not update after user selected the Mid Rise option
at org.testng.Assert.fail(Assert.java:111)
at com.propertymonitor.pages.ProjectSearchPage.heightClassFilter(ProjectSearchPage.java:1091)
at java.base/jdk.internal.reflect.DirectMethodHandleAccessor.invoke(DirectMethodHandleAccessor.java:104)
at java.base/java.lang.reflect.Method.invoke(Method.java:578)
at org.testng.internal.invokers.MethodInvocationHelper.invokeMethod(MethodInvocationHelper.java:141)
at org.testng.internal.invokers.TestInvoker.invokeMethod(TestInvoker.java:687)
at org.testng.internal.invokers.TestInvoker.invokeTestMethod(TestInvoker.java:230)
at org.testng.internal.invokers.MethodRunner.runInSequence(MethodRunner.java:63)
at org.testng.internal.invokers.TestInvoker$MethodInvocationAgent.invoke(TestInvoker.java:995)
at org.testng.internal.invokers.TestInvoker.invokeTestMethods(TestInvoker.java:203)
at org.testng.internal.invokers.TestMethodWorker.invokeTestMethods(TestMethodWorker.java:154)
at org.testng.internal.invokers.TestMethodWorker.run(TestMethodWorker.java:134)
at java.base/java.util.ArrayList.forEach(ArrayList.java:1511)
at org.testng.TestRunner.privateRun(TestRunner.java:741)
at org.testng.TestRunner.run(TestRunner.java:616)
at org.testng.SuiteRunner.runTest(SuiteRunner.java:421)
at org.testng.SuiteRunner.runSequentially(SuiteRunner.java:413)
at org.testng.SuiteRunner.privateRun(SuiteRunner.java:373)
at org.testng.SuiteRunner.run(SuiteRunner.java:312)
at org.testng.SuiteRunnerWorker.runSuite(SuiteRunnerWorker.java:52)
at org.testng.SuiteRunnerWorker.run(SuiteRunnerWorker.java:95)
at org.testng.TestNG.runSuitesSequentially(TestNG.java:1274)
at org.testng.TestNG.runSuitesLocally(TestNG.java:1208)
at org.testng.TestNG.runSuites(TestNG.java:1112)
at org.testng.TestNG.run(TestNG.java:1079)
at org.testng.remote.AbstractRemoteTestNG.run(AbstractRemoteTestNG.java:115)
at org.testng.remote.RemoteTestNG.initAndRun(RemoteTestNG.java:293)
at org.testng.remote.RemoteTestNG.main(RemoteTestNG.java:91)
]]>
            </full-stacktrace>
          </exception> <!-- java.lang.AssertionError -->
          <reporter-output>
          </reporter-output>
        </test-method> <!-- heightClassFilter -->
        <test-method signature="unSelectheightClassFilter()[pri:30, instance:com.propertymonitor.pages.ProjectSearchPage@192c3f1e]" started-at="2025-05-16T00:29:02 IST" name="unSelectheightClassFilter" finished-at="2025-05-16T00:29:05 IST" duration-ms="3063" status="PASS">
          <reporter-output>
          </reporter-output>
        </test-method> <!-- unSelectheightClassFilter -->
        <test-method signature="selectBrandFilter()[pri:31, instance:com.propertymonitor.pages.ProjectSearchPage@192c3f1e]" started-at="2025-05-16T00:29:05 IST" name="selectBrandFilter" finished-at="2025-05-16T00:29:10 IST" duration-ms="5218" status="PASS">
          <reporter-output>
          </reporter-output>
        </test-method> <!-- selectBrandFilter -->
        <test-method signature="unSelectBrandFilter()[pri:32, instance:com.propertymonitor.pages.ProjectSearchPage@192c3f1e]" started-at="2025-05-16T00:29:10 IST" name="unSelectBrandFilter" finished-at="2025-05-16T00:29:15 IST" duration-ms="4665" status="PASS">
          <reporter-output>
          </reporter-output>
        </test-method> <!-- unSelectBrandFilter -->
        <test-method signature="clickFurnishingFilter()[pri:33, instance:com.propertymonitor.pages.ProjectSearchPage@192c3f1e]" started-at="2025-05-16T00:29:15 IST" name="clickFurnishingFilter" finished-at="2025-05-16T00:29:17 IST" duration-ms="2039" status="FAIL">
          <exception class="java.lang.AssertionError">
            <message>
              <![CDATA[Project count did not update after user selected the 'Partially Furnished' option]]>
            </message>
            <full-stacktrace>
              <![CDATA[java.lang.AssertionError: Project count did not update after user selected the 'Partially Furnished' option
at org.testng.Assert.fail(Assert.java:111)
at com.propertymonitor.pages.ProjectSearchPage.clickFurnishingFilter(ProjectSearchPage.java:1226)
at java.base/jdk.internal.reflect.DirectMethodHandleAccessor.invoke(DirectMethodHandleAccessor.java:104)
at java.base/java.lang.reflect.Method.invoke(Method.java:578)
at org.testng.internal.invokers.MethodInvocationHelper.invokeMethod(MethodInvocationHelper.java:141)
at org.testng.internal.invokers.TestInvoker.invokeMethod(TestInvoker.java:687)
at org.testng.internal.invokers.TestInvoker.invokeTestMethod(TestInvoker.java:230)
at org.testng.internal.invokers.MethodRunner.runInSequence(MethodRunner.java:63)
at org.testng.internal.invokers.TestInvoker$MethodInvocationAgent.invoke(TestInvoker.java:995)
at org.testng.internal.invokers.TestInvoker.invokeTestMethods(TestInvoker.java:203)
at org.testng.internal.invokers.TestMethodWorker.invokeTestMethods(TestMethodWorker.java:154)
at org.testng.internal.invokers.TestMethodWorker.run(TestMethodWorker.java:134)
at java.base/java.util.ArrayList.forEach(ArrayList.java:1511)
at org.testng.TestRunner.privateRun(TestRunner.java:741)
at org.testng.TestRunner.run(TestRunner.java:616)
at org.testng.SuiteRunner.runTest(SuiteRunner.java:421)
at org.testng.SuiteRunner.runSequentially(SuiteRunner.java:413)
at org.testng.SuiteRunner.privateRun(SuiteRunner.java:373)
at org.testng.SuiteRunner.run(SuiteRunner.java:312)
at org.testng.SuiteRunnerWorker.runSuite(SuiteRunnerWorker.java:52)
at org.testng.SuiteRunnerWorker.run(SuiteRunnerWorker.java:95)
at org.testng.TestNG.runSuitesSequentially(TestNG.java:1274)
at org.testng.TestNG.runSuitesLocally(TestNG.java:1208)
at org.testng.TestNG.runSuites(TestNG.java:1112)
at org.testng.TestNG.run(TestNG.java:1079)
at org.testng.remote.AbstractRemoteTestNG.run(AbstractRemoteTestNG.java:115)
at org.testng.remote.RemoteTestNG.initAndRun(RemoteTestNG.java:293)
at org.testng.remote.RemoteTestNG.main(RemoteTestNG.java:91)
]]>
            </full-stacktrace>
          </exception> <!-- java.lang.AssertionError -->
          <reporter-output>
          </reporter-output>
        </test-method> <!-- clickFurnishingFilter -->
        <test-method signature="unSelectFurnishingFilter()[pri:34, instance:com.propertymonitor.pages.ProjectSearchPage@192c3f1e]" started-at="2025-05-16T00:29:17 IST" name="unSelectFurnishingFilter" finished-at="2025-05-16T00:29:19 IST" duration-ms="2324" status="FAIL">
          <exception class="java.lang.AssertionError">
            <message>
              <![CDATA[Project count did not update after user unselected the 'Partially Furnished' option]]>
            </message>
            <full-stacktrace>
              <![CDATA[java.lang.AssertionError: Project count did not update after user unselected the 'Partially Furnished' option
at org.testng.Assert.fail(Assert.java:111)
at com.propertymonitor.pages.ProjectSearchPage.unSelectFurnishingFilter(ProjectSearchPage.java:1257)
at java.base/jdk.internal.reflect.DirectMethodHandleAccessor.invoke(DirectMethodHandleAccessor.java:104)
at java.base/java.lang.reflect.Method.invoke(Method.java:578)
at org.testng.internal.invokers.MethodInvocationHelper.invokeMethod(MethodInvocationHelper.java:141)
at org.testng.internal.invokers.TestInvoker.invokeMethod(TestInvoker.java:687)
at org.testng.internal.invokers.TestInvoker.invokeTestMethod(TestInvoker.java:230)
at org.testng.internal.invokers.MethodRunner.runInSequence(MethodRunner.java:63)
at org.testng.internal.invokers.TestInvoker$MethodInvocationAgent.invoke(TestInvoker.java:995)
at org.testng.internal.invokers.TestInvoker.invokeTestMethods(TestInvoker.java:203)
at org.testng.internal.invokers.TestMethodWorker.invokeTestMethods(TestMethodWorker.java:154)
at org.testng.internal.invokers.TestMethodWorker.run(TestMethodWorker.java:134)
at java.base/java.util.ArrayList.forEach(ArrayList.java:1511)
at org.testng.TestRunner.privateRun(TestRunner.java:741)
at org.testng.TestRunner.run(TestRunner.java:616)
at org.testng.SuiteRunner.runTest(SuiteRunner.java:421)
at org.testng.SuiteRunner.runSequentially(SuiteRunner.java:413)
at org.testng.SuiteRunner.privateRun(SuiteRunner.java:373)
at org.testng.SuiteRunner.run(SuiteRunner.java:312)
at org.testng.SuiteRunnerWorker.runSuite(SuiteRunnerWorker.java:52)
at org.testng.SuiteRunnerWorker.run(SuiteRunnerWorker.java:95)
at org.testng.TestNG.runSuitesSequentially(TestNG.java:1274)
at org.testng.TestNG.runSuitesLocally(TestNG.java:1208)
at org.testng.TestNG.runSuites(TestNG.java:1112)
at org.testng.TestNG.run(TestNG.java:1079)
at org.testng.remote.AbstractRemoteTestNG.run(AbstractRemoteTestNG.java:115)
at org.testng.remote.RemoteTestNG.initAndRun(RemoteTestNG.java:293)
at org.testng.remote.RemoteTestNG.main(RemoteTestNG.java:91)
]]>
            </full-stacktrace>
          </exception> <!-- java.lang.AssertionError -->
          <reporter-output>
          </reporter-output>
        </test-method> <!-- unSelectFurnishingFilter -->
        <test-method signature="clickKitchenFilter()[pri:35, instance:com.propertymonitor.pages.ProjectSearchPage@192c3f1e]" started-at="2025-05-16T00:29:19 IST" name="clickKitchenFilter" finished-at="2025-05-16T00:29:22 IST" duration-ms="2596" status="FAIL">
          <exception class="java.lang.AssertionError">
            <message>
              <![CDATA[Project count did not update after user selected the 'Partially equipped' kitchen option]]>
            </message>
            <full-stacktrace>
              <![CDATA[java.lang.AssertionError: Project count did not update after user selected the 'Partially equipped' kitchen option
at org.testng.Assert.fail(Assert.java:111)
at com.propertymonitor.pages.ProjectSearchPage.clickKitchenFilter(ProjectSearchPage.java:1288)
at java.base/jdk.internal.reflect.DirectMethodHandleAccessor.invoke(DirectMethodHandleAccessor.java:104)
at java.base/java.lang.reflect.Method.invoke(Method.java:578)
at org.testng.internal.invokers.MethodInvocationHelper.invokeMethod(MethodInvocationHelper.java:141)
at org.testng.internal.invokers.TestInvoker.invokeMethod(TestInvoker.java:687)
at org.testng.internal.invokers.TestInvoker.invokeTestMethod(TestInvoker.java:230)
at org.testng.internal.invokers.MethodRunner.runInSequence(MethodRunner.java:63)
at org.testng.internal.invokers.TestInvoker$MethodInvocationAgent.invoke(TestInvoker.java:995)
at org.testng.internal.invokers.TestInvoker.invokeTestMethods(TestInvoker.java:203)
at org.testng.internal.invokers.TestMethodWorker.invokeTestMethods(TestMethodWorker.java:154)
at org.testng.internal.invokers.TestMethodWorker.run(TestMethodWorker.java:134)
at java.base/java.util.ArrayList.forEach(ArrayList.java:1511)
at org.testng.TestRunner.privateRun(TestRunner.java:741)
at org.testng.TestRunner.run(TestRunner.java:616)
at org.testng.SuiteRunner.runTest(SuiteRunner.java:421)
at org.testng.SuiteRunner.runSequentially(SuiteRunner.java:413)
at org.testng.SuiteRunner.privateRun(SuiteRunner.java:373)
at org.testng.SuiteRunner.run(SuiteRunner.java:312)
at org.testng.SuiteRunnerWorker.runSuite(SuiteRunnerWorker.java:52)
at org.testng.SuiteRunnerWorker.run(SuiteRunnerWorker.java:95)
at org.testng.TestNG.runSuitesSequentially(TestNG.java:1274)
at org.testng.TestNG.runSuitesLocally(TestNG.java:1208)
at org.testng.TestNG.runSuites(TestNG.java:1112)
at org.testng.TestNG.run(TestNG.java:1079)
at org.testng.remote.AbstractRemoteTestNG.run(AbstractRemoteTestNG.java:115)
at org.testng.remote.RemoteTestNG.initAndRun(RemoteTestNG.java:293)
at org.testng.remote.RemoteTestNG.main(RemoteTestNG.java:91)
]]>
            </full-stacktrace>
          </exception> <!-- java.lang.AssertionError -->
          <reporter-output>
          </reporter-output>
        </test-method> <!-- clickKitchenFilter -->
        <test-method signature="unSelectKitchenFilter()[pri:36, instance:com.propertymonitor.pages.ProjectSearchPage@192c3f1e]" started-at="2025-05-16T00:29:22 IST" name="unSelectKitchenFilter" finished-at="2025-05-16T00:29:24 IST" duration-ms="2177" status="FAIL">
          <exception class="java.lang.AssertionError">
            <message>
              <![CDATA[Project count did not update after user unselected the 'Partially equipped' kitchen option]]>
            </message>
            <full-stacktrace>
              <![CDATA[java.lang.AssertionError: Project count did not update after user unselected the 'Partially equipped' kitchen option
at org.testng.Assert.fail(Assert.java:111)
at com.propertymonitor.pages.ProjectSearchPage.unSelectKitchenFilter(ProjectSearchPage.java:1319)
at java.base/jdk.internal.reflect.DirectMethodHandleAccessor.invoke(DirectMethodHandleAccessor.java:104)
at java.base/java.lang.reflect.Method.invoke(Method.java:578)
at org.testng.internal.invokers.MethodInvocationHelper.invokeMethod(MethodInvocationHelper.java:141)
at org.testng.internal.invokers.TestInvoker.invokeMethod(TestInvoker.java:687)
at org.testng.internal.invokers.TestInvoker.invokeTestMethod(TestInvoker.java:230)
at org.testng.internal.invokers.MethodRunner.runInSequence(MethodRunner.java:63)
at org.testng.internal.invokers.TestInvoker$MethodInvocationAgent.invoke(TestInvoker.java:995)
at org.testng.internal.invokers.TestInvoker.invokeTestMethods(TestInvoker.java:203)
at org.testng.internal.invokers.TestMethodWorker.invokeTestMethods(TestMethodWorker.java:154)
at org.testng.internal.invokers.TestMethodWorker.run(TestMethodWorker.java:134)
at java.base/java.util.ArrayList.forEach(ArrayList.java:1511)
at org.testng.TestRunner.privateRun(TestRunner.java:741)
at org.testng.TestRunner.run(TestRunner.java:616)
at org.testng.SuiteRunner.runTest(SuiteRunner.java:421)
at org.testng.SuiteRunner.runSequentially(SuiteRunner.java:413)
at org.testng.SuiteRunner.privateRun(SuiteRunner.java:373)
at org.testng.SuiteRunner.run(SuiteRunner.java:312)
at org.testng.SuiteRunnerWorker.runSuite(SuiteRunnerWorker.java:52)
at org.testng.SuiteRunnerWorker.run(SuiteRunnerWorker.java:95)
at org.testng.TestNG.runSuitesSequentially(TestNG.java:1274)
at org.testng.TestNG.runSuitesLocally(TestNG.java:1208)
at org.testng.TestNG.runSuites(TestNG.java:1112)
at org.testng.TestNG.run(TestNG.java:1079)
at org.testng.remote.AbstractRemoteTestNG.run(AbstractRemoteTestNG.java:115)
at org.testng.remote.RemoteTestNG.initAndRun(RemoteTestNG.java:293)
at org.testng.remote.RemoteTestNG.main(RemoteTestNG.java:91)
]]>
            </full-stacktrace>
          </exception> <!-- java.lang.AssertionError -->
          <reporter-output>
          </reporter-output>
        </test-method> <!-- unSelectKitchenFilter -->
        <test-method signature="selectMultipleAmenities()[pri:37, instance:com.propertymonitor.pages.ProjectSearchPage@192c3f1e]" started-at="2025-05-16T00:29:24 IST" name="selectMultipleAmenities" finished-at="2025-05-16T00:29:27 IST" duration-ms="2946" status="PASS">
          <reporter-output>
          </reporter-output>
        </test-method> <!-- selectMultipleAmenities -->
        <test-method signature="clickResetFilter()[pri:38, instance:com.propertymonitor.pages.ProjectSearchPage@192c3f1e]" started-at="2025-05-16T00:29:27 IST" name="clickResetFilter" finished-at="2025-05-16T00:29:29 IST" duration-ms="1966" status="PASS">
          <reporter-output>
          </reporter-output>
        </test-method> <!-- clickResetFilter -->
        <test-method signature="clickApplyButton()[pri:39, instance:com.propertymonitor.pages.ProjectSearchPage@192c3f1e]" started-at="2025-05-16T00:29:29 IST" name="clickApplyButton" finished-at="2025-05-16T00:29:32 IST" duration-ms="3338" status="PASS">
          <reporter-output>
          </reporter-output>
        </test-method> <!-- clickApplyButton -->
        <test-method signature="verifyHeatMapSelected()[pri:40, instance:com.propertymonitor.pages.ProjectSearchPage@192c3f1e]" started-at="2025-05-16T00:29:32 IST" name="verifyHeatMapSelected" finished-at="2025-05-16T00:29:35 IST" duration-ms="2039" status="PASS">
          <reporter-output>
          </reporter-output>
        </test-method> <!-- verifyHeatMapSelected -->
      </class> <!-- com.propertymonitor.pages.ProjectSearchPage -->
    </test> <!-- Regression Tests -->
  </suite> <!-- PropertyMonitorSuite -->
</testng-results>
