<?xml version="1.0" encoding="UTF-8"?>
<testng-results ignored="0" total="43" passed="31" failed="12" skipped="0">
  <reporter-output>
  </reporter-output>
  <suite started-at="2025-05-16T23:13:27 IST" name="PropertyMonitorSuite" finished-at="2025-05-16T23:16:01 IST" duration-ms="153391">
    <groups>
    </groups>
    <test started-at="2025-05-16T23:13:27 IST" name="Regression Tests" finished-at="2025-05-16T23:16:01 IST" duration-ms="153391">
      <class name="com.propertymonitor.pages.LoginPage">
        <test-method is-config="true" signature="setUp()[pri:0, instance:com.propertymonitor.pages.LoginPage@1e178745]" started-at="2025-05-16T23:13:27 IST" name="setUp" finished-at="2025-05-16T23:13:44 IST" duration-ms="16897" status="PASS">
          <reporter-output>
          </reporter-output>
        </test-method> <!-- setUp -->
        <test-method signature="testValidLogin()[pri:1, instance:com.propertymonitor.pages.LoginPage@1e178745]" started-at="2025-05-16T23:13:44 IST" name="testValidLogin" finished-at="2025-05-16T23:13:44 IST" duration-ms="37" status="PASS">
          <reporter-output>
          </reporter-output>
        </test-method> <!-- testValidLogin -->
        <test-method signature="verifyProjectSearchPageURL()[pri:2, instance:com.propertymonitor.pages.LoginPage@1e178745]" started-at="2025-05-16T23:13:44 IST" name="verifyProjectSearchPageURL" finished-at="2025-05-16T23:13:44 IST" duration-ms="25" status="PASS">
          <reporter-output>
          </reporter-output>
        </test-method> <!-- verifyProjectSearchPageURL -->
      </class> <!-- com.propertymonitor.pages.LoginPage -->
      <class name="com.propertymonitor.base.BaseTest">
        <test-method is-config="true" signature="initializeDriver()[pri:0, instance:com.propertymonitor.base.BaseTest@2df3b89c]" started-at="2025-05-16T23:13:20 IST" name="initializeDriver" finished-at="2025-05-16T23:13:27 IST" duration-ms="7767" status="PASS">
          <reporter-output>
          </reporter-output>
        </test-method> <!-- initializeDriver -->
      </class> <!-- com.propertymonitor.base.BaseTest -->
      <class name="com.propertymonitor.pages.ProjectSearchPage">
        <test-method is-config="true" signature="setUp()[pri:0, instance:com.propertymonitor.pages.ProjectSearchPage@192c3f1e]" started-at="2025-05-16T23:13:44 IST" name="setUp" finished-at="2025-05-16T23:13:44 IST" duration-ms="10" status="PASS">
          <reporter-output>
          </reporter-output>
        </test-method> <!-- setUp -->
        <test-method signature="testSearchLocationUpdatesProjectCount()[pri:1, instance:com.propertymonitor.pages.ProjectSearchPage@192c3f1e]" started-at="2025-05-16T23:13:44 IST" name="testSearchLocationUpdatesProjectCount" finished-at="2025-05-16T23:14:01 IST" duration-ms="16134" status="PASS">
          <reporter-output>
          </reporter-output>
        </test-method> <!-- testSearchLocationUpdatesProjectCount -->
        <test-method signature="testClearLocationUpdatesProjectCount()[pri:2, instance:com.propertymonitor.pages.ProjectSearchPage@192c3f1e]" started-at="2025-05-16T23:14:01 IST" name="testClearLocationUpdatesProjectCount" finished-at="2025-05-16T23:14:07 IST" duration-ms="6574" status="PASS">
          <reporter-output>
          </reporter-output>
        </test-method> <!-- testClearLocationUpdatesProjectCount -->
        <test-method signature="testSelectApartmentUnitType()[pri:3, instance:com.propertymonitor.pages.ProjectSearchPage@192c3f1e]" started-at="2025-05-16T23:14:07 IST" name="testSelectApartmentUnitType" finished-at="2025-05-16T23:14:15 IST" duration-ms="8190" status="PASS">
          <reporter-output>
          </reporter-output>
        </test-method> <!-- testSelectApartmentUnitType -->
        <test-method signature="testUnselectApartmentUnitType()[pri:4, instance:com.propertymonitor.pages.ProjectSearchPage@192c3f1e]" started-at="2025-05-16T23:14:15 IST" name="testUnselectApartmentUnitType" finished-at="2025-05-16T23:14:22 IST" duration-ms="6736" status="PASS">
          <reporter-output>
          </reporter-output>
        </test-method> <!-- testUnselectApartmentUnitType -->
        <test-method signature="uncheckUpcomingSaleStatus()[pri:5, instance:com.propertymonitor.pages.ProjectSearchPage@192c3f1e]" started-at="2025-05-16T23:14:22 IST" name="uncheckUpcomingSaleStatus" finished-at="2025-05-16T23:14:29 IST" duration-ms="6872" status="PASS">
          <reporter-output>
          </reporter-output>
        </test-method> <!-- uncheckUpcomingSaleStatus -->
        <test-method signature="selectUpcomingSaleStatus()[pri:6, instance:com.propertymonitor.pages.ProjectSearchPage@192c3f1e]" started-at="2025-05-16T23:14:29 IST" name="selectUpcomingSaleStatus" finished-at="2025-05-16T23:14:32 IST" duration-ms="2673" status="PASS">
          <reporter-output>
          </reporter-output>
        </test-method> <!-- selectUpcomingSaleStatus -->
        <test-method signature="clickSearchDeveloper()[pri:7, instance:com.propertymonitor.pages.ProjectSearchPage@192c3f1e]" started-at="2025-05-16T23:14:32 IST" name="clickSearchDeveloper" finished-at="2025-05-16T23:14:52 IST" duration-ms="19900" status="PASS">
          <reporter-output>
          </reporter-output>
        </test-method> <!-- clickSearchDeveloper -->
        <test-method signature="clickAdvanceFilter()[pri:8, instance:com.propertymonitor.pages.ProjectSearchPage@192c3f1e]" started-at="2025-05-16T23:14:52 IST" name="clickAdvanceFilter" finished-at="2025-05-16T23:14:54 IST" duration-ms="2025" status="PASS">
          <reporter-output>
          </reporter-output>
        </test-method> <!-- clickAdvanceFilter -->
        <test-method signature="selectConstructionStatus()[pri:9, instance:com.propertymonitor.pages.ProjectSearchPage@192c3f1e]" started-at="2025-05-16T23:14:54 IST" name="selectConstructionStatus" finished-at="2025-05-16T23:14:56 IST" duration-ms="2520" status="FAIL">
          <exception class="java.lang.AssertionError">
            <message>
              <![CDATA[Project count did not update after selecting an upcoming construction status.]]>
            </message>
            <full-stacktrace>
              <![CDATA[java.lang.AssertionError: Project count did not update after selecting an upcoming construction status.
at org.testng.Assert.fail(Assert.java:111)
at com.propertymonitor.pages.ProjectSearchPage.selectConstructionStatus(ProjectSearchPage.java:427)
at java.base/jdk.internal.reflect.DirectMethodHandleAccessor.invoke(DirectMethodHandleAccessor.java:104)
at java.base/java.lang.reflect.Method.invoke(Method.java:578)
at org.testng.internal.invokers.MethodInvocationHelper.invokeMethod(MethodInvocationHelper.java:141)
at org.testng.internal.invokers.TestInvoker.invokeMethod(TestInvoker.java:687)
at org.testng.internal.invokers.TestInvoker.invokeTestMethod(TestInvoker.java:230)
at org.testng.internal.invokers.MethodRunner.runInSequence(MethodRunner.java:63)
at org.testng.internal.invokers.TestInvoker$MethodInvocationAgent.invoke(TestInvoker.java:995)
at org.testng.internal.invokers.TestInvoker.invokeTestMethods(TestInvoker.java:203)
at org.testng.internal.invokers.TestMethodWorker.invokeTestMethods(TestMethodWorker.java:154)
at org.testng.internal.invokers.TestMethodWorker.run(TestMethodWorker.java:134)
at java.base/java.util.ArrayList.forEach(ArrayList.java:1511)
at org.testng.TestRunner.privateRun(TestRunner.java:741)
at org.testng.TestRunner.run(TestRunner.java:616)
at org.testng.SuiteRunner.runTest(SuiteRunner.java:421)
at org.testng.SuiteRunner.runSequentially(SuiteRunner.java:413)
at org.testng.SuiteRunner.privateRun(SuiteRunner.java:373)
at org.testng.SuiteRunner.run(SuiteRunner.java:312)
at org.testng.SuiteRunnerWorker.runSuite(SuiteRunnerWorker.java:52)
at org.testng.SuiteRunnerWorker.run(SuiteRunnerWorker.java:95)
at org.testng.TestNG.runSuitesSequentially(TestNG.java:1274)
at org.testng.TestNG.runSuitesLocally(TestNG.java:1208)
at org.testng.TestNG.runSuites(TestNG.java:1112)
at org.testng.TestNG.run(TestNG.java:1079)
at org.testng.remote.AbstractRemoteTestNG.run(AbstractRemoteTestNG.java:115)
at org.testng.remote.RemoteTestNG.initAndRun(RemoteTestNG.java:293)
at org.testng.remote.RemoteTestNG.main(RemoteTestNG.java:91)
]]>
            </full-stacktrace>
          </exception> <!-- java.lang.AssertionError -->
          <reporter-output>
          </reporter-output>
        </test-method> <!-- selectConstructionStatus -->
        <test-method signature="clickSelectCalendar()[pri:10, instance:com.propertymonitor.pages.ProjectSearchPage@192c3f1e]" started-at="2025-05-16T23:14:56 IST" name="clickSelectCalendar" finished-at="2025-05-16T23:14:58 IST" duration-ms="1972" status="PASS">
          <reporter-output>
          </reporter-output>
        </test-method> <!-- clickSelectCalendar -->
        <test-method signature="clickUnSelectCalendar()[pri:11, instance:com.propertymonitor.pages.ProjectSearchPage@192c3f1e]" started-at="2025-05-16T23:14:58 IST" name="clickUnSelectCalendar" finished-at="2025-05-16T23:14:59 IST" duration-ms="641" status="FAIL">
          <exception class="java.lang.AssertionError">
            <message>
              <![CDATA[Project count did not update after Click on the close icon to Reset the Selected completion Date.]]>
            </message>
            <full-stacktrace>
              <![CDATA[java.lang.AssertionError: Project count did not update after Click on the close icon to Reset the Selected completion Date.
at org.testng.Assert.fail(Assert.java:111)
at com.propertymonitor.pages.ProjectSearchPage.clickUnSelectCalendar(ProjectSearchPage.java:491)
at java.base/jdk.internal.reflect.DirectMethodHandleAccessor.invoke(DirectMethodHandleAccessor.java:104)
at java.base/java.lang.reflect.Method.invoke(Method.java:578)
at org.testng.internal.invokers.MethodInvocationHelper.invokeMethod(MethodInvocationHelper.java:141)
at org.testng.internal.invokers.TestInvoker.invokeMethod(TestInvoker.java:687)
at org.testng.internal.invokers.TestInvoker.invokeTestMethod(TestInvoker.java:230)
at org.testng.internal.invokers.MethodRunner.runInSequence(MethodRunner.java:63)
at org.testng.internal.invokers.TestInvoker$MethodInvocationAgent.invoke(TestInvoker.java:995)
at org.testng.internal.invokers.TestInvoker.invokeTestMethods(TestInvoker.java:203)
at org.testng.internal.invokers.TestMethodWorker.invokeTestMethods(TestMethodWorker.java:154)
at org.testng.internal.invokers.TestMethodWorker.run(TestMethodWorker.java:134)
at java.base/java.util.ArrayList.forEach(ArrayList.java:1511)
at org.testng.TestRunner.privateRun(TestRunner.java:741)
at org.testng.TestRunner.run(TestRunner.java:616)
at org.testng.SuiteRunner.runTest(SuiteRunner.java:421)
at org.testng.SuiteRunner.runSequentially(SuiteRunner.java:413)
at org.testng.SuiteRunner.privateRun(SuiteRunner.java:373)
at org.testng.SuiteRunner.run(SuiteRunner.java:312)
at org.testng.SuiteRunnerWorker.runSuite(SuiteRunnerWorker.java:52)
at org.testng.SuiteRunnerWorker.run(SuiteRunnerWorker.java:95)
at org.testng.TestNG.runSuitesSequentially(TestNG.java:1274)
at org.testng.TestNG.runSuitesLocally(TestNG.java:1208)
at org.testng.TestNG.runSuites(TestNG.java:1112)
at org.testng.TestNG.run(TestNG.java:1079)
at org.testng.remote.AbstractRemoteTestNG.run(AbstractRemoteTestNG.java:115)
at org.testng.remote.RemoteTestNG.initAndRun(RemoteTestNG.java:293)
at org.testng.remote.RemoteTestNG.main(RemoteTestNG.java:91)
]]>
            </full-stacktrace>
          </exception> <!-- java.lang.AssertionError -->
          <reporter-output>
          </reporter-output>
        </test-method> <!-- clickUnSelectCalendar -->
        <test-method signature="clickSelectSalesStartDate()[pri:12, instance:com.propertymonitor.pages.ProjectSearchPage@192c3f1e]" started-at="2025-05-16T23:14:59 IST" name="clickSelectSalesStartDate" finished-at="2025-05-16T23:15:00 IST" duration-ms="1470" status="FAIL">
          <exception class="org.openqa.selenium.StaleElementReferenceException">
            <message>
              <![CDATA[The element with the reference 98346291-0e28-4d8e-9f2b-5bbb39e7635d is stale; either its node document is not the active document, or it is no longer connected to the DOM
For documentation on this error, please visit: https://www.selenium.dev/documentation/webdriver/troubleshooting/errors#stale-element-reference-exception
Build info: version: '4.17.0', revision: 'e52b1be057*'
System info: os.name: 'Windows 10', os.arch: 'amd64', os.version: '10.0', java.version: '19.0.2'
Driver info: org.openqa.selenium.firefox.FirefoxDriver
Command: [50c3b3d7-a933-44d0-a567-c272e12af785, getElementText {id=98346291-0e28-4d8e-9f2b-5bbb39e7635d}]
Capabilities {acceptInsecureCerts: true, browserName: firefox, browserVersion: 138.0.1, moz:accessibilityChecks: false, moz:buildID: 20250430203103, moz:geckodriverVersion: 0.36.0, moz:headless: false, moz:platformVersion: 10.0, moz:processID: 9728, moz:profile: C:\Users\admin\AppData\Loca..., moz:shutdownTimeout: 60000, moz:webdriverClick: true, moz:windowless: false, pageLoadStrategy: normal, platformName: windows, proxy: Proxy(), setWindowRect: true, strictFileInteractability: false, timeouts: {implicit: 0, pageLoad: 300000, script: 30000}, unhandledPromptBehavior: dismiss and notify, userAgent: Mozilla/5.0 (Windows NT 10....}
Element: [[FirefoxDriver: firefox on windows (50c3b3d7-a933-44d0-a567-c272e12af785)] -> xpath: //p[contains(@class, 'chakra-text') and contains(text(), 'project')]]
Session ID: 50c3b3d7-a933-44d0-a567-c272e12af785]]>
            </message>
            <full-stacktrace>
              <![CDATA[org.openqa.selenium.StaleElementReferenceException: The element with the reference 98346291-0e28-4d8e-9f2b-5bbb39e7635d is stale; either its node document is not the active document, or it is no longer connected to the DOM
For documentation on this error, please visit: https://www.selenium.dev/documentation/webdriver/troubleshooting/errors#stale-element-reference-exception
Build info: version: '4.17.0', revision: 'e52b1be057*'
System info: os.name: 'Windows 10', os.arch: 'amd64', os.version: '10.0', java.version: '19.0.2'
Driver info: org.openqa.selenium.firefox.FirefoxDriver
Command: [50c3b3d7-a933-44d0-a567-c272e12af785, getElementText {id=98346291-0e28-4d8e-9f2b-5bbb39e7635d}]
Capabilities {acceptInsecureCerts: true, browserName: firefox, browserVersion: 138.0.1, moz:accessibilityChecks: false, moz:buildID: 20250430203103, moz:geckodriverVersion: 0.36.0, moz:headless: false, moz:platformVersion: 10.0, moz:processID: 9728, moz:profile: C:\Users\admin\AppData\Loca..., moz:shutdownTimeout: 60000, moz:webdriverClick: true, moz:windowless: false, pageLoadStrategy: normal, platformName: windows, proxy: Proxy(), setWindowRect: true, strictFileInteractability: false, timeouts: {implicit: 0, pageLoad: 300000, script: 30000}, unhandledPromptBehavior: dismiss and notify, userAgent: Mozilla/5.0 (Windows NT 10....}
Element: [[FirefoxDriver: firefox on windows (50c3b3d7-a933-44d0-a567-c272e12af785)] -> xpath: //p[contains(@class, 'chakra-text') and contains(text(), 'project')]]
Session ID: 50c3b3d7-a933-44d0-a567-c272e12af785
at java.base/jdk.internal.reflect.DirectConstructorHandleAccessor.newInstance(DirectConstructorHandleAccessor.java:67)
at java.base/java.lang.reflect.Constructor.newInstanceWithCaller(Constructor.java:500)
at java.base/java.lang.reflect.Constructor.newInstance(Constructor.java:484)
at org.openqa.selenium.remote.codec.w3c.W3CHttpResponseCodec.createException(W3CHttpResponseCodec.java:185)
at org.openqa.selenium.remote.codec.w3c.W3CHttpResponseCodec.decode(W3CHttpResponseCodec.java:134)
at org.openqa.selenium.remote.codec.w3c.W3CHttpResponseCodec.decode(W3CHttpResponseCodec.java:51)
at org.openqa.selenium.remote.HttpCommandExecutor.execute(HttpCommandExecutor.java:190)
at org.openqa.selenium.remote.service.DriverCommandExecutor.invokeExecute(DriverCommandExecutor.java:216)
at org.openqa.selenium.remote.service.DriverCommandExecutor.execute(DriverCommandExecutor.java:174)
at org.openqa.selenium.remote.RemoteWebDriver.execute(RemoteWebDriver.java:519)
at org.openqa.selenium.remote.RemoteWebElement.execute(RemoteWebElement.java:223)
at org.openqa.selenium.remote.RemoteWebElement.getText(RemoteWebElement.java:191)
at com.propertymonitor.pages.ProjectSearchPage.getProjectCount(ProjectSearchPage.java:1438)
at com.propertymonitor.pages.ProjectSearchPage.clickSelectSalesStartDate(ProjectSearchPage.java:518)
at java.base/jdk.internal.reflect.DirectMethodHandleAccessor.invoke(DirectMethodHandleAccessor.java:104)
at java.base/java.lang.reflect.Method.invoke(Method.java:578)
at org.testng.internal.invokers.MethodInvocationHelper.invokeMethod(MethodInvocationHelper.java:141)
at org.testng.internal.invokers.TestInvoker.invokeMethod(TestInvoker.java:687)
at org.testng.internal.invokers.TestInvoker.invokeTestMethod(TestInvoker.java:230)
at org.testng.internal.invokers.MethodRunner.runInSequence(MethodRunner.java:63)
at org.testng.internal.invokers.TestInvoker$MethodInvocationAgent.invoke(TestInvoker.java:995)
at org.testng.internal.invokers.TestInvoker.invokeTestMethods(TestInvoker.java:203)
at org.testng.internal.invokers.TestMethodWorker.invokeTestMethods(TestMethodWorker.java:154)
at org.testng.internal.invokers.TestMethodWorker.run(TestMethodWorker.java:134)
at java.base/java.util.ArrayList.forEach(ArrayList.java:1511)
at org.testng.TestRunner.privateRun(TestRunner.java:741)
at org.testng.TestRunner.run(TestRunner.java:616)
at org.testng.SuiteRunner.runTest(SuiteRunner.java:421)
at org.testng.SuiteRunner.runSequentially(SuiteRunner.java:413)
at org.testng.SuiteRunner.privateRun(SuiteRunner.java:373)
at org.testng.SuiteRunner.run(SuiteRunner.java:312)
at org.testng.SuiteRunnerWorker.runSuite(SuiteRunnerWorker.java:52)
at org.testng.SuiteRunnerWorker.run(SuiteRunnerWorker.java:95)
at org.testng.TestNG.runSuitesSequentially(TestNG.java:1274)
at org.testng.TestNG.runSuitesLocally(TestNG.java:1208)
at org.testng.TestNG.runSuites(TestNG.java:1112)
at org.testng.TestNG.run(TestNG.java:1079)
at org.testng.remote.AbstractRemoteTestNG.run(AbstractRemoteTestNG.java:115)
at org.testng.remote.RemoteTestNG.initAndRun(RemoteTestNG.java:293)
at org.testng.remote.RemoteTestNG.main(RemoteTestNG.java:91)
]]>
            </full-stacktrace>
          </exception> <!-- org.openqa.selenium.StaleElementReferenceException -->
          <reporter-output>
          </reporter-output>
        </test-method> <!-- clickSelectSalesStartDate -->
        <test-method signature="clickUnSelectSalesStartDate()[pri:13, instance:com.propertymonitor.pages.ProjectSearchPage@192c3f1e]" started-at="2025-05-16T23:15:00 IST" name="clickUnSelectSalesStartDate" finished-at="2025-05-16T23:15:01 IST" duration-ms="676" status="PASS">
          <reporter-output>
          </reporter-output>
        </test-method> <!-- clickUnSelectSalesStartDate -->
        <test-method signature="inputMinMaxCompletionPercentage()[pri:14, instance:com.propertymonitor.pages.ProjectSearchPage@192c3f1e]" started-at="2025-05-16T23:15:01 IST" name="inputMinMaxCompletionPercentage" finished-at="2025-05-16T23:15:03 IST" duration-ms="2499" status="PASS">
          <reporter-output>
          </reporter-output>
        </test-method> <!-- inputMinMaxCompletionPercentage -->
        <test-method signature="resetMinMaxCompletionPercentage()[pri:15, instance:com.propertymonitor.pages.ProjectSearchPage@192c3f1e]" started-at="2025-05-16T23:15:03 IST" name="resetMinMaxCompletionPercentage" finished-at="2025-05-16T23:15:07 IST" duration-ms="3370" status="PASS">
          <reporter-output>
          </reporter-output>
        </test-method> <!-- resetMinMaxCompletionPercentage -->
        <test-method signature="selectBedroomLabel()[pri:16, instance:com.propertymonitor.pages.ProjectSearchPage@192c3f1e]" started-at="2025-05-16T23:15:07 IST" name="selectBedroomLabel" finished-at="2025-05-16T23:15:08 IST" duration-ms="1167" status="PASS">
          <reporter-output>
          </reporter-output>
        </test-method> <!-- selectBedroomLabel -->
        <test-method signature="unSelectBedroomLabel()[pri:17, instance:com.propertymonitor.pages.ProjectSearchPage@192c3f1e]" started-at="2025-05-16T23:15:08 IST" name="unSelectBedroomLabel" finished-at="2025-05-16T23:15:09 IST" duration-ms="1175" status="PASS">
          <reporter-output>
          </reporter-output>
        </test-method> <!-- unSelectBedroomLabel -->
        <test-method signature="inputBuiltupValue()[pri:18, instance:com.propertymonitor.pages.ProjectSearchPage@192c3f1e]" started-at="2025-05-16T23:15:09 IST" name="inputBuiltupValue" finished-at="2025-05-16T23:15:12 IST" duration-ms="3044" status="FAIL">
          <exception class="java.lang.AssertionError">
            <message>
              <![CDATA[Project count did not update after user input Min and Max value on the Built up area]]>
            </message>
            <full-stacktrace>
              <![CDATA[java.lang.AssertionError: Project count did not update after user input Min and Max value on the Built up area
at org.testng.Assert.fail(Assert.java:111)
at com.propertymonitor.pages.ProjectSearchPage.inputBuiltupValue(ProjectSearchPage.java:706)
at java.base/jdk.internal.reflect.DirectMethodHandleAccessor.invoke(DirectMethodHandleAccessor.java:104)
at java.base/java.lang.reflect.Method.invoke(Method.java:578)
at org.testng.internal.invokers.MethodInvocationHelper.invokeMethod(MethodInvocationHelper.java:141)
at org.testng.internal.invokers.TestInvoker.invokeMethod(TestInvoker.java:687)
at org.testng.internal.invokers.TestInvoker.invokeTestMethod(TestInvoker.java:230)
at org.testng.internal.invokers.MethodRunner.runInSequence(MethodRunner.java:63)
at org.testng.internal.invokers.TestInvoker$MethodInvocationAgent.invoke(TestInvoker.java:995)
at org.testng.internal.invokers.TestInvoker.invokeTestMethods(TestInvoker.java:203)
at org.testng.internal.invokers.TestMethodWorker.invokeTestMethods(TestMethodWorker.java:154)
at org.testng.internal.invokers.TestMethodWorker.run(TestMethodWorker.java:134)
at java.base/java.util.ArrayList.forEach(ArrayList.java:1511)
at org.testng.TestRunner.privateRun(TestRunner.java:741)
at org.testng.TestRunner.run(TestRunner.java:616)
at org.testng.SuiteRunner.runTest(SuiteRunner.java:421)
at org.testng.SuiteRunner.runSequentially(SuiteRunner.java:413)
at org.testng.SuiteRunner.privateRun(SuiteRunner.java:373)
at org.testng.SuiteRunner.run(SuiteRunner.java:312)
at org.testng.SuiteRunnerWorker.runSuite(SuiteRunnerWorker.java:52)
at org.testng.SuiteRunnerWorker.run(SuiteRunnerWorker.java:95)
at org.testng.TestNG.runSuitesSequentially(TestNG.java:1274)
at org.testng.TestNG.runSuitesLocally(TestNG.java:1208)
at org.testng.TestNG.runSuites(TestNG.java:1112)
at org.testng.TestNG.run(TestNG.java:1079)
at org.testng.remote.AbstractRemoteTestNG.run(AbstractRemoteTestNG.java:115)
at org.testng.remote.RemoteTestNG.initAndRun(RemoteTestNG.java:293)
at org.testng.remote.RemoteTestNG.main(RemoteTestNG.java:91)
]]>
            </full-stacktrace>
          </exception> <!-- java.lang.AssertionError -->
          <reporter-output>
          </reporter-output>
        </test-method> <!-- inputBuiltupValue -->
        <test-method signature="inputPlotAreaValue()[pri:19, instance:com.propertymonitor.pages.ProjectSearchPage@192c3f1e]" started-at="2025-05-16T23:15:12 IST" name="inputPlotAreaValue" finished-at="2025-05-16T23:15:15 IST" duration-ms="3099" status="FAIL">
          <exception class="java.lang.AssertionError">
            <message>
              <![CDATA[Project count did not update after user input Min and Max value on the plot area]]>
            </message>
            <full-stacktrace>
              <![CDATA[java.lang.AssertionError: Project count did not update after user input Min and Max value on the plot area
at org.testng.Assert.fail(Assert.java:111)
at com.propertymonitor.pages.ProjectSearchPage.inputPlotAreaValue(ProjectSearchPage.java:769)
at java.base/jdk.internal.reflect.DirectMethodHandleAccessor.invoke(DirectMethodHandleAccessor.java:104)
at java.base/java.lang.reflect.Method.invoke(Method.java:578)
at org.testng.internal.invokers.MethodInvocationHelper.invokeMethod(MethodInvocationHelper.java:141)
at org.testng.internal.invokers.TestInvoker.invokeMethod(TestInvoker.java:687)
at org.testng.internal.invokers.TestInvoker.invokeTestMethod(TestInvoker.java:230)
at org.testng.internal.invokers.MethodRunner.runInSequence(MethodRunner.java:63)
at org.testng.internal.invokers.TestInvoker$MethodInvocationAgent.invoke(TestInvoker.java:995)
at org.testng.internal.invokers.TestInvoker.invokeTestMethods(TestInvoker.java:203)
at org.testng.internal.invokers.TestMethodWorker.invokeTestMethods(TestMethodWorker.java:154)
at org.testng.internal.invokers.TestMethodWorker.run(TestMethodWorker.java:134)
at java.base/java.util.ArrayList.forEach(ArrayList.java:1511)
at org.testng.TestRunner.privateRun(TestRunner.java:741)
at org.testng.TestRunner.run(TestRunner.java:616)
at org.testng.SuiteRunner.runTest(SuiteRunner.java:421)
at org.testng.SuiteRunner.runSequentially(SuiteRunner.java:413)
at org.testng.SuiteRunner.privateRun(SuiteRunner.java:373)
at org.testng.SuiteRunner.run(SuiteRunner.java:312)
at org.testng.SuiteRunnerWorker.runSuite(SuiteRunnerWorker.java:52)
at org.testng.SuiteRunnerWorker.run(SuiteRunnerWorker.java:95)
at org.testng.TestNG.runSuitesSequentially(TestNG.java:1274)
at org.testng.TestNG.runSuitesLocally(TestNG.java:1208)
at org.testng.TestNG.runSuites(TestNG.java:1112)
at org.testng.TestNG.run(TestNG.java:1079)
at org.testng.remote.AbstractRemoteTestNG.run(AbstractRemoteTestNG.java:115)
at org.testng.remote.RemoteTestNG.initAndRun(RemoteTestNG.java:293)
at org.testng.remote.RemoteTestNG.main(RemoteTestNG.java:91)
]]>
            </full-stacktrace>
          </exception> <!-- java.lang.AssertionError -->
          <reporter-output>
          </reporter-output>
        </test-method> <!-- inputPlotAreaValue -->
        <test-method signature="resetBuiltupValue()[pri:19, instance:com.propertymonitor.pages.ProjectSearchPage@192c3f1e]" started-at="2025-05-16T23:15:15 IST" name="resetBuiltupValue" finished-at="2025-05-16T23:15:17 IST" duration-ms="1904" status="PASS">
          <reporter-output>
          </reporter-output>
        </test-method> <!-- resetBuiltupValue -->
        <test-method signature="resetPlotAreaValue()[pri:20, instance:com.propertymonitor.pages.ProjectSearchPage@192c3f1e]" started-at="2025-05-16T23:15:17 IST" name="resetPlotAreaValue" finished-at="2025-05-16T23:15:19 IST" duration-ms="1810" status="PASS">
          <reporter-output>
          </reporter-output>
        </test-method> <!-- resetPlotAreaValue -->
        <test-method signature="inputDownPaymentValue()[pri:21, instance:com.propertymonitor.pages.ProjectSearchPage@192c3f1e]" started-at="2025-05-16T23:15:19 IST" name="inputDownPaymentValue" finished-at="2025-05-16T23:15:22 IST" duration-ms="3469" status="PASS">
          <reporter-output>
          </reporter-output>
        </test-method> <!-- inputDownPaymentValue -->
        <test-method signature="resetDownPaymentValue()[pri:22, instance:com.propertymonitor.pages.ProjectSearchPage@192c3f1e]" started-at="2025-05-16T23:15:22 IST" name="resetDownPaymentValue" finished-at="2025-05-16T23:15:24 IST" duration-ms="1465" status="FAIL">
          <exception class="java.lang.AssertionError">
            <message>
              <![CDATA[Project count did not update after user Reset Min and Max value of down payment percentage]]>
            </message>
            <full-stacktrace>
              <![CDATA[java.lang.AssertionError: Project count did not update after user Reset Min and Max value of down payment percentage
at org.testng.Assert.fail(Assert.java:111)
at com.propertymonitor.pages.ProjectSearchPage.resetDownPaymentValue(ProjectSearchPage.java:865)
at java.base/jdk.internal.reflect.DirectMethodHandleAccessor.invoke(DirectMethodHandleAccessor.java:104)
at java.base/java.lang.reflect.Method.invoke(Method.java:578)
at org.testng.internal.invokers.MethodInvocationHelper.invokeMethod(MethodInvocationHelper.java:141)
at org.testng.internal.invokers.TestInvoker.invokeMethod(TestInvoker.java:687)
at org.testng.internal.invokers.TestInvoker.invokeTestMethod(TestInvoker.java:230)
at org.testng.internal.invokers.MethodRunner.runInSequence(MethodRunner.java:63)
at org.testng.internal.invokers.TestInvoker$MethodInvocationAgent.invoke(TestInvoker.java:995)
at org.testng.internal.invokers.TestInvoker.invokeTestMethods(TestInvoker.java:203)
at org.testng.internal.invokers.TestMethodWorker.invokeTestMethods(TestMethodWorker.java:154)
at org.testng.internal.invokers.TestMethodWorker.run(TestMethodWorker.java:134)
at java.base/java.util.ArrayList.forEach(ArrayList.java:1511)
at org.testng.TestRunner.privateRun(TestRunner.java:741)
at org.testng.TestRunner.run(TestRunner.java:616)
at org.testng.SuiteRunner.runTest(SuiteRunner.java:421)
at org.testng.SuiteRunner.runSequentially(SuiteRunner.java:413)
at org.testng.SuiteRunner.privateRun(SuiteRunner.java:373)
at org.testng.SuiteRunner.run(SuiteRunner.java:312)
at org.testng.SuiteRunnerWorker.runSuite(SuiteRunnerWorker.java:52)
at org.testng.SuiteRunnerWorker.run(SuiteRunnerWorker.java:95)
at org.testng.TestNG.runSuitesSequentially(TestNG.java:1274)
at org.testng.TestNG.runSuitesLocally(TestNG.java:1208)
at org.testng.TestNG.runSuites(TestNG.java:1112)
at org.testng.TestNG.run(TestNG.java:1079)
at org.testng.remote.AbstractRemoteTestNG.run(AbstractRemoteTestNG.java:115)
at org.testng.remote.RemoteTestNG.initAndRun(RemoteTestNG.java:293)
at org.testng.remote.RemoteTestNG.main(RemoteTestNG.java:91)
]]>
            </full-stacktrace>
          </exception> <!-- java.lang.AssertionError -->
          <reporter-output>
          </reporter-output>
        </test-method> <!-- resetDownPaymentValue -->
        <test-method signature="clickPaymentField()[pri:23, instance:com.propertymonitor.pages.ProjectSearchPage@192c3f1e]" started-at="2025-05-16T23:15:24 IST" name="clickPaymentField" finished-at="2025-05-16T23:15:26 IST" duration-ms="2146" status="PASS">
          <reporter-output>
          </reporter-output>
        </test-method> <!-- clickPaymentField -->
        <test-method signature="unSelectPaymentField()[pri:24, instance:com.propertymonitor.pages.ProjectSearchPage@192c3f1e]" started-at="2025-05-16T23:15:26 IST" name="unSelectPaymentField" finished-at="2025-05-16T23:15:27 IST" duration-ms="1331" status="FAIL">
          <exception class="java.lang.AssertionError">
            <message>
              <![CDATA[Project count did not update after user unselected the 'On Completion' payment plan]]>
            </message>
            <full-stacktrace>
              <![CDATA[java.lang.AssertionError: Project count did not update after user unselected the 'On Completion' payment plan
at org.testng.Assert.fail(Assert.java:111)
at com.propertymonitor.pages.ProjectSearchPage.unSelectPaymentField(ProjectSearchPage.java:930)
at java.base/jdk.internal.reflect.DirectMethodHandleAccessor.invoke(DirectMethodHandleAccessor.java:104)
at java.base/java.lang.reflect.Method.invoke(Method.java:578)
at org.testng.internal.invokers.MethodInvocationHelper.invokeMethod(MethodInvocationHelper.java:141)
at org.testng.internal.invokers.TestInvoker.invokeMethod(TestInvoker.java:687)
at org.testng.internal.invokers.TestInvoker.invokeTestMethod(TestInvoker.java:230)
at org.testng.internal.invokers.MethodRunner.runInSequence(MethodRunner.java:63)
at org.testng.internal.invokers.TestInvoker$MethodInvocationAgent.invoke(TestInvoker.java:995)
at org.testng.internal.invokers.TestInvoker.invokeTestMethods(TestInvoker.java:203)
at org.testng.internal.invokers.TestMethodWorker.invokeTestMethods(TestMethodWorker.java:154)
at org.testng.internal.invokers.TestMethodWorker.run(TestMethodWorker.java:134)
at java.base/java.util.ArrayList.forEach(ArrayList.java:1511)
at org.testng.TestRunner.privateRun(TestRunner.java:741)
at org.testng.TestRunner.run(TestRunner.java:616)
at org.testng.SuiteRunner.runTest(SuiteRunner.java:421)
at org.testng.SuiteRunner.runSequentially(SuiteRunner.java:413)
at org.testng.SuiteRunner.privateRun(SuiteRunner.java:373)
at org.testng.SuiteRunner.run(SuiteRunner.java:312)
at org.testng.SuiteRunnerWorker.runSuite(SuiteRunnerWorker.java:52)
at org.testng.SuiteRunnerWorker.run(SuiteRunnerWorker.java:95)
at org.testng.TestNG.runSuitesSequentially(TestNG.java:1274)
at org.testng.TestNG.runSuitesLocally(TestNG.java:1208)
at org.testng.TestNG.runSuites(TestNG.java:1112)
at org.testng.TestNG.run(TestNG.java:1079)
at org.testng.remote.AbstractRemoteTestNG.run(AbstractRemoteTestNG.java:115)
at org.testng.remote.RemoteTestNG.initAndRun(RemoteTestNG.java:293)
at org.testng.remote.RemoteTestNG.main(RemoteTestNG.java:91)
]]>
            </full-stacktrace>
          </exception> <!-- java.lang.AssertionError -->
          <reporter-output>
          </reporter-output>
        </test-method> <!-- unSelectPaymentField -->
        <test-method signature="clickSelectDld()[pri:25, instance:com.propertymonitor.pages.ProjectSearchPage@192c3f1e]" started-at="2025-05-16T23:15:27 IST" name="clickSelectDld" finished-at="2025-05-16T23:15:28 IST" duration-ms="165" status="FAIL">
          <exception class="org.openqa.selenium.StaleElementReferenceException">
            <message>
              <![CDATA[The element with the reference ba9dc67d-b9eb-464d-a7bd-90819b7be5de is stale; either its node document is not the active document, or it is no longer connected to the DOM
For documentation on this error, please visit: https://www.selenium.dev/documentation/webdriver/troubleshooting/errors#stale-element-reference-exception
Build info: version: '4.17.0', revision: 'e52b1be057*'
System info: os.name: 'Windows 10', os.arch: 'amd64', os.version: '10.0', java.version: '19.0.2'
Driver info: org.openqa.selenium.firefox.FirefoxDriver
Command: [50c3b3d7-a933-44d0-a567-c272e12af785, getElementText {id=ba9dc67d-b9eb-464d-a7bd-90819b7be5de}]
Capabilities {acceptInsecureCerts: true, browserName: firefox, browserVersion: 138.0.1, moz:accessibilityChecks: false, moz:buildID: 20250430203103, moz:geckodriverVersion: 0.36.0, moz:headless: false, moz:platformVersion: 10.0, moz:processID: 9728, moz:profile: C:\Users\admin\AppData\Loca..., moz:shutdownTimeout: 60000, moz:webdriverClick: true, moz:windowless: false, pageLoadStrategy: normal, platformName: windows, proxy: Proxy(), setWindowRect: true, strictFileInteractability: false, timeouts: {implicit: 0, pageLoad: 300000, script: 30000}, unhandledPromptBehavior: dismiss and notify, userAgent: Mozilla/5.0 (Windows NT 10....}
Element: [[FirefoxDriver: firefox on windows (50c3b3d7-a933-44d0-a567-c272e12af785)] -> xpath: //p[contains(@class, 'chakra-text') and contains(text(), 'project')]]
Session ID: 50c3b3d7-a933-44d0-a567-c272e12af785]]>
            </message>
            <full-stacktrace>
              <![CDATA[org.openqa.selenium.StaleElementReferenceException: The element with the reference ba9dc67d-b9eb-464d-a7bd-90819b7be5de is stale; either its node document is not the active document, or it is no longer connected to the DOM
For documentation on this error, please visit: https://www.selenium.dev/documentation/webdriver/troubleshooting/errors#stale-element-reference-exception
Build info: version: '4.17.0', revision: 'e52b1be057*'
System info: os.name: 'Windows 10', os.arch: 'amd64', os.version: '10.0', java.version: '19.0.2'
Driver info: org.openqa.selenium.firefox.FirefoxDriver
Command: [50c3b3d7-a933-44d0-a567-c272e12af785, getElementText {id=ba9dc67d-b9eb-464d-a7bd-90819b7be5de}]
Capabilities {acceptInsecureCerts: true, browserName: firefox, browserVersion: 138.0.1, moz:accessibilityChecks: false, moz:buildID: 20250430203103, moz:geckodriverVersion: 0.36.0, moz:headless: false, moz:platformVersion: 10.0, moz:processID: 9728, moz:profile: C:\Users\admin\AppData\Loca..., moz:shutdownTimeout: 60000, moz:webdriverClick: true, moz:windowless: false, pageLoadStrategy: normal, platformName: windows, proxy: Proxy(), setWindowRect: true, strictFileInteractability: false, timeouts: {implicit: 0, pageLoad: 300000, script: 30000}, unhandledPromptBehavior: dismiss and notify, userAgent: Mozilla/5.0 (Windows NT 10....}
Element: [[FirefoxDriver: firefox on windows (50c3b3d7-a933-44d0-a567-c272e12af785)] -> xpath: //p[contains(@class, 'chakra-text') and contains(text(), 'project')]]
Session ID: 50c3b3d7-a933-44d0-a567-c272e12af785
at java.base/jdk.internal.reflect.DirectConstructorHandleAccessor.newInstance(DirectConstructorHandleAccessor.java:67)
at java.base/java.lang.reflect.Constructor.newInstanceWithCaller(Constructor.java:500)
at java.base/java.lang.reflect.Constructor.newInstance(Constructor.java:484)
at org.openqa.selenium.remote.codec.w3c.W3CHttpResponseCodec.createException(W3CHttpResponseCodec.java:185)
at org.openqa.selenium.remote.codec.w3c.W3CHttpResponseCodec.decode(W3CHttpResponseCodec.java:134)
at org.openqa.selenium.remote.codec.w3c.W3CHttpResponseCodec.decode(W3CHttpResponseCodec.java:51)
at org.openqa.selenium.remote.HttpCommandExecutor.execute(HttpCommandExecutor.java:190)
at org.openqa.selenium.remote.service.DriverCommandExecutor.invokeExecute(DriverCommandExecutor.java:216)
at org.openqa.selenium.remote.service.DriverCommandExecutor.execute(DriverCommandExecutor.java:174)
at org.openqa.selenium.remote.RemoteWebDriver.execute(RemoteWebDriver.java:519)
at org.openqa.selenium.remote.RemoteWebElement.execute(RemoteWebElement.java:223)
at org.openqa.selenium.remote.RemoteWebElement.getText(RemoteWebElement.java:191)
at com.propertymonitor.pages.ProjectSearchPage.getProjectCount(ProjectSearchPage.java:1438)
at com.propertymonitor.pages.ProjectSearchPage.clickSelectDld(ProjectSearchPage.java:942)
at java.base/jdk.internal.reflect.DirectMethodHandleAccessor.invoke(DirectMethodHandleAccessor.java:104)
at java.base/java.lang.reflect.Method.invoke(Method.java:578)
at org.testng.internal.invokers.MethodInvocationHelper.invokeMethod(MethodInvocationHelper.java:141)
at org.testng.internal.invokers.TestInvoker.invokeMethod(TestInvoker.java:687)
at org.testng.internal.invokers.TestInvoker.invokeTestMethod(TestInvoker.java:230)
at org.testng.internal.invokers.MethodRunner.runInSequence(MethodRunner.java:63)
at org.testng.internal.invokers.TestInvoker$MethodInvocationAgent.invoke(TestInvoker.java:995)
at org.testng.internal.invokers.TestInvoker.invokeTestMethods(TestInvoker.java:203)
at org.testng.internal.invokers.TestMethodWorker.invokeTestMethods(TestMethodWorker.java:154)
at org.testng.internal.invokers.TestMethodWorker.run(TestMethodWorker.java:134)
at java.base/java.util.ArrayList.forEach(ArrayList.java:1511)
at org.testng.TestRunner.privateRun(TestRunner.java:741)
at org.testng.TestRunner.run(TestRunner.java:616)
at org.testng.SuiteRunner.runTest(SuiteRunner.java:421)
at org.testng.SuiteRunner.runSequentially(SuiteRunner.java:413)
at org.testng.SuiteRunner.privateRun(SuiteRunner.java:373)
at org.testng.SuiteRunner.run(SuiteRunner.java:312)
at org.testng.SuiteRunnerWorker.runSuite(SuiteRunnerWorker.java:52)
at org.testng.SuiteRunnerWorker.run(SuiteRunnerWorker.java:95)
at org.testng.TestNG.runSuitesSequentially(TestNG.java:1274)
at org.testng.TestNG.runSuitesLocally(TestNG.java:1208)
at org.testng.TestNG.runSuites(TestNG.java:1112)
at org.testng.TestNG.run(TestNG.java:1079)
at org.testng.remote.AbstractRemoteTestNG.run(AbstractRemoteTestNG.java:115)
at org.testng.remote.RemoteTestNG.initAndRun(RemoteTestNG.java:293)
at org.testng.remote.RemoteTestNG.main(RemoteTestNG.java:91)
]]>
            </full-stacktrace>
          </exception> <!-- org.openqa.selenium.StaleElementReferenceException -->
          <reporter-output>
          </reporter-output>
        </test-method> <!-- clickSelectDld -->
        <test-method signature="unSelectDld()[pri:26, instance:com.propertymonitor.pages.ProjectSearchPage@192c3f1e]" started-at="2025-05-16T23:15:28 IST" name="unSelectDld" finished-at="2025-05-16T23:15:30 IST" duration-ms="1920" status="FAIL">
          <exception class="java.lang.AssertionError">
            <message>
              <![CDATA[Project count did not update after user unselected 50% DLD transfer fee]]>
            </message>
            <full-stacktrace>
              <![CDATA[java.lang.AssertionError: Project count did not update after user unselected 50% DLD transfer fee
at org.testng.Assert.fail(Assert.java:111)
at com.propertymonitor.pages.ProjectSearchPage.unSelectDld(ProjectSearchPage.java:993)
at java.base/jdk.internal.reflect.DirectMethodHandleAccessor.invoke(DirectMethodHandleAccessor.java:104)
at java.base/java.lang.reflect.Method.invoke(Method.java:578)
at org.testng.internal.invokers.MethodInvocationHelper.invokeMethod(MethodInvocationHelper.java:141)
at org.testng.internal.invokers.TestInvoker.invokeMethod(TestInvoker.java:687)
at org.testng.internal.invokers.TestInvoker.invokeTestMethod(TestInvoker.java:230)
at org.testng.internal.invokers.MethodRunner.runInSequence(MethodRunner.java:63)
at org.testng.internal.invokers.TestInvoker$MethodInvocationAgent.invoke(TestInvoker.java:995)
at org.testng.internal.invokers.TestInvoker.invokeTestMethods(TestInvoker.java:203)
at org.testng.internal.invokers.TestMethodWorker.invokeTestMethods(TestMethodWorker.java:154)
at org.testng.internal.invokers.TestMethodWorker.run(TestMethodWorker.java:134)
at java.base/java.util.ArrayList.forEach(ArrayList.java:1511)
at org.testng.TestRunner.privateRun(TestRunner.java:741)
at org.testng.TestRunner.run(TestRunner.java:616)
at org.testng.SuiteRunner.runTest(SuiteRunner.java:421)
at org.testng.SuiteRunner.runSequentially(SuiteRunner.java:413)
at org.testng.SuiteRunner.privateRun(SuiteRunner.java:373)
at org.testng.SuiteRunner.run(SuiteRunner.java:312)
at org.testng.SuiteRunnerWorker.runSuite(SuiteRunnerWorker.java:52)
at org.testng.SuiteRunnerWorker.run(SuiteRunnerWorker.java:95)
at org.testng.TestNG.runSuitesSequentially(TestNG.java:1274)
at org.testng.TestNG.runSuitesLocally(TestNG.java:1208)
at org.testng.TestNG.runSuites(TestNG.java:1112)
at org.testng.TestNG.run(TestNG.java:1079)
at org.testng.remote.AbstractRemoteTestNG.run(AbstractRemoteTestNG.java:115)
at org.testng.remote.RemoteTestNG.initAndRun(RemoteTestNG.java:293)
at org.testng.remote.RemoteTestNG.main(RemoteTestNG.java:91)
]]>
            </full-stacktrace>
          </exception> <!-- java.lang.AssertionError -->
          <reporter-output>
          </reporter-output>
        </test-method> <!-- unSelectDld -->
        <test-method signature="inputBrokerCommissionValue()[pri:27, instance:com.propertymonitor.pages.ProjectSearchPage@192c3f1e]" started-at="2025-05-16T23:15:30 IST" name="inputBrokerCommissionValue" finished-at="2025-05-16T23:15:33 IST" duration-ms="3197" status="PASS">
          <reporter-output>
          </reporter-output>
        </test-method> <!-- inputBrokerCommissionValue -->
        <test-method signature="resetBrokerCommissionValue()[pri:28, instance:com.propertymonitor.pages.ProjectSearchPage@192c3f1e]" started-at="2025-05-16T23:15:33 IST" name="resetBrokerCommissionValue" finished-at="2025-05-16T23:15:35 IST" duration-ms="2495" status="PASS">
          <reporter-output>
          </reporter-output>
        </test-method> <!-- resetBrokerCommissionValue -->
        <test-method signature="heightClassFilter()[pri:29, instance:com.propertymonitor.pages.ProjectSearchPage@192c3f1e]" started-at="2025-05-16T23:15:35 IST" name="heightClassFilter" finished-at="2025-05-16T23:15:38 IST" duration-ms="2316" status="PASS">
          <reporter-output>
          </reporter-output>
        </test-method> <!-- heightClassFilter -->
        <test-method signature="unSelectheightClassFilter()[pri:30, instance:com.propertymonitor.pages.ProjectSearchPage@192c3f1e]" started-at="2025-05-16T23:15:38 IST" name="unSelectheightClassFilter" finished-at="2025-05-16T23:15:40 IST" duration-ms="2199" status="PASS">
          <reporter-output>
          </reporter-output>
        </test-method> <!-- unSelectheightClassFilter -->
        <test-method signature="selectBrandFilter()[pri:31, instance:com.propertymonitor.pages.ProjectSearchPage@192c3f1e]" started-at="2025-05-16T23:15:40 IST" name="selectBrandFilter" finished-at="2025-05-16T23:15:43 IST" duration-ms="3038" status="PASS">
          <reporter-output>
          </reporter-output>
        </test-method> <!-- selectBrandFilter -->
        <test-method signature="unSelectBrandFilter()[pri:32, instance:com.propertymonitor.pages.ProjectSearchPage@192c3f1e]" started-at="2025-05-16T23:15:43 IST" name="unSelectBrandFilter" finished-at="2025-05-16T23:15:45 IST" duration-ms="2480" status="PASS">
          <reporter-output>
          </reporter-output>
        </test-method> <!-- unSelectBrandFilter -->
        <test-method signature="clickFurnishingFilter()[pri:33, instance:com.propertymonitor.pages.ProjectSearchPage@192c3f1e]" started-at="2025-05-16T23:15:45 IST" name="clickFurnishingFilter" finished-at="2025-05-16T23:15:47 IST" duration-ms="1847" status="FAIL">
          <exception class="java.lang.AssertionError">
            <message>
              <![CDATA[Project count did not update after user selected the 'Partially Furnished' option]]>
            </message>
            <full-stacktrace>
              <![CDATA[java.lang.AssertionError: Project count did not update after user selected the 'Partially Furnished' option
at org.testng.Assert.fail(Assert.java:111)
at com.propertymonitor.pages.ProjectSearchPage.clickFurnishingFilter(ProjectSearchPage.java:1226)
at java.base/jdk.internal.reflect.DirectMethodHandleAccessor.invoke(DirectMethodHandleAccessor.java:104)
at java.base/java.lang.reflect.Method.invoke(Method.java:578)
at org.testng.internal.invokers.MethodInvocationHelper.invokeMethod(MethodInvocationHelper.java:141)
at org.testng.internal.invokers.TestInvoker.invokeMethod(TestInvoker.java:687)
at org.testng.internal.invokers.TestInvoker.invokeTestMethod(TestInvoker.java:230)
at org.testng.internal.invokers.MethodRunner.runInSequence(MethodRunner.java:63)
at org.testng.internal.invokers.TestInvoker$MethodInvocationAgent.invoke(TestInvoker.java:995)
at org.testng.internal.invokers.TestInvoker.invokeTestMethods(TestInvoker.java:203)
at org.testng.internal.invokers.TestMethodWorker.invokeTestMethods(TestMethodWorker.java:154)
at org.testng.internal.invokers.TestMethodWorker.run(TestMethodWorker.java:134)
at java.base/java.util.ArrayList.forEach(ArrayList.java:1511)
at org.testng.TestRunner.privateRun(TestRunner.java:741)
at org.testng.TestRunner.run(TestRunner.java:616)
at org.testng.SuiteRunner.runTest(SuiteRunner.java:421)
at org.testng.SuiteRunner.runSequentially(SuiteRunner.java:413)
at org.testng.SuiteRunner.privateRun(SuiteRunner.java:373)
at org.testng.SuiteRunner.run(SuiteRunner.java:312)
at org.testng.SuiteRunnerWorker.runSuite(SuiteRunnerWorker.java:52)
at org.testng.SuiteRunnerWorker.run(SuiteRunnerWorker.java:95)
at org.testng.TestNG.runSuitesSequentially(TestNG.java:1274)
at org.testng.TestNG.runSuitesLocally(TestNG.java:1208)
at org.testng.TestNG.runSuites(TestNG.java:1112)
at org.testng.TestNG.run(TestNG.java:1079)
at org.testng.remote.AbstractRemoteTestNG.run(AbstractRemoteTestNG.java:115)
at org.testng.remote.RemoteTestNG.initAndRun(RemoteTestNG.java:293)
at org.testng.remote.RemoteTestNG.main(RemoteTestNG.java:91)
]]>
            </full-stacktrace>
          </exception> <!-- java.lang.AssertionError -->
          <reporter-output>
          </reporter-output>
        </test-method> <!-- clickFurnishingFilter -->
        <test-method signature="unSelectFurnishingFilter()[pri:34, instance:com.propertymonitor.pages.ProjectSearchPage@192c3f1e]" started-at="2025-05-16T23:15:47 IST" name="unSelectFurnishingFilter" finished-at="2025-05-16T23:15:49 IST" duration-ms="1597" status="PASS">
          <reporter-output>
          </reporter-output>
        </test-method> <!-- unSelectFurnishingFilter -->
        <test-method signature="clickKitchenFilter()[pri:35, instance:com.propertymonitor.pages.ProjectSearchPage@192c3f1e]" started-at="2025-05-16T23:15:49 IST" name="clickKitchenFilter" finished-at="2025-05-16T23:15:50 IST" duration-ms="1617" status="FAIL">
          <exception class="java.lang.AssertionError">
            <message>
              <![CDATA[Project count did not update after user selected the 'Partially equipped' kitchen option]]>
            </message>
            <full-stacktrace>
              <![CDATA[java.lang.AssertionError: Project count did not update after user selected the 'Partially equipped' kitchen option
at org.testng.Assert.fail(Assert.java:111)
at com.propertymonitor.pages.ProjectSearchPage.clickKitchenFilter(ProjectSearchPage.java:1288)
at java.base/jdk.internal.reflect.DirectMethodHandleAccessor.invoke(DirectMethodHandleAccessor.java:104)
at java.base/java.lang.reflect.Method.invoke(Method.java:578)
at org.testng.internal.invokers.MethodInvocationHelper.invokeMethod(MethodInvocationHelper.java:141)
at org.testng.internal.invokers.TestInvoker.invokeMethod(TestInvoker.java:687)
at org.testng.internal.invokers.TestInvoker.invokeTestMethod(TestInvoker.java:230)
at org.testng.internal.invokers.MethodRunner.runInSequence(MethodRunner.java:63)
at org.testng.internal.invokers.TestInvoker$MethodInvocationAgent.invoke(TestInvoker.java:995)
at org.testng.internal.invokers.TestInvoker.invokeTestMethods(TestInvoker.java:203)
at org.testng.internal.invokers.TestMethodWorker.invokeTestMethods(TestMethodWorker.java:154)
at org.testng.internal.invokers.TestMethodWorker.run(TestMethodWorker.java:134)
at java.base/java.util.ArrayList.forEach(ArrayList.java:1511)
at org.testng.TestRunner.privateRun(TestRunner.java:741)
at org.testng.TestRunner.run(TestRunner.java:616)
at org.testng.SuiteRunner.runTest(SuiteRunner.java:421)
at org.testng.SuiteRunner.runSequentially(SuiteRunner.java:413)
at org.testng.SuiteRunner.privateRun(SuiteRunner.java:373)
at org.testng.SuiteRunner.run(SuiteRunner.java:312)
at org.testng.SuiteRunnerWorker.runSuite(SuiteRunnerWorker.java:52)
at org.testng.SuiteRunnerWorker.run(SuiteRunnerWorker.java:95)
at org.testng.TestNG.runSuitesSequentially(TestNG.java:1274)
at org.testng.TestNG.runSuitesLocally(TestNG.java:1208)
at org.testng.TestNG.runSuites(TestNG.java:1112)
at org.testng.TestNG.run(TestNG.java:1079)
at org.testng.remote.AbstractRemoteTestNG.run(AbstractRemoteTestNG.java:115)
at org.testng.remote.RemoteTestNG.initAndRun(RemoteTestNG.java:293)
at org.testng.remote.RemoteTestNG.main(RemoteTestNG.java:91)
]]>
            </full-stacktrace>
          </exception> <!-- java.lang.AssertionError -->
          <reporter-output>
          </reporter-output>
        </test-method> <!-- clickKitchenFilter -->
        <test-method signature="unSelectKitchenFilter()[pri:36, instance:com.propertymonitor.pages.ProjectSearchPage@192c3f1e]" started-at="2025-05-16T23:15:50 IST" name="unSelectKitchenFilter" finished-at="2025-05-16T23:15:52 IST" duration-ms="1886" status="FAIL">
          <exception class="java.lang.AssertionError">
            <message>
              <![CDATA[Project count did not update after user unselected the 'Partially equipped' kitchen option]]>
            </message>
            <full-stacktrace>
              <![CDATA[java.lang.AssertionError: Project count did not update after user unselected the 'Partially equipped' kitchen option
at org.testng.Assert.fail(Assert.java:111)
at com.propertymonitor.pages.ProjectSearchPage.unSelectKitchenFilter(ProjectSearchPage.java:1319)
at java.base/jdk.internal.reflect.DirectMethodHandleAccessor.invoke(DirectMethodHandleAccessor.java:104)
at java.base/java.lang.reflect.Method.invoke(Method.java:578)
at org.testng.internal.invokers.MethodInvocationHelper.invokeMethod(MethodInvocationHelper.java:141)
at org.testng.internal.invokers.TestInvoker.invokeMethod(TestInvoker.java:687)
at org.testng.internal.invokers.TestInvoker.invokeTestMethod(TestInvoker.java:230)
at org.testng.internal.invokers.MethodRunner.runInSequence(MethodRunner.java:63)
at org.testng.internal.invokers.TestInvoker$MethodInvocationAgent.invoke(TestInvoker.java:995)
at org.testng.internal.invokers.TestInvoker.invokeTestMethods(TestInvoker.java:203)
at org.testng.internal.invokers.TestMethodWorker.invokeTestMethods(TestMethodWorker.java:154)
at org.testng.internal.invokers.TestMethodWorker.run(TestMethodWorker.java:134)
at java.base/java.util.ArrayList.forEach(ArrayList.java:1511)
at org.testng.TestRunner.privateRun(TestRunner.java:741)
at org.testng.TestRunner.run(TestRunner.java:616)
at org.testng.SuiteRunner.runTest(SuiteRunner.java:421)
at org.testng.SuiteRunner.runSequentially(SuiteRunner.java:413)
at org.testng.SuiteRunner.privateRun(SuiteRunner.java:373)
at org.testng.SuiteRunner.run(SuiteRunner.java:312)
at org.testng.SuiteRunnerWorker.runSuite(SuiteRunnerWorker.java:52)
at org.testng.SuiteRunnerWorker.run(SuiteRunnerWorker.java:95)
at org.testng.TestNG.runSuitesSequentially(TestNG.java:1274)
at org.testng.TestNG.runSuitesLocally(TestNG.java:1208)
at org.testng.TestNG.runSuites(TestNG.java:1112)
at org.testng.TestNG.run(TestNG.java:1079)
at org.testng.remote.AbstractRemoteTestNG.run(AbstractRemoteTestNG.java:115)
at org.testng.remote.RemoteTestNG.initAndRun(RemoteTestNG.java:293)
at org.testng.remote.RemoteTestNG.main(RemoteTestNG.java:91)
]]>
            </full-stacktrace>
          </exception> <!-- java.lang.AssertionError -->
          <reporter-output>
          </reporter-output>
        </test-method> <!-- unSelectKitchenFilter -->
        <test-method signature="selectMultipleAmenities()[pri:37, instance:com.propertymonitor.pages.ProjectSearchPage@192c3f1e]" started-at="2025-05-16T23:15:52 IST" name="selectMultipleAmenities" finished-at="2025-05-16T23:15:55 IST" duration-ms="2567" status="PASS">
          <reporter-output>
          </reporter-output>
        </test-method> <!-- selectMultipleAmenities -->
        <test-method signature="clickResetFilter()[pri:38, instance:com.propertymonitor.pages.ProjectSearchPage@192c3f1e]" started-at="2025-05-16T23:15:55 IST" name="clickResetFilter" finished-at="2025-05-16T23:15:56 IST" duration-ms="1536" status="PASS">
          <reporter-output>
          </reporter-output>
        </test-method> <!-- clickResetFilter -->
        <test-method signature="clickApplyButton()[pri:39, instance:com.propertymonitor.pages.ProjectSearchPage@192c3f1e]" started-at="2025-05-16T23:15:56 IST" name="clickApplyButton" finished-at="2025-05-16T23:15:59 IST" duration-ms="2815" status="PASS">
          <reporter-output>
          </reporter-output>
        </test-method> <!-- clickApplyButton -->
        <test-method signature="verifyHeatMapSelected()[pri:40, instance:com.propertymonitor.pages.ProjectSearchPage@192c3f1e]" started-at="2025-05-16T23:15:59 IST" name="verifyHeatMapSelected" finished-at="2025-05-16T23:16:01 IST" duration-ms="1654" status="PASS">
          <reporter-output>
          </reporter-output>
        </test-method> <!-- verifyHeatMapSelected -->
      </class> <!-- com.propertymonitor.pages.ProjectSearchPage -->
    </test> <!-- Regression Tests -->
  </suite> <!-- PropertyMonitorSuite -->
</testng-results>
