<html>
<head>
<title>TestNG:  Regression Tests</title>
<link href="../testng.css" rel="stylesheet" type="text/css" />
<link href="../my-testng.css" rel="stylesheet" type="text/css" />

<style type="text/css">
.log { display: none;} 
.stack-trace { display: none;} 
</style>
<script type="text/javascript">
<!--
function flip(e) {
  current = e.style.display;
  if (current == 'block') {
    e.style.display = 'none';
    return 0;
  }
  else {
    e.style.display = 'block';
    return 1;
  }
}

function toggleBox(szDivId, elem, msg1, msg2)
{
  var res = -1;  if (document.getElementById) {
    res = flip(document.getElementById(szDivId));
  }
  else if (document.all) {
    // this is the way old msie versions work
    res = flip(document.all[szDivId]);
  }
  if(elem) {
    if(res == 0) elem.innerHTML = msg1; else elem.innerHTML = msg2;
  }

}

function toggleAllBoxes() {
  if (document.getElementsByTagName) {
    d = document.getElementsByTagName('div');
    for (i = 0; i < d.length; i++) {
      if (d[i].className == 'log') {
        flip(d[i]);
      }
    }
  }
}

// -->
</script>

</head>
<body>
<h2 align='center'>Regression Tests</h2><table border='1' align="center">
<tr>
<td>Tests passed/Failed/Skipped:</td><td>31/12/0</td>
</tr><tr>
<td>Started on:</td><td>Fri May 16 23:13:27 IST 2025</td>
</tr>
<tr><td>Total time:</td><td>153 seconds (153391 ms)</td>
</tr><tr>
<td>Included groups:</td><td></td>
</tr><tr>
<td>Excluded groups:</td><td></td>
</tr>
</table><p/>
<small><i>(Hover the method name to see the test class name)</i></small><p/>
<table width='100%' border='1' class='invocation-failed'>
<tr><td colspan='4' align='center'><b>FAILED TESTS</b></td></tr>
<tr><td><b>Test method</b></td>
<td><b>Attribute(s)</b></td>
<td width="30%"><b>Exception</b></td>
<td width="10%"><b>Time (seconds)</b></td>
<td><b>Instance</b></td>
</tr>
<tr>
<td title='com.propertymonitor.pages.ProjectSearchPage.selectConstructionStatus()'><b>selectConstructionStatus</b><br>Test class: com.propertymonitor.pages.ProjectSearchPage</td>
<td><div><pre>java.lang.AssertionError: Project count did not update after selecting an upcoming construction status.
	at com.propertymonitor.pages.ProjectSearchPage.selectConstructionStatus(ProjectSearchPage.java:427)
	at java.base/java.util.ArrayList.forEach(ArrayList.java:1511)
... Removed 26 stack frames</pre></div><a href='#' onClick='toggleBox("stack-trace1509506488", this, "Click to show all stack frames", "Click to hide stack frames")'>Click to show all stack frames</a>
<div class='stack-trace' id='stack-trace1509506488'><pre>java.lang.AssertionError: Project count did not update after selecting an upcoming construction status.
	at org.testng.Assert.fail(Assert.java:111)
	at com.propertymonitor.pages.ProjectSearchPage.selectConstructionStatus(ProjectSearchPage.java:427)
	at java.base/jdk.internal.reflect.DirectMethodHandleAccessor.invoke(DirectMethodHandleAccessor.java:104)
	at java.base/java.lang.reflect.Method.invoke(Method.java:578)
	at org.testng.internal.invokers.MethodInvocationHelper.invokeMethod(MethodInvocationHelper.java:141)
	at org.testng.internal.invokers.TestInvoker.invokeMethod(TestInvoker.java:687)
	at org.testng.internal.invokers.TestInvoker.invokeTestMethod(TestInvoker.java:230)
	at org.testng.internal.invokers.MethodRunner.runInSequence(MethodRunner.java:63)
	at org.testng.internal.invokers.TestInvoker$MethodInvocationAgent.invoke(TestInvoker.java:995)
	at org.testng.internal.invokers.TestInvoker.invokeTestMethods(TestInvoker.java:203)
	at org.testng.internal.invokers.TestMethodWorker.invokeTestMethods(TestMethodWorker.java:154)
	at org.testng.internal.invokers.TestMethodWorker.run(TestMethodWorker.java:134)
	at java.base/java.util.ArrayList.forEach(ArrayList.java:1511)
	at org.testng.TestRunner.privateRun(TestRunner.java:741)
	at org.testng.TestRunner.run(TestRunner.java:616)
	at org.testng.SuiteRunner.runTest(SuiteRunner.java:421)
	at org.testng.SuiteRunner.runSequentially(SuiteRunner.java:413)
	at org.testng.SuiteRunner.privateRun(SuiteRunner.java:373)
	at org.testng.SuiteRunner.run(SuiteRunner.java:312)
	at org.testng.SuiteRunnerWorker.runSuite(SuiteRunnerWorker.java:52)
	at org.testng.SuiteRunnerWorker.run(SuiteRunnerWorker.java:95)
	at org.testng.TestNG.runSuitesSequentially(TestNG.java:1274)
	at org.testng.TestNG.runSuitesLocally(TestNG.java:1208)
	at org.testng.TestNG.runSuites(TestNG.java:1112)
	at org.testng.TestNG.run(TestNG.java:1079)
	at org.testng.remote.AbstractRemoteTestNG.run(AbstractRemoteTestNG.java:115)
	at org.testng.remote.RemoteTestNG.initAndRun(RemoteTestNG.java:293)
	at org.testng.remote.RemoteTestNG.main(RemoteTestNG.java:91)
</pre></div></td>
<td>2</td>
<td>com.propertymonitor.pages.ProjectSearchPage@192c3f1e</td></tr>
<tr>
<td title='com.propertymonitor.pages.ProjectSearchPage.unSelectPaymentField()'><b>unSelectPaymentField</b><br>Test class: com.propertymonitor.pages.ProjectSearchPage</td>
<td><div><pre>java.lang.AssertionError: Project count did not update after user unselected the &apos;On Completion&apos; payment plan
	at com.propertymonitor.pages.ProjectSearchPage.unSelectPaymentField(ProjectSearchPage.java:930)
	at java.base/java.util.ArrayList.forEach(ArrayList.java:1511)
... Removed 26 stack frames</pre></div><a href='#' onClick='toggleBox("stack-trace1716421772", this, "Click to show all stack frames", "Click to hide stack frames")'>Click to show all stack frames</a>
<div class='stack-trace' id='stack-trace1716421772'><pre>java.lang.AssertionError: Project count did not update after user unselected the &apos;On Completion&apos; payment plan
	at org.testng.Assert.fail(Assert.java:111)
	at com.propertymonitor.pages.ProjectSearchPage.unSelectPaymentField(ProjectSearchPage.java:930)
	at java.base/jdk.internal.reflect.DirectMethodHandleAccessor.invoke(DirectMethodHandleAccessor.java:104)
	at java.base/java.lang.reflect.Method.invoke(Method.java:578)
	at org.testng.internal.invokers.MethodInvocationHelper.invokeMethod(MethodInvocationHelper.java:141)
	at org.testng.internal.invokers.TestInvoker.invokeMethod(TestInvoker.java:687)
	at org.testng.internal.invokers.TestInvoker.invokeTestMethod(TestInvoker.java:230)
	at org.testng.internal.invokers.MethodRunner.runInSequence(MethodRunner.java:63)
	at org.testng.internal.invokers.TestInvoker$MethodInvocationAgent.invoke(TestInvoker.java:995)
	at org.testng.internal.invokers.TestInvoker.invokeTestMethods(TestInvoker.java:203)
	at org.testng.internal.invokers.TestMethodWorker.invokeTestMethods(TestMethodWorker.java:154)
	at org.testng.internal.invokers.TestMethodWorker.run(TestMethodWorker.java:134)
	at java.base/java.util.ArrayList.forEach(ArrayList.java:1511)
	at org.testng.TestRunner.privateRun(TestRunner.java:741)
	at org.testng.TestRunner.run(TestRunner.java:616)
	at org.testng.SuiteRunner.runTest(SuiteRunner.java:421)
	at org.testng.SuiteRunner.runSequentially(SuiteRunner.java:413)
	at org.testng.SuiteRunner.privateRun(SuiteRunner.java:373)
	at org.testng.SuiteRunner.run(SuiteRunner.java:312)
	at org.testng.SuiteRunnerWorker.runSuite(SuiteRunnerWorker.java:52)
	at org.testng.SuiteRunnerWorker.run(SuiteRunnerWorker.java:95)
	at org.testng.TestNG.runSuitesSequentially(TestNG.java:1274)
	at org.testng.TestNG.runSuitesLocally(TestNG.java:1208)
	at org.testng.TestNG.runSuites(TestNG.java:1112)
	at org.testng.TestNG.run(TestNG.java:1079)
	at org.testng.remote.AbstractRemoteTestNG.run(AbstractRemoteTestNG.java:115)
	at org.testng.remote.RemoteTestNG.initAndRun(RemoteTestNG.java:293)
	at org.testng.remote.RemoteTestNG.main(RemoteTestNG.java:91)
</pre></div></td>
<td>1</td>
<td>com.propertymonitor.pages.ProjectSearchPage@192c3f1e</td></tr>
<tr>
<td title='com.propertymonitor.pages.ProjectSearchPage.inputPlotAreaValue()'><b>inputPlotAreaValue</b><br>Test class: com.propertymonitor.pages.ProjectSearchPage</td>
<td><div><pre>java.lang.AssertionError: Project count did not update after user input Min and Max value on the plot area
	at com.propertymonitor.pages.ProjectSearchPage.inputPlotAreaValue(ProjectSearchPage.java:769)
	at java.base/java.util.ArrayList.forEach(ArrayList.java:1511)
... Removed 26 stack frames</pre></div><a href='#' onClick='toggleBox("stack-trace2037343019", this, "Click to show all stack frames", "Click to hide stack frames")'>Click to show all stack frames</a>
<div class='stack-trace' id='stack-trace2037343019'><pre>java.lang.AssertionError: Project count did not update after user input Min and Max value on the plot area
	at org.testng.Assert.fail(Assert.java:111)
	at com.propertymonitor.pages.ProjectSearchPage.inputPlotAreaValue(ProjectSearchPage.java:769)
	at java.base/jdk.internal.reflect.DirectMethodHandleAccessor.invoke(DirectMethodHandleAccessor.java:104)
	at java.base/java.lang.reflect.Method.invoke(Method.java:578)
	at org.testng.internal.invokers.MethodInvocationHelper.invokeMethod(MethodInvocationHelper.java:141)
	at org.testng.internal.invokers.TestInvoker.invokeMethod(TestInvoker.java:687)
	at org.testng.internal.invokers.TestInvoker.invokeTestMethod(TestInvoker.java:230)
	at org.testng.internal.invokers.MethodRunner.runInSequence(MethodRunner.java:63)
	at org.testng.internal.invokers.TestInvoker$MethodInvocationAgent.invoke(TestInvoker.java:995)
	at org.testng.internal.invokers.TestInvoker.invokeTestMethods(TestInvoker.java:203)
	at org.testng.internal.invokers.TestMethodWorker.invokeTestMethods(TestMethodWorker.java:154)
	at org.testng.internal.invokers.TestMethodWorker.run(TestMethodWorker.java:134)
	at java.base/java.util.ArrayList.forEach(ArrayList.java:1511)
	at org.testng.TestRunner.privateRun(TestRunner.java:741)
	at org.testng.TestRunner.run(TestRunner.java:616)
	at org.testng.SuiteRunner.runTest(SuiteRunner.java:421)
	at org.testng.SuiteRunner.runSequentially(SuiteRunner.java:413)
	at org.testng.SuiteRunner.privateRun(SuiteRunner.java:373)
	at org.testng.SuiteRunner.run(SuiteRunner.java:312)
	at org.testng.SuiteRunnerWorker.runSuite(SuiteRunnerWorker.java:52)
	at org.testng.SuiteRunnerWorker.run(SuiteRunnerWorker.java:95)
	at org.testng.TestNG.runSuitesSequentially(TestNG.java:1274)
	at org.testng.TestNG.runSuitesLocally(TestNG.java:1208)
	at org.testng.TestNG.runSuites(TestNG.java:1112)
	at org.testng.TestNG.run(TestNG.java:1079)
	at org.testng.remote.AbstractRemoteTestNG.run(AbstractRemoteTestNG.java:115)
	at org.testng.remote.RemoteTestNG.initAndRun(RemoteTestNG.java:293)
	at org.testng.remote.RemoteTestNG.main(RemoteTestNG.java:91)
</pre></div></td>
<td>3</td>
<td>com.propertymonitor.pages.ProjectSearchPage@192c3f1e</td></tr>
<tr>
<td title='com.propertymonitor.pages.ProjectSearchPage.resetDownPaymentValue()'><b>resetDownPaymentValue</b><br>Test class: com.propertymonitor.pages.ProjectSearchPage</td>
<td><div><pre>java.lang.AssertionError: Project count did not update after user Reset Min and Max value of down payment percentage
	at com.propertymonitor.pages.ProjectSearchPage.resetDownPaymentValue(ProjectSearchPage.java:865)
	at java.base/java.util.ArrayList.forEach(ArrayList.java:1511)
... Removed 26 stack frames</pre></div><a href='#' onClick='toggleBox("stack-trace672493939", this, "Click to show all stack frames", "Click to hide stack frames")'>Click to show all stack frames</a>
<div class='stack-trace' id='stack-trace672493939'><pre>java.lang.AssertionError: Project count did not update after user Reset Min and Max value of down payment percentage
	at org.testng.Assert.fail(Assert.java:111)
	at com.propertymonitor.pages.ProjectSearchPage.resetDownPaymentValue(ProjectSearchPage.java:865)
	at java.base/jdk.internal.reflect.DirectMethodHandleAccessor.invoke(DirectMethodHandleAccessor.java:104)
	at java.base/java.lang.reflect.Method.invoke(Method.java:578)
	at org.testng.internal.invokers.MethodInvocationHelper.invokeMethod(MethodInvocationHelper.java:141)
	at org.testng.internal.invokers.TestInvoker.invokeMethod(TestInvoker.java:687)
	at org.testng.internal.invokers.TestInvoker.invokeTestMethod(TestInvoker.java:230)
	at org.testng.internal.invokers.MethodRunner.runInSequence(MethodRunner.java:63)
	at org.testng.internal.invokers.TestInvoker$MethodInvocationAgent.invoke(TestInvoker.java:995)
	at org.testng.internal.invokers.TestInvoker.invokeTestMethods(TestInvoker.java:203)
	at org.testng.internal.invokers.TestMethodWorker.invokeTestMethods(TestMethodWorker.java:154)
	at org.testng.internal.invokers.TestMethodWorker.run(TestMethodWorker.java:134)
	at java.base/java.util.ArrayList.forEach(ArrayList.java:1511)
	at org.testng.TestRunner.privateRun(TestRunner.java:741)
	at org.testng.TestRunner.run(TestRunner.java:616)
	at org.testng.SuiteRunner.runTest(SuiteRunner.java:421)
	at org.testng.SuiteRunner.runSequentially(SuiteRunner.java:413)
	at org.testng.SuiteRunner.privateRun(SuiteRunner.java:373)
	at org.testng.SuiteRunner.run(SuiteRunner.java:312)
	at org.testng.SuiteRunnerWorker.runSuite(SuiteRunnerWorker.java:52)
	at org.testng.SuiteRunnerWorker.run(SuiteRunnerWorker.java:95)
	at org.testng.TestNG.runSuitesSequentially(TestNG.java:1274)
	at org.testng.TestNG.runSuitesLocally(TestNG.java:1208)
	at org.testng.TestNG.runSuites(TestNG.java:1112)
	at org.testng.TestNG.run(TestNG.java:1079)
	at org.testng.remote.AbstractRemoteTestNG.run(AbstractRemoteTestNG.java:115)
	at org.testng.remote.RemoteTestNG.initAndRun(RemoteTestNG.java:293)
	at org.testng.remote.RemoteTestNG.main(RemoteTestNG.java:91)
</pre></div></td>
<td>1</td>
<td>com.propertymonitor.pages.ProjectSearchPage@192c3f1e</td></tr>
<tr>
<td title='com.propertymonitor.pages.ProjectSearchPage.clickUnSelectCalendar()'><b>clickUnSelectCalendar</b><br>Test class: com.propertymonitor.pages.ProjectSearchPage</td>
<td><div><pre>java.lang.AssertionError: Project count did not update after Click on the close icon to Reset the Selected completion Date.
	at com.propertymonitor.pages.ProjectSearchPage.clickUnSelectCalendar(ProjectSearchPage.java:491)
	at java.base/java.util.ArrayList.forEach(ArrayList.java:1511)
... Removed 26 stack frames</pre></div><a href='#' onClick='toggleBox("stack-trace85435056", this, "Click to show all stack frames", "Click to hide stack frames")'>Click to show all stack frames</a>
<div class='stack-trace' id='stack-trace85435056'><pre>java.lang.AssertionError: Project count did not update after Click on the close icon to Reset the Selected completion Date.
	at org.testng.Assert.fail(Assert.java:111)
	at com.propertymonitor.pages.ProjectSearchPage.clickUnSelectCalendar(ProjectSearchPage.java:491)
	at java.base/jdk.internal.reflect.DirectMethodHandleAccessor.invoke(DirectMethodHandleAccessor.java:104)
	at java.base/java.lang.reflect.Method.invoke(Method.java:578)
	at org.testng.internal.invokers.MethodInvocationHelper.invokeMethod(MethodInvocationHelper.java:141)
	at org.testng.internal.invokers.TestInvoker.invokeMethod(TestInvoker.java:687)
	at org.testng.internal.invokers.TestInvoker.invokeTestMethod(TestInvoker.java:230)
	at org.testng.internal.invokers.MethodRunner.runInSequence(MethodRunner.java:63)
	at org.testng.internal.invokers.TestInvoker$MethodInvocationAgent.invoke(TestInvoker.java:995)
	at org.testng.internal.invokers.TestInvoker.invokeTestMethods(TestInvoker.java:203)
	at org.testng.internal.invokers.TestMethodWorker.invokeTestMethods(TestMethodWorker.java:154)
	at org.testng.internal.invokers.TestMethodWorker.run(TestMethodWorker.java:134)
	at java.base/java.util.ArrayList.forEach(ArrayList.java:1511)
	at org.testng.TestRunner.privateRun(TestRunner.java:741)
	at org.testng.TestRunner.run(TestRunner.java:616)
	at org.testng.SuiteRunner.runTest(SuiteRunner.java:421)
	at org.testng.SuiteRunner.runSequentially(SuiteRunner.java:413)
	at org.testng.SuiteRunner.privateRun(SuiteRunner.java:373)
	at org.testng.SuiteRunner.run(SuiteRunner.java:312)
	at org.testng.SuiteRunnerWorker.runSuite(SuiteRunnerWorker.java:52)
	at org.testng.SuiteRunnerWorker.run(SuiteRunnerWorker.java:95)
	at org.testng.TestNG.runSuitesSequentially(TestNG.java:1274)
	at org.testng.TestNG.runSuitesLocally(TestNG.java:1208)
	at org.testng.TestNG.runSuites(TestNG.java:1112)
	at org.testng.TestNG.run(TestNG.java:1079)
	at org.testng.remote.AbstractRemoteTestNG.run(AbstractRemoteTestNG.java:115)
	at org.testng.remote.RemoteTestNG.initAndRun(RemoteTestNG.java:293)
	at org.testng.remote.RemoteTestNG.main(RemoteTestNG.java:91)
</pre></div></td>
<td>0</td>
<td>com.propertymonitor.pages.ProjectSearchPage@192c3f1e</td></tr>
<tr>
<td title='com.propertymonitor.pages.ProjectSearchPage.clickFurnishingFilter()'><b>clickFurnishingFilter</b><br>Test class: com.propertymonitor.pages.ProjectSearchPage</td>
<td><div><pre>java.lang.AssertionError: Project count did not update after user selected the &apos;Partially Furnished&apos; option
	at com.propertymonitor.pages.ProjectSearchPage.clickFurnishingFilter(ProjectSearchPage.java:1226)
	at java.base/java.util.ArrayList.forEach(ArrayList.java:1511)
... Removed 26 stack frames</pre></div><a href='#' onClick='toggleBox("stack-trace1794666800", this, "Click to show all stack frames", "Click to hide stack frames")'>Click to show all stack frames</a>
<div class='stack-trace' id='stack-trace1794666800'><pre>java.lang.AssertionError: Project count did not update after user selected the &apos;Partially Furnished&apos; option
	at org.testng.Assert.fail(Assert.java:111)
	at com.propertymonitor.pages.ProjectSearchPage.clickFurnishingFilter(ProjectSearchPage.java:1226)
	at java.base/jdk.internal.reflect.DirectMethodHandleAccessor.invoke(DirectMethodHandleAccessor.java:104)
	at java.base/java.lang.reflect.Method.invoke(Method.java:578)
	at org.testng.internal.invokers.MethodInvocationHelper.invokeMethod(MethodInvocationHelper.java:141)
	at org.testng.internal.invokers.TestInvoker.invokeMethod(TestInvoker.java:687)
	at org.testng.internal.invokers.TestInvoker.invokeTestMethod(TestInvoker.java:230)
	at org.testng.internal.invokers.MethodRunner.runInSequence(MethodRunner.java:63)
	at org.testng.internal.invokers.TestInvoker$MethodInvocationAgent.invoke(TestInvoker.java:995)
	at org.testng.internal.invokers.TestInvoker.invokeTestMethods(TestInvoker.java:203)
	at org.testng.internal.invokers.TestMethodWorker.invokeTestMethods(TestMethodWorker.java:154)
	at org.testng.internal.invokers.TestMethodWorker.run(TestMethodWorker.java:134)
	at java.base/java.util.ArrayList.forEach(ArrayList.java:1511)
	at org.testng.TestRunner.privateRun(TestRunner.java:741)
	at org.testng.TestRunner.run(TestRunner.java:616)
	at org.testng.SuiteRunner.runTest(SuiteRunner.java:421)
	at org.testng.SuiteRunner.runSequentially(SuiteRunner.java:413)
	at org.testng.SuiteRunner.privateRun(SuiteRunner.java:373)
	at org.testng.SuiteRunner.run(SuiteRunner.java:312)
	at org.testng.SuiteRunnerWorker.runSuite(SuiteRunnerWorker.java:52)
	at org.testng.SuiteRunnerWorker.run(SuiteRunnerWorker.java:95)
	at org.testng.TestNG.runSuitesSequentially(TestNG.java:1274)
	at org.testng.TestNG.runSuitesLocally(TestNG.java:1208)
	at org.testng.TestNG.runSuites(TestNG.java:1112)
	at org.testng.TestNG.run(TestNG.java:1079)
	at org.testng.remote.AbstractRemoteTestNG.run(AbstractRemoteTestNG.java:115)
	at org.testng.remote.RemoteTestNG.initAndRun(RemoteTestNG.java:293)
	at org.testng.remote.RemoteTestNG.main(RemoteTestNG.java:91)
</pre></div></td>
<td>1</td>
<td>com.propertymonitor.pages.ProjectSearchPage@192c3f1e</td></tr>
<tr>
<td title='com.propertymonitor.pages.ProjectSearchPage.clickSelectSalesStartDate()'><b>clickSelectSalesStartDate</b><br>Test class: com.propertymonitor.pages.ProjectSearchPage</td>
<td><div><pre>org.openqa.selenium.StaleElementReferenceException: The element with the reference 98346291-0e28-4d8e-9f2b-5bbb39e7635d is stale; either its node document is not the active document, or it is no longer connected to the DOM
For documentation on this error, please visit: https://www.selenium.dev/documentation/webdriver/troubleshooting/errors#stale-element-reference-exception
Build info: version: &apos;4.17.0&apos;, revision: &apos;e52b1be057*&apos;
System info: os.name: &apos;Windows 10&apos;, os.arch: &apos;amd64&apos;, os.version: &apos;10.0&apos;, java.version: &apos;19.0.2&apos;
Driver info: org.openqa.selenium.firefox.FirefoxDriver
Command: [50c3b3d7-a933-44d0-a567-c272e12af785, getElementText {id=98346291-0e28-4d8e-9f2b-5bbb39e7635d}]
Capabilities {acceptInsecureCerts: true, browserName: firefox, browserVersion: 138.0.1, moz:accessibilityChecks: false, moz:buildID: 20250430203103, moz:geckodriverVersion: 0.36.0, moz:headless: false, moz:platformVersion: 10.0, moz:processID: 9728, moz:profile: C:\Users\admin\AppData\Loca..., moz:shutdownTimeout: 60000, moz:webdriverClick: true, moz:windowless: false, pageLoadStrategy: normal, platformName: windows, proxy: Proxy(), setWindowRect: true, strictFileInteractability: false, timeouts: {implicit: 0, pageLoad: 300000, script: 30000}, unhandledPromptBehavior: dismiss and notify, userAgent: Mozilla/5.0 (Windows NT 10....}
Element: [[FirefoxDriver: firefox on windows (50c3b3d7-a933-44d0-a567-c272e12af785)] -&gt; xpath: //p[contains(@class, &apos;chakra-text&apos;) and contains(text(), &apos;project&apos;)]]
Session ID: 50c3b3d7-a933-44d0-a567-c272e12af785
	at org.openqa.selenium.remote.codec.w3c.W3CHttpResponseCodec.createException(W3CHttpResponseCodec.java:185)
	at org.openqa.selenium.remote.codec.w3c.W3CHttpResponseCodec.decode(W3CHttpResponseCodec.java:134)
	at org.openqa.selenium.remote.codec.w3c.W3CHttpResponseCodec.decode(W3CHttpResponseCodec.java:51)
	at org.openqa.selenium.remote.HttpCommandExecutor.execute(HttpCommandExecutor.java:190)
	at org.openqa.selenium.remote.service.DriverCommandExecutor.invokeExecute(DriverCommandExecutor.java:216)
	at org.openqa.selenium.remote.service.DriverCommandExecutor.execute(DriverCommandExecutor.java:174)
	at org.openqa.selenium.remote.RemoteWebDriver.execute(RemoteWebDriver.java:519)
	at org.openqa.selenium.remote.RemoteWebElement.execute(RemoteWebElement.java:223)
	at org.openqa.selenium.remote.RemoteWebElement.getText(RemoteWebElement.java:191)
	at com.propertymonitor.pages.ProjectSearchPage.getProjectCount(ProjectSearchPage.java:1438)
	at com.propertymonitor.pages.ProjectSearchPage.clickSelectSalesStartDate(ProjectSearchPage.java:518)
	at java.base/java.util.ArrayList.forEach(ArrayList.java:1511)
... Removed 28 stack frames</pre></div><a href='#' onClick='toggleBox("stack-trace999427036", this, "Click to show all stack frames", "Click to hide stack frames")'>Click to show all stack frames</a>
<div class='stack-trace' id='stack-trace999427036'><pre>org.openqa.selenium.StaleElementReferenceException: The element with the reference 98346291-0e28-4d8e-9f2b-5bbb39e7635d is stale; either its node document is not the active document, or it is no longer connected to the DOM
For documentation on this error, please visit: https://www.selenium.dev/documentation/webdriver/troubleshooting/errors#stale-element-reference-exception
Build info: version: &apos;4.17.0&apos;, revision: &apos;e52b1be057*&apos;
System info: os.name: &apos;Windows 10&apos;, os.arch: &apos;amd64&apos;, os.version: &apos;10.0&apos;, java.version: &apos;19.0.2&apos;
Driver info: org.openqa.selenium.firefox.FirefoxDriver
Command: [50c3b3d7-a933-44d0-a567-c272e12af785, getElementText {id=98346291-0e28-4d8e-9f2b-5bbb39e7635d}]
Capabilities {acceptInsecureCerts: true, browserName: firefox, browserVersion: 138.0.1, moz:accessibilityChecks: false, moz:buildID: 20250430203103, moz:geckodriverVersion: 0.36.0, moz:headless: false, moz:platformVersion: 10.0, moz:processID: 9728, moz:profile: C:\Users\admin\AppData\Loca..., moz:shutdownTimeout: 60000, moz:webdriverClick: true, moz:windowless: false, pageLoadStrategy: normal, platformName: windows, proxy: Proxy(), setWindowRect: true, strictFileInteractability: false, timeouts: {implicit: 0, pageLoad: 300000, script: 30000}, unhandledPromptBehavior: dismiss and notify, userAgent: Mozilla/5.0 (Windows NT 10....}
Element: [[FirefoxDriver: firefox on windows (50c3b3d7-a933-44d0-a567-c272e12af785)] -&gt; xpath: //p[contains(@class, &apos;chakra-text&apos;) and contains(text(), &apos;project&apos;)]]
Session ID: 50c3b3d7-a933-44d0-a567-c272e12af785
	at java.base/jdk.internal.reflect.DirectConstructorHandleAccessor.newInstance(DirectConstructorHandleAccessor.java:67)
	at java.base/java.lang.reflect.Constructor.newInstanceWithCaller(Constructor.java:500)
	at java.base/java.lang.reflect.Constructor.newInstance(Constructor.java:484)
	at org.openqa.selenium.remote.codec.w3c.W3CHttpResponseCodec.createException(W3CHttpResponseCodec.java:185)
	at org.openqa.selenium.remote.codec.w3c.W3CHttpResponseCodec.decode(W3CHttpResponseCodec.java:134)
	at org.openqa.selenium.remote.codec.w3c.W3CHttpResponseCodec.decode(W3CHttpResponseCodec.java:51)
	at org.openqa.selenium.remote.HttpCommandExecutor.execute(HttpCommandExecutor.java:190)
	at org.openqa.selenium.remote.service.DriverCommandExecutor.invokeExecute(DriverCommandExecutor.java:216)
	at org.openqa.selenium.remote.service.DriverCommandExecutor.execute(DriverCommandExecutor.java:174)
	at org.openqa.selenium.remote.RemoteWebDriver.execute(RemoteWebDriver.java:519)
	at org.openqa.selenium.remote.RemoteWebElement.execute(RemoteWebElement.java:223)
	at org.openqa.selenium.remote.RemoteWebElement.getText(RemoteWebElement.java:191)
	at com.propertymonitor.pages.ProjectSearchPage.getProjectCount(ProjectSearchPage.java:1438)
	at com.propertymonitor.pages.ProjectSearchPage.clickSelectSalesStartDate(ProjectSearchPage.java:518)
	at java.base/jdk.internal.reflect.DirectMethodHandleAccessor.invoke(DirectMethodHandleAccessor.java:104)
	at java.base/java.lang.reflect.Method.invoke(Method.java:578)
	at org.testng.internal.invokers.MethodInvocationHelper.invokeMethod(MethodInvocationHelper.java:141)
	at org.testng.internal.invokers.TestInvoker.invokeMethod(TestInvoker.java:687)
	at org.testng.internal.invokers.TestInvoker.invokeTestMethod(TestInvoker.java:230)
	at org.testng.internal.invokers.MethodRunner.runInSequence(MethodRunner.java:63)
	at org.testng.internal.invokers.TestInvoker$MethodInvocationAgent.invoke(TestInvoker.java:995)
	at org.testng.internal.invokers.TestInvoker.invokeTestMethods(TestInvoker.java:203)
	at org.testng.internal.invokers.TestMethodWorker.invokeTestMethods(TestMethodWorker.java:154)
	at org.testng.internal.invokers.TestMethodWorker.run(TestMethodWorker.java:134)
	at java.base/java.util.ArrayList.forEach(ArrayList.java:1511)
	at org.testng.TestRunner.privateRun(TestRunner.java:741)
	at org.testng.TestRunner.run(TestRunner.java:616)
	at org.testng.SuiteRunner.runTest(SuiteRunner.java:421)
	at org.testng.SuiteRunner.runSequentially(SuiteRunner.java:413)
	at org.testng.SuiteRunner.privateRun(SuiteRunner.java:373)
	at org.testng.SuiteRunner.run(SuiteRunner.java:312)
	at org.testng.SuiteRunnerWorker.runSuite(SuiteRunnerWorker.java:52)
	at org.testng.SuiteRunnerWorker.run(SuiteRunnerWorker.java:95)
	at org.testng.TestNG.runSuitesSequentially(TestNG.java:1274)
	at org.testng.TestNG.runSuitesLocally(TestNG.java:1208)
	at org.testng.TestNG.runSuites(TestNG.java:1112)
	at org.testng.TestNG.run(TestNG.java:1079)
	at org.testng.remote.AbstractRemoteTestNG.run(AbstractRemoteTestNG.java:115)
	at org.testng.remote.RemoteTestNG.initAndRun(RemoteTestNG.java:293)
	at org.testng.remote.RemoteTestNG.main(RemoteTestNG.java:91)
</pre></div></td>
<td>1</td>
<td>com.propertymonitor.pages.ProjectSearchPage@192c3f1e</td></tr>
<tr>
<td title='com.propertymonitor.pages.ProjectSearchPage.inputBuiltupValue()'><b>inputBuiltupValue</b><br>Test class: com.propertymonitor.pages.ProjectSearchPage</td>
<td><div><pre>java.lang.AssertionError: Project count did not update after user input Min and Max value on the Built up area
	at com.propertymonitor.pages.ProjectSearchPage.inputBuiltupValue(ProjectSearchPage.java:706)
	at java.base/java.util.ArrayList.forEach(ArrayList.java:1511)
... Removed 26 stack frames</pre></div><a href='#' onClick='toggleBox("stack-trace129958347", this, "Click to show all stack frames", "Click to hide stack frames")'>Click to show all stack frames</a>
<div class='stack-trace' id='stack-trace129958347'><pre>java.lang.AssertionError: Project count did not update after user input Min and Max value on the Built up area
	at org.testng.Assert.fail(Assert.java:111)
	at com.propertymonitor.pages.ProjectSearchPage.inputBuiltupValue(ProjectSearchPage.java:706)
	at java.base/jdk.internal.reflect.DirectMethodHandleAccessor.invoke(DirectMethodHandleAccessor.java:104)
	at java.base/java.lang.reflect.Method.invoke(Method.java:578)
	at org.testng.internal.invokers.MethodInvocationHelper.invokeMethod(MethodInvocationHelper.java:141)
	at org.testng.internal.invokers.TestInvoker.invokeMethod(TestInvoker.java:687)
	at org.testng.internal.invokers.TestInvoker.invokeTestMethod(TestInvoker.java:230)
	at org.testng.internal.invokers.MethodRunner.runInSequence(MethodRunner.java:63)
	at org.testng.internal.invokers.TestInvoker$MethodInvocationAgent.invoke(TestInvoker.java:995)
	at org.testng.internal.invokers.TestInvoker.invokeTestMethods(TestInvoker.java:203)
	at org.testng.internal.invokers.TestMethodWorker.invokeTestMethods(TestMethodWorker.java:154)
	at org.testng.internal.invokers.TestMethodWorker.run(TestMethodWorker.java:134)
	at java.base/java.util.ArrayList.forEach(ArrayList.java:1511)
	at org.testng.TestRunner.privateRun(TestRunner.java:741)
	at org.testng.TestRunner.run(TestRunner.java:616)
	at org.testng.SuiteRunner.runTest(SuiteRunner.java:421)
	at org.testng.SuiteRunner.runSequentially(SuiteRunner.java:413)
	at org.testng.SuiteRunner.privateRun(SuiteRunner.java:373)
	at org.testng.SuiteRunner.run(SuiteRunner.java:312)
	at org.testng.SuiteRunnerWorker.runSuite(SuiteRunnerWorker.java:52)
	at org.testng.SuiteRunnerWorker.run(SuiteRunnerWorker.java:95)
	at org.testng.TestNG.runSuitesSequentially(TestNG.java:1274)
	at org.testng.TestNG.runSuitesLocally(TestNG.java:1208)
	at org.testng.TestNG.runSuites(TestNG.java:1112)
	at org.testng.TestNG.run(TestNG.java:1079)
	at org.testng.remote.AbstractRemoteTestNG.run(AbstractRemoteTestNG.java:115)
	at org.testng.remote.RemoteTestNG.initAndRun(RemoteTestNG.java:293)
	at org.testng.remote.RemoteTestNG.main(RemoteTestNG.java:91)
</pre></div></td>
<td>3</td>
<td>com.propertymonitor.pages.ProjectSearchPage@192c3f1e</td></tr>
<tr>
<td title='com.propertymonitor.pages.ProjectSearchPage.unSelectDld()'><b>unSelectDld</b><br>Test class: com.propertymonitor.pages.ProjectSearchPage</td>
<td><div><pre>java.lang.AssertionError: Project count did not update after user unselected 50% DLD transfer fee
	at com.propertymonitor.pages.ProjectSearchPage.unSelectDld(ProjectSearchPage.java:993)
	at java.base/java.util.ArrayList.forEach(ArrayList.java:1511)
... Removed 26 stack frames</pre></div><a href='#' onClick='toggleBox("stack-trace1591063329", this, "Click to show all stack frames", "Click to hide stack frames")'>Click to show all stack frames</a>
<div class='stack-trace' id='stack-trace1591063329'><pre>java.lang.AssertionError: Project count did not update after user unselected 50% DLD transfer fee
	at org.testng.Assert.fail(Assert.java:111)
	at com.propertymonitor.pages.ProjectSearchPage.unSelectDld(ProjectSearchPage.java:993)
	at java.base/jdk.internal.reflect.DirectMethodHandleAccessor.invoke(DirectMethodHandleAccessor.java:104)
	at java.base/java.lang.reflect.Method.invoke(Method.java:578)
	at org.testng.internal.invokers.MethodInvocationHelper.invokeMethod(MethodInvocationHelper.java:141)
	at org.testng.internal.invokers.TestInvoker.invokeMethod(TestInvoker.java:687)
	at org.testng.internal.invokers.TestInvoker.invokeTestMethod(TestInvoker.java:230)
	at org.testng.internal.invokers.MethodRunner.runInSequence(MethodRunner.java:63)
	at org.testng.internal.invokers.TestInvoker$MethodInvocationAgent.invoke(TestInvoker.java:995)
	at org.testng.internal.invokers.TestInvoker.invokeTestMethods(TestInvoker.java:203)
	at org.testng.internal.invokers.TestMethodWorker.invokeTestMethods(TestMethodWorker.java:154)
	at org.testng.internal.invokers.TestMethodWorker.run(TestMethodWorker.java:134)
	at java.base/java.util.ArrayList.forEach(ArrayList.java:1511)
	at org.testng.TestRunner.privateRun(TestRunner.java:741)
	at org.testng.TestRunner.run(TestRunner.java:616)
	at org.testng.SuiteRunner.runTest(SuiteRunner.java:421)
	at org.testng.SuiteRunner.runSequentially(SuiteRunner.java:413)
	at org.testng.SuiteRunner.privateRun(SuiteRunner.java:373)
	at org.testng.SuiteRunner.run(SuiteRunner.java:312)
	at org.testng.SuiteRunnerWorker.runSuite(SuiteRunnerWorker.java:52)
	at org.testng.SuiteRunnerWorker.run(SuiteRunnerWorker.java:95)
	at org.testng.TestNG.runSuitesSequentially(TestNG.java:1274)
	at org.testng.TestNG.runSuitesLocally(TestNG.java:1208)
	at org.testng.TestNG.runSuites(TestNG.java:1112)
	at org.testng.TestNG.run(TestNG.java:1079)
	at org.testng.remote.AbstractRemoteTestNG.run(AbstractRemoteTestNG.java:115)
	at org.testng.remote.RemoteTestNG.initAndRun(RemoteTestNG.java:293)
	at org.testng.remote.RemoteTestNG.main(RemoteTestNG.java:91)
</pre></div></td>
<td>1</td>
<td>com.propertymonitor.pages.ProjectSearchPage@192c3f1e</td></tr>
<tr>
<td title='com.propertymonitor.pages.ProjectSearchPage.unSelectKitchenFilter()'><b>unSelectKitchenFilter</b><br>Test class: com.propertymonitor.pages.ProjectSearchPage</td>
<td><div><pre>java.lang.AssertionError: Project count did not update after user unselected the &apos;Partially equipped&apos; kitchen option
	at com.propertymonitor.pages.ProjectSearchPage.unSelectKitchenFilter(ProjectSearchPage.java:1319)
	at java.base/java.util.ArrayList.forEach(ArrayList.java:1511)
... Removed 26 stack frames</pre></div><a href='#' onClick='toggleBox("stack-trace614482519", this, "Click to show all stack frames", "Click to hide stack frames")'>Click to show all stack frames</a>
<div class='stack-trace' id='stack-trace614482519'><pre>java.lang.AssertionError: Project count did not update after user unselected the &apos;Partially equipped&apos; kitchen option
	at org.testng.Assert.fail(Assert.java:111)
	at com.propertymonitor.pages.ProjectSearchPage.unSelectKitchenFilter(ProjectSearchPage.java:1319)
	at java.base/jdk.internal.reflect.DirectMethodHandleAccessor.invoke(DirectMethodHandleAccessor.java:104)
	at java.base/java.lang.reflect.Method.invoke(Method.java:578)
	at org.testng.internal.invokers.MethodInvocationHelper.invokeMethod(MethodInvocationHelper.java:141)
	at org.testng.internal.invokers.TestInvoker.invokeMethod(TestInvoker.java:687)
	at org.testng.internal.invokers.TestInvoker.invokeTestMethod(TestInvoker.java:230)
	at org.testng.internal.invokers.MethodRunner.runInSequence(MethodRunner.java:63)
	at org.testng.internal.invokers.TestInvoker$MethodInvocationAgent.invoke(TestInvoker.java:995)
	at org.testng.internal.invokers.TestInvoker.invokeTestMethods(TestInvoker.java:203)
	at org.testng.internal.invokers.TestMethodWorker.invokeTestMethods(TestMethodWorker.java:154)
	at org.testng.internal.invokers.TestMethodWorker.run(TestMethodWorker.java:134)
	at java.base/java.util.ArrayList.forEach(ArrayList.java:1511)
	at org.testng.TestRunner.privateRun(TestRunner.java:741)
	at org.testng.TestRunner.run(TestRunner.java:616)
	at org.testng.SuiteRunner.runTest(SuiteRunner.java:421)
	at org.testng.SuiteRunner.runSequentially(SuiteRunner.java:413)
	at org.testng.SuiteRunner.privateRun(SuiteRunner.java:373)
	at org.testng.SuiteRunner.run(SuiteRunner.java:312)
	at org.testng.SuiteRunnerWorker.runSuite(SuiteRunnerWorker.java:52)
	at org.testng.SuiteRunnerWorker.run(SuiteRunnerWorker.java:95)
	at org.testng.TestNG.runSuitesSequentially(TestNG.java:1274)
	at org.testng.TestNG.runSuitesLocally(TestNG.java:1208)
	at org.testng.TestNG.runSuites(TestNG.java:1112)
	at org.testng.TestNG.run(TestNG.java:1079)
	at org.testng.remote.AbstractRemoteTestNG.run(AbstractRemoteTestNG.java:115)
	at org.testng.remote.RemoteTestNG.initAndRun(RemoteTestNG.java:293)
	at org.testng.remote.RemoteTestNG.main(RemoteTestNG.java:91)
</pre></div></td>
<td>1</td>
<td>com.propertymonitor.pages.ProjectSearchPage@192c3f1e</td></tr>
<tr>
<td title='com.propertymonitor.pages.ProjectSearchPage.clickSelectDld()'><b>clickSelectDld</b><br>Test class: com.propertymonitor.pages.ProjectSearchPage</td>
<td><div><pre>org.openqa.selenium.StaleElementReferenceException: The element with the reference ba9dc67d-b9eb-464d-a7bd-90819b7be5de is stale; either its node document is not the active document, or it is no longer connected to the DOM
For documentation on this error, please visit: https://www.selenium.dev/documentation/webdriver/troubleshooting/errors#stale-element-reference-exception
Build info: version: &apos;4.17.0&apos;, revision: &apos;e52b1be057*&apos;
System info: os.name: &apos;Windows 10&apos;, os.arch: &apos;amd64&apos;, os.version: &apos;10.0&apos;, java.version: &apos;19.0.2&apos;
Driver info: org.openqa.selenium.firefox.FirefoxDriver
Command: [50c3b3d7-a933-44d0-a567-c272e12af785, getElementText {id=ba9dc67d-b9eb-464d-a7bd-90819b7be5de}]
Capabilities {acceptInsecureCerts: true, browserName: firefox, browserVersion: 138.0.1, moz:accessibilityChecks: false, moz:buildID: 20250430203103, moz:geckodriverVersion: 0.36.0, moz:headless: false, moz:platformVersion: 10.0, moz:processID: 9728, moz:profile: C:\Users\admin\AppData\Loca..., moz:shutdownTimeout: 60000, moz:webdriverClick: true, moz:windowless: false, pageLoadStrategy: normal, platformName: windows, proxy: Proxy(), setWindowRect: true, strictFileInteractability: false, timeouts: {implicit: 0, pageLoad: 300000, script: 30000}, unhandledPromptBehavior: dismiss and notify, userAgent: Mozilla/5.0 (Windows NT 10....}
Element: [[FirefoxDriver: firefox on windows (50c3b3d7-a933-44d0-a567-c272e12af785)] -&gt; xpath: //p[contains(@class, &apos;chakra-text&apos;) and contains(text(), &apos;project&apos;)]]
Session ID: 50c3b3d7-a933-44d0-a567-c272e12af785
	at org.openqa.selenium.remote.codec.w3c.W3CHttpResponseCodec.createException(W3CHttpResponseCodec.java:185)
	at org.openqa.selenium.remote.codec.w3c.W3CHttpResponseCodec.decode(W3CHttpResponseCodec.java:134)
	at org.openqa.selenium.remote.codec.w3c.W3CHttpResponseCodec.decode(W3CHttpResponseCodec.java:51)
	at org.openqa.selenium.remote.HttpCommandExecutor.execute(HttpCommandExecutor.java:190)
	at org.openqa.selenium.remote.service.DriverCommandExecutor.invokeExecute(DriverCommandExecutor.java:216)
	at org.openqa.selenium.remote.service.DriverCommandExecutor.execute(DriverCommandExecutor.java:174)
	at org.openqa.selenium.remote.RemoteWebDriver.execute(RemoteWebDriver.java:519)
	at org.openqa.selenium.remote.RemoteWebElement.execute(RemoteWebElement.java:223)
	at org.openqa.selenium.remote.RemoteWebElement.getText(RemoteWebElement.java:191)
	at com.propertymonitor.pages.ProjectSearchPage.getProjectCount(ProjectSearchPage.java:1438)
	at com.propertymonitor.pages.ProjectSearchPage.clickSelectDld(ProjectSearchPage.java:942)
	at java.base/java.util.ArrayList.forEach(ArrayList.java:1511)
... Removed 28 stack frames</pre></div><a href='#' onClick='toggleBox("stack-trace1484994456", this, "Click to show all stack frames", "Click to hide stack frames")'>Click to show all stack frames</a>
<div class='stack-trace' id='stack-trace1484994456'><pre>org.openqa.selenium.StaleElementReferenceException: The element with the reference ba9dc67d-b9eb-464d-a7bd-90819b7be5de is stale; either its node document is not the active document, or it is no longer connected to the DOM
For documentation on this error, please visit: https://www.selenium.dev/documentation/webdriver/troubleshooting/errors#stale-element-reference-exception
Build info: version: &apos;4.17.0&apos;, revision: &apos;e52b1be057*&apos;
System info: os.name: &apos;Windows 10&apos;, os.arch: &apos;amd64&apos;, os.version: &apos;10.0&apos;, java.version: &apos;19.0.2&apos;
Driver info: org.openqa.selenium.firefox.FirefoxDriver
Command: [50c3b3d7-a933-44d0-a567-c272e12af785, getElementText {id=ba9dc67d-b9eb-464d-a7bd-90819b7be5de}]
Capabilities {acceptInsecureCerts: true, browserName: firefox, browserVersion: 138.0.1, moz:accessibilityChecks: false, moz:buildID: 20250430203103, moz:geckodriverVersion: 0.36.0, moz:headless: false, moz:platformVersion: 10.0, moz:processID: 9728, moz:profile: C:\Users\admin\AppData\Loca..., moz:shutdownTimeout: 60000, moz:webdriverClick: true, moz:windowless: false, pageLoadStrategy: normal, platformName: windows, proxy: Proxy(), setWindowRect: true, strictFileInteractability: false, timeouts: {implicit: 0, pageLoad: 300000, script: 30000}, unhandledPromptBehavior: dismiss and notify, userAgent: Mozilla/5.0 (Windows NT 10....}
Element: [[FirefoxDriver: firefox on windows (50c3b3d7-a933-44d0-a567-c272e12af785)] -&gt; xpath: //p[contains(@class, &apos;chakra-text&apos;) and contains(text(), &apos;project&apos;)]]
Session ID: 50c3b3d7-a933-44d0-a567-c272e12af785
	at java.base/jdk.internal.reflect.DirectConstructorHandleAccessor.newInstance(DirectConstructorHandleAccessor.java:67)
	at java.base/java.lang.reflect.Constructor.newInstanceWithCaller(Constructor.java:500)
	at java.base/java.lang.reflect.Constructor.newInstance(Constructor.java:484)
	at org.openqa.selenium.remote.codec.w3c.W3CHttpResponseCodec.createException(W3CHttpResponseCodec.java:185)
	at org.openqa.selenium.remote.codec.w3c.W3CHttpResponseCodec.decode(W3CHttpResponseCodec.java:134)
	at org.openqa.selenium.remote.codec.w3c.W3CHttpResponseCodec.decode(W3CHttpResponseCodec.java:51)
	at org.openqa.selenium.remote.HttpCommandExecutor.execute(HttpCommandExecutor.java:190)
	at org.openqa.selenium.remote.service.DriverCommandExecutor.invokeExecute(DriverCommandExecutor.java:216)
	at org.openqa.selenium.remote.service.DriverCommandExecutor.execute(DriverCommandExecutor.java:174)
	at org.openqa.selenium.remote.RemoteWebDriver.execute(RemoteWebDriver.java:519)
	at org.openqa.selenium.remote.RemoteWebElement.execute(RemoteWebElement.java:223)
	at org.openqa.selenium.remote.RemoteWebElement.getText(RemoteWebElement.java:191)
	at com.propertymonitor.pages.ProjectSearchPage.getProjectCount(ProjectSearchPage.java:1438)
	at com.propertymonitor.pages.ProjectSearchPage.clickSelectDld(ProjectSearchPage.java:942)
	at java.base/jdk.internal.reflect.DirectMethodHandleAccessor.invoke(DirectMethodHandleAccessor.java:104)
	at java.base/java.lang.reflect.Method.invoke(Method.java:578)
	at org.testng.internal.invokers.MethodInvocationHelper.invokeMethod(MethodInvocationHelper.java:141)
	at org.testng.internal.invokers.TestInvoker.invokeMethod(TestInvoker.java:687)
	at org.testng.internal.invokers.TestInvoker.invokeTestMethod(TestInvoker.java:230)
	at org.testng.internal.invokers.MethodRunner.runInSequence(MethodRunner.java:63)
	at org.testng.internal.invokers.TestInvoker$MethodInvocationAgent.invoke(TestInvoker.java:995)
	at org.testng.internal.invokers.TestInvoker.invokeTestMethods(TestInvoker.java:203)
	at org.testng.internal.invokers.TestMethodWorker.invokeTestMethods(TestMethodWorker.java:154)
	at org.testng.internal.invokers.TestMethodWorker.run(TestMethodWorker.java:134)
	at java.base/java.util.ArrayList.forEach(ArrayList.java:1511)
	at org.testng.TestRunner.privateRun(TestRunner.java:741)
	at org.testng.TestRunner.run(TestRunner.java:616)
	at org.testng.SuiteRunner.runTest(SuiteRunner.java:421)
	at org.testng.SuiteRunner.runSequentially(SuiteRunner.java:413)
	at org.testng.SuiteRunner.privateRun(SuiteRunner.java:373)
	at org.testng.SuiteRunner.run(SuiteRunner.java:312)
	at org.testng.SuiteRunnerWorker.runSuite(SuiteRunnerWorker.java:52)
	at org.testng.SuiteRunnerWorker.run(SuiteRunnerWorker.java:95)
	at org.testng.TestNG.runSuitesSequentially(TestNG.java:1274)
	at org.testng.TestNG.runSuitesLocally(TestNG.java:1208)
	at org.testng.TestNG.runSuites(TestNG.java:1112)
	at org.testng.TestNG.run(TestNG.java:1079)
	at org.testng.remote.AbstractRemoteTestNG.run(AbstractRemoteTestNG.java:115)
	at org.testng.remote.RemoteTestNG.initAndRun(RemoteTestNG.java:293)
	at org.testng.remote.RemoteTestNG.main(RemoteTestNG.java:91)
</pre></div></td>
<td>0</td>
<td>com.propertymonitor.pages.ProjectSearchPage@192c3f1e</td></tr>
<tr>
<td title='com.propertymonitor.pages.ProjectSearchPage.clickKitchenFilter()'><b>clickKitchenFilter</b><br>Test class: com.propertymonitor.pages.ProjectSearchPage</td>
<td><div><pre>java.lang.AssertionError: Project count did not update after user selected the &apos;Partially equipped&apos; kitchen option
	at com.propertymonitor.pages.ProjectSearchPage.clickKitchenFilter(ProjectSearchPage.java:1288)
	at java.base/java.util.ArrayList.forEach(ArrayList.java:1511)
... Removed 26 stack frames</pre></div><a href='#' onClick='toggleBox("stack-trace630359980", this, "Click to show all stack frames", "Click to hide stack frames")'>Click to show all stack frames</a>
<div class='stack-trace' id='stack-trace630359980'><pre>java.lang.AssertionError: Project count did not update after user selected the &apos;Partially equipped&apos; kitchen option
	at org.testng.Assert.fail(Assert.java:111)
	at com.propertymonitor.pages.ProjectSearchPage.clickKitchenFilter(ProjectSearchPage.java:1288)
	at java.base/jdk.internal.reflect.DirectMethodHandleAccessor.invoke(DirectMethodHandleAccessor.java:104)
	at java.base/java.lang.reflect.Method.invoke(Method.java:578)
	at org.testng.internal.invokers.MethodInvocationHelper.invokeMethod(MethodInvocationHelper.java:141)
	at org.testng.internal.invokers.TestInvoker.invokeMethod(TestInvoker.java:687)
	at org.testng.internal.invokers.TestInvoker.invokeTestMethod(TestInvoker.java:230)
	at org.testng.internal.invokers.MethodRunner.runInSequence(MethodRunner.java:63)
	at org.testng.internal.invokers.TestInvoker$MethodInvocationAgent.invoke(TestInvoker.java:995)
	at org.testng.internal.invokers.TestInvoker.invokeTestMethods(TestInvoker.java:203)
	at org.testng.internal.invokers.TestMethodWorker.invokeTestMethods(TestMethodWorker.java:154)
	at org.testng.internal.invokers.TestMethodWorker.run(TestMethodWorker.java:134)
	at java.base/java.util.ArrayList.forEach(ArrayList.java:1511)
	at org.testng.TestRunner.privateRun(TestRunner.java:741)
	at org.testng.TestRunner.run(TestRunner.java:616)
	at org.testng.SuiteRunner.runTest(SuiteRunner.java:421)
	at org.testng.SuiteRunner.runSequentially(SuiteRunner.java:413)
	at org.testng.SuiteRunner.privateRun(SuiteRunner.java:373)
	at org.testng.SuiteRunner.run(SuiteRunner.java:312)
	at org.testng.SuiteRunnerWorker.runSuite(SuiteRunnerWorker.java:52)
	at org.testng.SuiteRunnerWorker.run(SuiteRunnerWorker.java:95)
	at org.testng.TestNG.runSuitesSequentially(TestNG.java:1274)
	at org.testng.TestNG.runSuitesLocally(TestNG.java:1208)
	at org.testng.TestNG.runSuites(TestNG.java:1112)
	at org.testng.TestNG.run(TestNG.java:1079)
	at org.testng.remote.AbstractRemoteTestNG.run(AbstractRemoteTestNG.java:115)
	at org.testng.remote.RemoteTestNG.initAndRun(RemoteTestNG.java:293)
	at org.testng.remote.RemoteTestNG.main(RemoteTestNG.java:91)
</pre></div></td>
<td>1</td>
<td>com.propertymonitor.pages.ProjectSearchPage@192c3f1e</td></tr>
</table><p>
<table width='100%' border='1' class='invocation-passed'>
<tr><td colspan='4' align='center'><b>PASSED TESTS</b></td></tr>
<tr><td><b>Test method</b></td>
<td><b>Attribute(s)</b></td>
<td width="30%"><b>Exception</b></td>
<td width="10%"><b>Time (seconds)</b></td>
<td><b>Instance</b></td>
</tr>
<tr>
<td title='com.propertymonitor.pages.ProjectSearchPage.unSelectheightClassFilter()'><b>unSelectheightClassFilter</b><br>Test class: com.propertymonitor.pages.ProjectSearchPage</td>
<td></td>
<td>2</td>
<td>com.propertymonitor.pages.ProjectSearchPage@192c3f1e</td></tr>
<tr>
<td title='com.propertymonitor.pages.ProjectSearchPage.uncheckUpcomingSaleStatus()'><b>uncheckUpcomingSaleStatus</b><br>Test class: com.propertymonitor.pages.ProjectSearchPage</td>
<td></td>
<td>6</td>
<td>com.propertymonitor.pages.ProjectSearchPage@192c3f1e</td></tr>
<tr>
<td title='com.propertymonitor.pages.ProjectSearchPage.selectUpcomingSaleStatus()'><b>selectUpcomingSaleStatus</b><br>Test class: com.propertymonitor.pages.ProjectSearchPage</td>
<td></td>
<td>2</td>
<td>com.propertymonitor.pages.ProjectSearchPage@192c3f1e</td></tr>
<tr>
<td title='com.propertymonitor.pages.ProjectSearchPage.unSelectBrandFilter()'><b>unSelectBrandFilter</b><br>Test class: com.propertymonitor.pages.ProjectSearchPage</td>
<td></td>
<td>2</td>
<td>com.propertymonitor.pages.ProjectSearchPage@192c3f1e</td></tr>
<tr>
<td title='com.propertymonitor.pages.ProjectSearchPage.inputDownPaymentValue()'><b>inputDownPaymentValue</b><br>Test class: com.propertymonitor.pages.ProjectSearchPage</td>
<td></td>
<td>3</td>
<td>com.propertymonitor.pages.ProjectSearchPage@192c3f1e</td></tr>
<tr>
<td title='com.propertymonitor.pages.ProjectSearchPage.testClearLocationUpdatesProjectCount()'><b>testClearLocationUpdatesProjectCount</b><br>Test class: com.propertymonitor.pages.ProjectSearchPage</td>
<td></td>
<td>6</td>
<td>com.propertymonitor.pages.ProjectSearchPage@192c3f1e</td></tr>
<tr>
<td title='com.propertymonitor.pages.ProjectSearchPage.unSelectFurnishingFilter()'><b>unSelectFurnishingFilter</b><br>Test class: com.propertymonitor.pages.ProjectSearchPage</td>
<td></td>
<td>1</td>
<td>com.propertymonitor.pages.ProjectSearchPage@192c3f1e</td></tr>
<tr>
<td title='com.propertymonitor.pages.ProjectSearchPage.clickPaymentField()'><b>clickPaymentField</b><br>Test class: com.propertymonitor.pages.ProjectSearchPage</td>
<td></td>
<td>2</td>
<td>com.propertymonitor.pages.ProjectSearchPage@192c3f1e</td></tr>
<tr>
<td title='com.propertymonitor.pages.LoginPage.testValidLogin()'><b>testValidLogin</b><br>Test class: com.propertymonitor.pages.LoginPage</td>
<td></td>
<td>0</td>
<td>com.propertymonitor.pages.LoginPage@1e178745</td></tr>
<tr>
<td title='com.propertymonitor.pages.LoginPage.verifyProjectSearchPageURL()'><b>verifyProjectSearchPageURL</b><br>Test class: com.propertymonitor.pages.LoginPage</td>
<td></td>
<td>0</td>
<td>com.propertymonitor.pages.LoginPage@1e178745</td></tr>
<tr>
<td title='com.propertymonitor.pages.ProjectSearchPage.selectBedroomLabel()'><b>selectBedroomLabel</b><br>Test class: com.propertymonitor.pages.ProjectSearchPage</td>
<td></td>
<td>1</td>
<td>com.propertymonitor.pages.ProjectSearchPage@192c3f1e</td></tr>
<tr>
<td title='com.propertymonitor.pages.ProjectSearchPage.heightClassFilter()'><b>heightClassFilter</b><br>Test class: com.propertymonitor.pages.ProjectSearchPage</td>
<td></td>
<td>2</td>
<td>com.propertymonitor.pages.ProjectSearchPage@192c3f1e</td></tr>
<tr>
<td title='com.propertymonitor.pages.ProjectSearchPage.selectMultipleAmenities()'><b>selectMultipleAmenities</b><br>Test class: com.propertymonitor.pages.ProjectSearchPage</td>
<td></td>
<td>2</td>
<td>com.propertymonitor.pages.ProjectSearchPage@192c3f1e</td></tr>
<tr>
<td title='com.propertymonitor.pages.ProjectSearchPage.testSelectApartmentUnitType()'><b>testSelectApartmentUnitType</b><br>Test class: com.propertymonitor.pages.ProjectSearchPage</td>
<td></td>
<td>8</td>
<td>com.propertymonitor.pages.ProjectSearchPage@192c3f1e</td></tr>
<tr>
<td title='com.propertymonitor.pages.ProjectSearchPage.clickSelectCalendar()'><b>clickSelectCalendar</b><br>Test class: com.propertymonitor.pages.ProjectSearchPage</td>
<td></td>
<td>1</td>
<td>com.propertymonitor.pages.ProjectSearchPage@192c3f1e</td></tr>
<tr>
<td title='com.propertymonitor.pages.ProjectSearchPage.clickApplyButton()'><b>clickApplyButton</b><br>Test class: com.propertymonitor.pages.ProjectSearchPage</td>
<td></td>
<td>2</td>
<td>com.propertymonitor.pages.ProjectSearchPage@192c3f1e</td></tr>
<tr>
<td title='com.propertymonitor.pages.ProjectSearchPage.testSearchLocationUpdatesProjectCount()'><b>testSearchLocationUpdatesProjectCount</b><br>Test class: com.propertymonitor.pages.ProjectSearchPage</td>
<td></td>
<td>16</td>
<td>com.propertymonitor.pages.ProjectSearchPage@192c3f1e</td></tr>
<tr>
<td title='com.propertymonitor.pages.ProjectSearchPage.inputBrokerCommissionValue()'><b>inputBrokerCommissionValue</b><br>Test class: com.propertymonitor.pages.ProjectSearchPage</td>
<td></td>
<td>3</td>
<td>com.propertymonitor.pages.ProjectSearchPage@192c3f1e</td></tr>
<tr>
<td title='com.propertymonitor.pages.ProjectSearchPage.resetBrokerCommissionValue()'><b>resetBrokerCommissionValue</b><br>Test class: com.propertymonitor.pages.ProjectSearchPage</td>
<td></td>
<td>2</td>
<td>com.propertymonitor.pages.ProjectSearchPage@192c3f1e</td></tr>
<tr>
<td title='com.propertymonitor.pages.ProjectSearchPage.unSelectBedroomLabel()'><b>unSelectBedroomLabel</b><br>Test class: com.propertymonitor.pages.ProjectSearchPage</td>
<td></td>
<td>1</td>
<td>com.propertymonitor.pages.ProjectSearchPage@192c3f1e</td></tr>
<tr>
<td title='com.propertymonitor.pages.ProjectSearchPage.clickAdvanceFilter()'><b>clickAdvanceFilter</b><br>Test class: com.propertymonitor.pages.ProjectSearchPage</td>
<td></td>
<td>2</td>
<td>com.propertymonitor.pages.ProjectSearchPage@192c3f1e</td></tr>
<tr>
<td title='com.propertymonitor.pages.ProjectSearchPage.verifyHeatMapSelected()'><b>verifyHeatMapSelected</b><br>Test class: com.propertymonitor.pages.ProjectSearchPage</td>
<td></td>
<td>1</td>
<td>com.propertymonitor.pages.ProjectSearchPage@192c3f1e</td></tr>
<tr>
<td title='com.propertymonitor.pages.ProjectSearchPage.inputMinMaxCompletionPercentage()'><b>inputMinMaxCompletionPercentage</b><br>Test class: com.propertymonitor.pages.ProjectSearchPage</td>
<td></td>
<td>2</td>
<td>com.propertymonitor.pages.ProjectSearchPage@192c3f1e</td></tr>
<tr>
<td title='com.propertymonitor.pages.ProjectSearchPage.clickUnSelectSalesStartDate()'><b>clickUnSelectSalesStartDate</b><br>Test class: com.propertymonitor.pages.ProjectSearchPage</td>
<td></td>
<td>0</td>
<td>com.propertymonitor.pages.ProjectSearchPage@192c3f1e</td></tr>
<tr>
<td title='com.propertymonitor.pages.ProjectSearchPage.clickSearchDeveloper()'><b>clickSearchDeveloper</b><br>Test class: com.propertymonitor.pages.ProjectSearchPage</td>
<td></td>
<td>19</td>
<td>com.propertymonitor.pages.ProjectSearchPage@192c3f1e</td></tr>
<tr>
<td title='com.propertymonitor.pages.ProjectSearchPage.resetBuiltupValue()'><b>resetBuiltupValue</b><br>Test class: com.propertymonitor.pages.ProjectSearchPage</td>
<td></td>
<td>1</td>
<td>com.propertymonitor.pages.ProjectSearchPage@192c3f1e</td></tr>
<tr>
<td title='com.propertymonitor.pages.ProjectSearchPage.resetPlotAreaValue()'><b>resetPlotAreaValue</b><br>Test class: com.propertymonitor.pages.ProjectSearchPage</td>
<td></td>
<td>1</td>
<td>com.propertymonitor.pages.ProjectSearchPage@192c3f1e</td></tr>
<tr>
<td title='com.propertymonitor.pages.ProjectSearchPage.clickResetFilter()'><b>clickResetFilter</b><br>Test class: com.propertymonitor.pages.ProjectSearchPage</td>
<td></td>
<td>1</td>
<td>com.propertymonitor.pages.ProjectSearchPage@192c3f1e</td></tr>
<tr>
<td title='com.propertymonitor.pages.ProjectSearchPage.resetMinMaxCompletionPercentage()'><b>resetMinMaxCompletionPercentage</b><br>Test class: com.propertymonitor.pages.ProjectSearchPage</td>
<td></td>
<td>3</td>
<td>com.propertymonitor.pages.ProjectSearchPage@192c3f1e</td></tr>
<tr>
<td title='com.propertymonitor.pages.ProjectSearchPage.selectBrandFilter()'><b>selectBrandFilter</b><br>Test class: com.propertymonitor.pages.ProjectSearchPage</td>
<td></td>
<td>3</td>
<td>com.propertymonitor.pages.ProjectSearchPage@192c3f1e</td></tr>
<tr>
<td title='com.propertymonitor.pages.ProjectSearchPage.testUnselectApartmentUnitType()'><b>testUnselectApartmentUnitType</b><br>Test class: com.propertymonitor.pages.ProjectSearchPage</td>
<td></td>
<td>6</td>
<td>com.propertymonitor.pages.ProjectSearchPage@192c3f1e</td></tr>
</table><p>
</body>
</html>