<?xml version="1.0" encoding="UTF-8"?>
<!-- Generated by org.testng.reporters.JUnitXMLReporter -->
<testsuite ignored="2" hostname="DESKTOP-Q2OHRB1" failures="12" tests="43" name="Regression Tests" time="153.391" errors="0" timestamp="2025-05-16T23:16:01 IST">
  <testcase classname="com.propertymonitor.pages.LoginPage" name="testValidLogin" time="0.037"/>
  <testcase classname="com.propertymonitor.pages.LoginPage" name="verifyProjectSearchPageURL" time="0.025"/>
  <testcase classname="com.propertymonitor.pages.ProjectSearchPage" name="testSearchLocationUpdatesProjectCount" time="16.134"/>
  <testcase classname="com.propertymonitor.pages.ProjectSearchPage" name="testClearLocationUpdatesProjectCount" time="6.574"/>
  <testcase classname="com.propertymonitor.pages.ProjectSearchPage" name="testSelectApartmentUnitType" time="8.19"/>
  <testcase classname="com.propertymonitor.pages.ProjectSearchPage" name="testUnselectApartmentUnitType" time="6.736"/>
  <testcase classname="com.propertymonitor.pages.ProjectSearchPage" name="uncheckUpcomingSaleStatus" time="6.872"/>
  <testcase classname="com.propertymonitor.pages.ProjectSearchPage" name="selectUpcomingSaleStatus" time="2.673"/>
  <testcase classname="com.propertymonitor.pages.ProjectSearchPage" name="clickSearchDeveloper" time="19.9"/>
  <testcase classname="com.propertymonitor.pages.ProjectSearchPage" name="clickAdvanceFilter" time="2.025"/>
  <testcase classname="com.propertymonitor.pages.ProjectSearchPage" name="selectConstructionStatus" time="2.52">
    <failure type="java.lang.AssertionError" message="Project count did not update after selecting an upcoming construction status.">
      <![CDATA[java.lang.AssertionError: Project count did not update after selecting an upcoming construction status.
at com.propertymonitor.pages.ProjectSearchPage.selectConstructionStatus(ProjectSearchPage.java:427)
at java.base/java.util.ArrayList.forEach(ArrayList.java:1511)
... Removed 26 stack frames]]>
    </failure>
  </testcase> <!-- selectConstructionStatus -->
  <testcase classname="com.propertymonitor.pages.ProjectSearchPage" name="clickSelectCalendar" time="1.972"/>
  <testcase classname="com.propertymonitor.pages.ProjectSearchPage" name="clickUnSelectCalendar" time="0.641">
    <failure type="java.lang.AssertionError" message="Project count did not update after Click on the close icon to Reset the Selected completion Date.">
      <![CDATA[java.lang.AssertionError: Project count did not update after Click on the close icon to Reset the Selected completion Date.
at com.propertymonitor.pages.ProjectSearchPage.clickUnSelectCalendar(ProjectSearchPage.java:491)
at java.base/java.util.ArrayList.forEach(ArrayList.java:1511)
... Removed 26 stack frames]]>
    </failure>
  </testcase> <!-- clickUnSelectCalendar -->
  <testcase classname="com.propertymonitor.pages.ProjectSearchPage" name="clickSelectSalesStartDate" time="1.47">
    <failure type="org.openqa.selenium.StaleElementReferenceException" message="The element with the reference 98346291-0e28-4d8e-9f2b-5bbb39e7635d is stale; either its node document is not the active document, or it is no longer connected to the DOM
For documentation on this error, please visit: https://www.selenium.dev/documentation/webdriver/troubleshooting/errors#stale-element-reference-exception
Build info: version: &amp;apos;4.17.0&amp;apos;, revision: &amp;apos;e52b1be057*&amp;apos;
System info: os.name: &amp;apos;Windows 10&amp;apos;, os.arch: &amp;apos;amd64&amp;apos;, os.version: &amp;apos;10.0&amp;apos;, java.version: &amp;apos;19.0.2&amp;apos;
Driver info: org.openqa.selenium.firefox.FirefoxDriver
Command: [50c3b3d7-a933-44d0-a567-c272e12af785, getElementText {id=98346291-0e28-4d8e-9f2b-5bbb39e7635d}]
Capabilities {acceptInsecureCerts: true, browserName: firefox, browserVersion: 138.0.1, moz:accessibilityChecks: false, moz:buildID: 20250430203103, moz:geckodriverVersion: 0.36.0, moz:headless: false, moz:platformVersion: 10.0, moz:processID: 9728, moz:profile: C:\Users\admin\AppData\Loca..., moz:shutdownTimeout: 60000, moz:webdriverClick: true, moz:windowless: false, pageLoadStrategy: normal, platformName: windows, proxy: Proxy(), setWindowRect: true, strictFileInteractability: false, timeouts: {implicit: 0, pageLoad: 300000, script: 30000}, unhandledPromptBehavior: dismiss and notify, userAgent: Mozilla/5.0 (Windows NT 10....}
Element: [[FirefoxDriver: firefox on windows (50c3b3d7-a933-44d0-a567-c272e12af785)] -&amp;gt; xpath: //p[contains(@class, &amp;apos;chakra-text&amp;apos;) and contains(text(), &amp;apos;project&amp;apos;)]]
Session ID: 50c3b3d7-a933-44d0-a567-c272e12af785">
      <![CDATA[org.openqa.selenium.StaleElementReferenceException: The element with the reference 98346291-0e28-4d8e-9f2b-5bbb39e7635d is stale; either its node document is not the active document, or it is no longer connected to the DOM
For documentation on this error, please visit: https://www.selenium.dev/documentation/webdriver/troubleshooting/errors#stale-element-reference-exception
Build info: version: '4.17.0', revision: 'e52b1be057*'
System info: os.name: 'Windows 10', os.arch: 'amd64', os.version: '10.0', java.version: '19.0.2'
Driver info: org.openqa.selenium.firefox.FirefoxDriver
Command: [50c3b3d7-a933-44d0-a567-c272e12af785, getElementText {id=98346291-0e28-4d8e-9f2b-5bbb39e7635d}]
Capabilities {acceptInsecureCerts: true, browserName: firefox, browserVersion: 138.0.1, moz:accessibilityChecks: false, moz:buildID: 20250430203103, moz:geckodriverVersion: 0.36.0, moz:headless: false, moz:platformVersion: 10.0, moz:processID: 9728, moz:profile: C:\Users\admin\AppData\Loca..., moz:shutdownTimeout: 60000, moz:webdriverClick: true, moz:windowless: false, pageLoadStrategy: normal, platformName: windows, proxy: Proxy(), setWindowRect: true, strictFileInteractability: false, timeouts: {implicit: 0, pageLoad: 300000, script: 30000}, unhandledPromptBehavior: dismiss and notify, userAgent: Mozilla/5.0 (Windows NT 10....}
Element: [[FirefoxDriver: firefox on windows (50c3b3d7-a933-44d0-a567-c272e12af785)] -> xpath: //p[contains(@class, 'chakra-text') and contains(text(), 'project')]]
Session ID: 50c3b3d7-a933-44d0-a567-c272e12af785
at org.openqa.selenium.remote.codec.w3c.W3CHttpResponseCodec.createException(W3CHttpResponseCodec.java:185)
at org.openqa.selenium.remote.codec.w3c.W3CHttpResponseCodec.decode(W3CHttpResponseCodec.java:134)
at org.openqa.selenium.remote.codec.w3c.W3CHttpResponseCodec.decode(W3CHttpResponseCodec.java:51)
at org.openqa.selenium.remote.HttpCommandExecutor.execute(HttpCommandExecutor.java:190)
at org.openqa.selenium.remote.service.DriverCommandExecutor.invokeExecute(DriverCommandExecutor.java:216)
at org.openqa.selenium.remote.service.DriverCommandExecutor.execute(DriverCommandExecutor.java:174)
at org.openqa.selenium.remote.RemoteWebDriver.execute(RemoteWebDriver.java:519)
at org.openqa.selenium.remote.RemoteWebElement.execute(RemoteWebElement.java:223)
at org.openqa.selenium.remote.RemoteWebElement.getText(RemoteWebElement.java:191)
at com.propertymonitor.pages.ProjectSearchPage.getProjectCount(ProjectSearchPage.java:1438)
at com.propertymonitor.pages.ProjectSearchPage.clickSelectSalesStartDate(ProjectSearchPage.java:518)
at java.base/java.util.ArrayList.forEach(ArrayList.java:1511)
... Removed 28 stack frames]]>
    </failure>
  </testcase> <!-- clickSelectSalesStartDate -->
  <testcase classname="com.propertymonitor.pages.ProjectSearchPage" name="clickUnSelectSalesStartDate" time="0.676"/>
  <testcase classname="com.propertymonitor.pages.ProjectSearchPage" name="inputMinMaxCompletionPercentage" time="2.499"/>
  <testcase classname="com.propertymonitor.pages.ProjectSearchPage" name="resetMinMaxCompletionPercentage" time="3.37"/>
  <testcase classname="com.propertymonitor.pages.ProjectSearchPage" name="selectBedroomLabel" time="1.167"/>
  <testcase classname="com.propertymonitor.pages.ProjectSearchPage" name="unSelectBedroomLabel" time="1.175"/>
  <testcase classname="com.propertymonitor.pages.ProjectSearchPage" name="inputBuiltupValue" time="3.044">
    <failure type="java.lang.AssertionError" message="Project count did not update after user input Min and Max value on the Built up area">
      <![CDATA[java.lang.AssertionError: Project count did not update after user input Min and Max value on the Built up area
at com.propertymonitor.pages.ProjectSearchPage.inputBuiltupValue(ProjectSearchPage.java:706)
at java.base/java.util.ArrayList.forEach(ArrayList.java:1511)
... Removed 26 stack frames]]>
    </failure>
  </testcase> <!-- inputBuiltupValue -->
  <testcase classname="com.propertymonitor.pages.ProjectSearchPage" name="inputPlotAreaValue" time="3.099">
    <failure type="java.lang.AssertionError" message="Project count did not update after user input Min and Max value on the plot area">
      <![CDATA[java.lang.AssertionError: Project count did not update after user input Min and Max value on the plot area
at com.propertymonitor.pages.ProjectSearchPage.inputPlotAreaValue(ProjectSearchPage.java:769)
at java.base/java.util.ArrayList.forEach(ArrayList.java:1511)
... Removed 26 stack frames]]>
    </failure>
  </testcase> <!-- inputPlotAreaValue -->
  <testcase classname="com.propertymonitor.pages.ProjectSearchPage" name="resetBuiltupValue" time="1.904"/>
  <testcase classname="com.propertymonitor.pages.ProjectSearchPage" name="resetPlotAreaValue" time="1.81"/>
  <testcase classname="com.propertymonitor.pages.ProjectSearchPage" name="inputDownPaymentValue" time="3.469"/>
  <testcase classname="com.propertymonitor.pages.ProjectSearchPage" name="resetDownPaymentValue" time="1.465">
    <failure type="java.lang.AssertionError" message="Project count did not update after user Reset Min and Max value of down payment percentage">
      <![CDATA[java.lang.AssertionError: Project count did not update after user Reset Min and Max value of down payment percentage
at com.propertymonitor.pages.ProjectSearchPage.resetDownPaymentValue(ProjectSearchPage.java:865)
at java.base/java.util.ArrayList.forEach(ArrayList.java:1511)
... Removed 26 stack frames]]>
    </failure>
  </testcase> <!-- resetDownPaymentValue -->
  <testcase classname="com.propertymonitor.pages.ProjectSearchPage" name="clickPaymentField" time="2.146"/>
  <testcase classname="com.propertymonitor.pages.ProjectSearchPage" name="unSelectPaymentField" time="1.331">
    <failure type="java.lang.AssertionError" message="Project count did not update after user unselected the &amp;apos;On Completion&amp;apos; payment plan">
      <![CDATA[java.lang.AssertionError: Project count did not update after user unselected the 'On Completion' payment plan
at com.propertymonitor.pages.ProjectSearchPage.unSelectPaymentField(ProjectSearchPage.java:930)
at java.base/java.util.ArrayList.forEach(ArrayList.java:1511)
... Removed 26 stack frames]]>
    </failure>
  </testcase> <!-- unSelectPaymentField -->
  <testcase classname="com.propertymonitor.pages.ProjectSearchPage" name="clickSelectDld" time="0.165">
    <failure type="org.openqa.selenium.StaleElementReferenceException" message="The element with the reference ba9dc67d-b9eb-464d-a7bd-90819b7be5de is stale; either its node document is not the active document, or it is no longer connected to the DOM
For documentation on this error, please visit: https://www.selenium.dev/documentation/webdriver/troubleshooting/errors#stale-element-reference-exception
Build info: version: &amp;apos;4.17.0&amp;apos;, revision: &amp;apos;e52b1be057*&amp;apos;
System info: os.name: &amp;apos;Windows 10&amp;apos;, os.arch: &amp;apos;amd64&amp;apos;, os.version: &amp;apos;10.0&amp;apos;, java.version: &amp;apos;19.0.2&amp;apos;
Driver info: org.openqa.selenium.firefox.FirefoxDriver
Command: [50c3b3d7-a933-44d0-a567-c272e12af785, getElementText {id=ba9dc67d-b9eb-464d-a7bd-90819b7be5de}]
Capabilities {acceptInsecureCerts: true, browserName: firefox, browserVersion: 138.0.1, moz:accessibilityChecks: false, moz:buildID: 20250430203103, moz:geckodriverVersion: 0.36.0, moz:headless: false, moz:platformVersion: 10.0, moz:processID: 9728, moz:profile: C:\Users\admin\AppData\Loca..., moz:shutdownTimeout: 60000, moz:webdriverClick: true, moz:windowless: false, pageLoadStrategy: normal, platformName: windows, proxy: Proxy(), setWindowRect: true, strictFileInteractability: false, timeouts: {implicit: 0, pageLoad: 300000, script: 30000}, unhandledPromptBehavior: dismiss and notify, userAgent: Mozilla/5.0 (Windows NT 10....}
Element: [[FirefoxDriver: firefox on windows (50c3b3d7-a933-44d0-a567-c272e12af785)] -&amp;gt; xpath: //p[contains(@class, &amp;apos;chakra-text&amp;apos;) and contains(text(), &amp;apos;project&amp;apos;)]]
Session ID: 50c3b3d7-a933-44d0-a567-c272e12af785">
      <![CDATA[org.openqa.selenium.StaleElementReferenceException: The element with the reference ba9dc67d-b9eb-464d-a7bd-90819b7be5de is stale; either its node document is not the active document, or it is no longer connected to the DOM
For documentation on this error, please visit: https://www.selenium.dev/documentation/webdriver/troubleshooting/errors#stale-element-reference-exception
Build info: version: '4.17.0', revision: 'e52b1be057*'
System info: os.name: 'Windows 10', os.arch: 'amd64', os.version: '10.0', java.version: '19.0.2'
Driver info: org.openqa.selenium.firefox.FirefoxDriver
Command: [50c3b3d7-a933-44d0-a567-c272e12af785, getElementText {id=ba9dc67d-b9eb-464d-a7bd-90819b7be5de}]
Capabilities {acceptInsecureCerts: true, browserName: firefox, browserVersion: 138.0.1, moz:accessibilityChecks: false, moz:buildID: 20250430203103, moz:geckodriverVersion: 0.36.0, moz:headless: false, moz:platformVersion: 10.0, moz:processID: 9728, moz:profile: C:\Users\admin\AppData\Loca..., moz:shutdownTimeout: 60000, moz:webdriverClick: true, moz:windowless: false, pageLoadStrategy: normal, platformName: windows, proxy: Proxy(), setWindowRect: true, strictFileInteractability: false, timeouts: {implicit: 0, pageLoad: 300000, script: 30000}, unhandledPromptBehavior: dismiss and notify, userAgent: Mozilla/5.0 (Windows NT 10....}
Element: [[FirefoxDriver: firefox on windows (50c3b3d7-a933-44d0-a567-c272e12af785)] -> xpath: //p[contains(@class, 'chakra-text') and contains(text(), 'project')]]
Session ID: 50c3b3d7-a933-44d0-a567-c272e12af785
at org.openqa.selenium.remote.codec.w3c.W3CHttpResponseCodec.createException(W3CHttpResponseCodec.java:185)
at org.openqa.selenium.remote.codec.w3c.W3CHttpResponseCodec.decode(W3CHttpResponseCodec.java:134)
at org.openqa.selenium.remote.codec.w3c.W3CHttpResponseCodec.decode(W3CHttpResponseCodec.java:51)
at org.openqa.selenium.remote.HttpCommandExecutor.execute(HttpCommandExecutor.java:190)
at org.openqa.selenium.remote.service.DriverCommandExecutor.invokeExecute(DriverCommandExecutor.java:216)
at org.openqa.selenium.remote.service.DriverCommandExecutor.execute(DriverCommandExecutor.java:174)
at org.openqa.selenium.remote.RemoteWebDriver.execute(RemoteWebDriver.java:519)
at org.openqa.selenium.remote.RemoteWebElement.execute(RemoteWebElement.java:223)
at org.openqa.selenium.remote.RemoteWebElement.getText(RemoteWebElement.java:191)
at com.propertymonitor.pages.ProjectSearchPage.getProjectCount(ProjectSearchPage.java:1438)
at com.propertymonitor.pages.ProjectSearchPage.clickSelectDld(ProjectSearchPage.java:942)
at java.base/java.util.ArrayList.forEach(ArrayList.java:1511)
... Removed 28 stack frames]]>
    </failure>
  </testcase> <!-- clickSelectDld -->
  <testcase classname="com.propertymonitor.pages.ProjectSearchPage" name="unSelectDld" time="1.92">
    <failure type="java.lang.AssertionError" message="Project count did not update after user unselected 50% DLD transfer fee">
      <![CDATA[java.lang.AssertionError: Project count did not update after user unselected 50% DLD transfer fee
at com.propertymonitor.pages.ProjectSearchPage.unSelectDld(ProjectSearchPage.java:993)
at java.base/java.util.ArrayList.forEach(ArrayList.java:1511)
... Removed 26 stack frames]]>
    </failure>
  </testcase> <!-- unSelectDld -->
  <testcase classname="com.propertymonitor.pages.ProjectSearchPage" name="inputBrokerCommissionValue" time="3.197"/>
  <testcase classname="com.propertymonitor.pages.ProjectSearchPage" name="resetBrokerCommissionValue" time="2.495"/>
  <testcase classname="com.propertymonitor.pages.ProjectSearchPage" name="heightClassFilter" time="2.316"/>
  <testcase classname="com.propertymonitor.pages.ProjectSearchPage" name="unSelectheightClassFilter" time="2.199"/>
  <testcase classname="com.propertymonitor.pages.ProjectSearchPage" name="selectBrandFilter" time="3.038"/>
  <testcase classname="com.propertymonitor.pages.ProjectSearchPage" name="unSelectBrandFilter" time="2.48"/>
  <testcase classname="com.propertymonitor.pages.ProjectSearchPage" name="clickFurnishingFilter" time="1.847">
    <failure type="java.lang.AssertionError" message="Project count did not update after user selected the &amp;apos;Partially Furnished&amp;apos; option">
      <![CDATA[java.lang.AssertionError: Project count did not update after user selected the 'Partially Furnished' option
at com.propertymonitor.pages.ProjectSearchPage.clickFurnishingFilter(ProjectSearchPage.java:1226)
at java.base/java.util.ArrayList.forEach(ArrayList.java:1511)
... Removed 26 stack frames]]>
    </failure>
  </testcase> <!-- clickFurnishingFilter -->
  <testcase classname="com.propertymonitor.pages.ProjectSearchPage" name="unSelectFurnishingFilter" time="1.597"/>
  <testcase classname="com.propertymonitor.pages.ProjectSearchPage" name="clickKitchenFilter" time="1.617">
    <failure type="java.lang.AssertionError" message="Project count did not update after user selected the &amp;apos;Partially equipped&amp;apos; kitchen option">
      <![CDATA[java.lang.AssertionError: Project count did not update after user selected the 'Partially equipped' kitchen option
at com.propertymonitor.pages.ProjectSearchPage.clickKitchenFilter(ProjectSearchPage.java:1288)
at java.base/java.util.ArrayList.forEach(ArrayList.java:1511)
... Removed 26 stack frames]]>
    </failure>
  </testcase> <!-- clickKitchenFilter -->
  <testcase classname="com.propertymonitor.pages.ProjectSearchPage" name="unSelectKitchenFilter" time="1.886">
    <failure type="java.lang.AssertionError" message="Project count did not update after user unselected the &amp;apos;Partially equipped&amp;apos; kitchen option">
      <![CDATA[java.lang.AssertionError: Project count did not update after user unselected the 'Partially equipped' kitchen option
at com.propertymonitor.pages.ProjectSearchPage.unSelectKitchenFilter(ProjectSearchPage.java:1319)
at java.base/java.util.ArrayList.forEach(ArrayList.java:1511)
... Removed 26 stack frames]]>
    </failure>
  </testcase> <!-- unSelectKitchenFilter -->
  <testcase classname="com.propertymonitor.pages.ProjectSearchPage" name="selectMultipleAmenities" time="2.567"/>
  <testcase classname="com.propertymonitor.pages.ProjectSearchPage" name="clickResetFilter" time="1.536"/>
  <testcase classname="com.propertymonitor.pages.ProjectSearchPage" name="clickApplyButton" time="2.815"/>
  <testcase classname="com.propertymonitor.pages.ProjectSearchPage" name="verifyHeatMapSelected" time="1.654"/>
  <testcase classname="com.propertymonitor.base.BaseTest" name="@BeforeSuite initializeDriver" time="0.0">
    <ignored/>
  </testcase> <!-- @BeforeSuite initializeDriver -->
  <testcase classname="com.propertymonitor.base.BaseTest" name="@BeforeSuite initializeDriver" time="0.0">
    <ignored/>
  </testcase> <!-- @BeforeSuite initializeDriver -->
</testsuite> <!-- Regression Tests -->
